TID: [-1234] [] [2021-05-14 19:33:10,004]  INFO {org.wso2.carbon.core.internal.CarbonCoreActivator} - Starting WSO2 Carbon...
TID: [-1234] [] [2021-05-14 19:33:10,031]  INFO {org.wso2.carbon.core.internal.CarbonCoreActivator} - Operating System : Linux 5.11.0-17-generic, amd64
TID: [-1234] [] [2021-05-14 19:33:10,033]  INFO {org.wso2.carbon.core.internal.CarbonCoreActivator} - Java Home        : /usr/lib/jvm/java-11-openjdk-amd64
TID: [-1234] [] [2021-05-14 19:33:10,035]  INFO {org.wso2.carbon.core.internal.CarbonCoreActivator} - Java Version     : 11.0.11
TID: [-1234] [] [2021-05-14 19:33:10,037]  INFO {org.wso2.carbon.core.internal.CarbonCoreActivator} - Java VM          : OpenJDK 64-Bit Server VM 11.0.11+9-Ubuntu-0ubuntu2,Ubuntu
TID: [-1234] [] [2021-05-14 19:33:10,038]  INFO {org.wso2.carbon.core.internal.CarbonCoreActivator} - Carbon Home      : /home/akila/Work/tutorials/WSO2-ESB/ESB/wso2ei-6.6.0
TID: [-1234] [] [2021-05-14 19:33:10,041]  INFO {org.wso2.carbon.core.internal.CarbonCoreActivator} - Java Temp Dir    : /home/akila/Work/tutorials/WSO2-ESB/ESB/wso2ei-6.6.0/wso2/tmp
TID: [-1234] [] [2021-05-14 19:33:10,042]  INFO {org.wso2.carbon.core.internal.CarbonCoreActivator} - User             : akila, en-US, Asia/Colombo
TID: [-1] [] [2021-05-14 19:33:10,306]  INFO {org.wso2.carbon.crypto.provider.internal.DefaultCryptoProviderComponent} - 'CryptoService.Secret' property has not been set. 'org.wso2.carbon.crypto.provider.SymmetricKeyInternalCryptoProvider' won't be registered as an internal crypto provider. Please set the secret if the provider needs to be registered.
TID: [-1] [] [2021-05-14 19:33:10,326]  INFO {org.wso2.carbon.dataservices.google.tokengen.servlet.internal.GoogleTokenGenDSComponent} - Activating GoogleTokengen DS component
TID: [-1] [] [2021-05-14 19:33:10,524]  INFO {org.wso2.carbon.event.output.adapter.kafka.internal.ds.KafkaEventAdapterServiceDS} - Successfully deployed the Kafka output event adaptor service
TID: [-1234] [] [2021-05-14 19:33:13,791]  INFO {org.wso2.carbon.registry.core.jdbc.EmbeddedRegistryService} - Configured Registry in 55ms
TID: [-1234] [] [2021-05-14 19:33:13,857]  INFO {org.wso2.carbon.registry.core.internal.RegistryCoreServiceComponent} - Registry Mode    : READ-WRITE
TID: [-1234] [] [2021-05-14 19:33:15,668]  INFO {org.wso2.carbon.registry.indexing.solr.SolrClient} - Default Embedded Solr Server Initialized
TID: [-1234] [] [2021-05-14 19:33:16,060]  INFO {org.wso2.carbon.user.core.internal.UserStoreMgtDSComponent} - Carbon UserStoreMgtDSComponent activated successfully.
TID: [-1234] [] [2021-05-14 19:33:17,493]  INFO {org.wso2.carbon.identity.user.store.configuration.deployer.UserStoreConfigurationDeployer} - User Store Configuration Deployer initiated.
TID: [-1234] [] [2021-05-14 19:33:17,494]  INFO {org.wso2.carbon.identity.user.store.configuration.deployer.UserStoreConfigurationDeployer} - User Store Configuration Deployer initiated.
TID: [-1234] [] [2021-05-14 19:33:18,387]  INFO {org.apache.synapse.transport.vfs.VFSTransportSender} - VFS Sender started
TID: [-1234] [] [2021-05-14 19:33:18,429]  INFO {org.apache.synapse.transport.passthru.PassThroughHttpSender} - Initializing Pass-through HTTP/S Sender...
TID: [-1234] [] [2021-05-14 19:33:18,475]  INFO {org.apache.synapse.transport.passthru.PassThroughHttpSender} - Pass-through HTTP Sender started...
TID: [-1234] [] [2021-05-14 19:33:18,476]  INFO {org.apache.synapse.transport.passthru.PassThroughHttpSSLSender} - Initializing Pass-through HTTP/S Sender...
TID: [-1234] [] [2021-05-14 19:33:18,497]  INFO {org.apache.synapse.transport.passthru.PassThroughHttpSSLSender} - Pass-through HTTPS Sender started...
TID: [-1234] [] [2021-05-14 19:33:18,537]  INFO {org.apache.synapse.transport.passthru.PassThroughHttpListener} - Initializing Pass-through HTTP/S Listener...
TID: [-1234] [] [2021-05-14 19:33:18,564]  INFO {org.apache.synapse.transport.passthru.PassThroughHttpSSLListener} - Initializing Pass-through HTTP/S Listener...
TID: [-1234] [wso2carbon-sts] [2021-05-14 19:33:24,676]  INFO {org.wso2.carbon.core.deployment.DeploymentInterceptor} - Deploying Axis2 service: wso2carbon-sts {super-tenant}
TID: [-1234] [] [2021-05-14 19:33:25,484]  INFO {org.wso2.carbon.core.init.CarbonServerManager} - Repository       : /home/akila/Work/tutorials/WSO2-ESB/ESB/wso2ei-6.6.0/repository/deployment/server/
TID: [-1234] [] [2021-05-14 19:33:25,577]  INFO {org.wso2.carbon.core.multitenancy.eager.TenantLoadingConfig} - Using tenant lazy loading policy...
TID: [-1234] [] [2021-05-14 19:33:25,591]  INFO {org.wso2.carbon.core.internal.permission.update.PermissionUpdater} - Permission cache updated for tenant -1234
TID: [-1234] [] [2021-05-14 19:33:25,989]  INFO {org.wso2.carbon.rule.kernel.internal.ds.RuleEngineConfigDS} - Successfully registered the Rule Config service
TID: [-1234] [] [2021-05-14 19:33:26,631]  INFO {org.wso2.carbon.mediation.initializer.ServiceBusInitializer} - Starting ESB...
TID: [-1234] [] [2021-05-14 19:33:26,675]  INFO {org.wso2.carbon.mediation.initializer.ServiceBusInitializer} - Initializing Apache Synapse...
TID: [-1234] [] [2021-05-14 19:33:26,681]  INFO {org.apache.synapse.SynapseControllerFactory} - Using Synapse home : /home/akila/Work/tutorials/WSO2-ESB/ESB/wso2ei-6.6.0/.
TID: [-1234] [] [2021-05-14 19:33:26,682]  INFO {org.apache.synapse.SynapseControllerFactory} - Using synapse.xml location : /home/akila/Work/tutorials/WSO2-ESB/ESB/wso2ei-6.6.0/././repository/deployment/server/synapse-configs/default
TID: [-1234] [] [2021-05-14 19:33:26,683]  INFO {org.apache.synapse.SynapseControllerFactory} - Using server name : localhost
TID: [-1234] [] [2021-05-14 19:33:26,688]  INFO {org.apache.synapse.SynapseControllerFactory} - The timeout handler will run every : 15s
TID: [-1234] [] [2021-05-14 19:33:26,728]  INFO {org.apache.synapse.Axis2SynapseController} - Initializing Synapse at : Fri May 14 19:33:26 IST 2021
TID: [-1234] [] [2021-05-14 19:33:26,741]  INFO {org.wso2.carbon.mediation.initializer.CarbonSynapseController} - Loading the mediation configuration from the file system
TID: [-1234] [] [2021-05-14 19:33:26,745]  INFO {org.apache.synapse.config.xml.MultiXMLConfigurationBuilder} - Building synapse configuration from the synapse artifact repository at : ././repository/deployment/server/synapse-configs/default
TID: [-1234] [] [2021-05-14 19:33:26,752]  INFO {org.apache.synapse.config.xml.XMLConfigurationBuilder} - Generating the Synapse configuration model by parsing the XML configuration
TID: [-1234] [] [2021-05-14 19:33:26,997]  INFO {org.wso2.carbon.mediation.dependency.mgt.DependencyTracker} - Sequence : fault was added to the Synapse configuration successfully
TID: [-1234] [] [2021-05-14 19:33:27,004]  INFO {org.wso2.carbon.mediation.dependency.mgt.DependencyTracker} - Sequence : main was added to the Synapse configuration successfully
TID: [-1234] [] [2021-05-14 19:33:27,005]  INFO {org.apache.synapse.config.SynapseConfigurationBuilder} - Loaded Synapse configuration from the artifact repository at : ././repository/deployment/server/synapse-configs/default
TID: [-1234] [] [2021-05-14 19:33:27,007]  INFO {org.wso2.carbon.mediation.dependency.mgt.DependencyTracker} - Local entry : SERVER_HOST was added to the Synapse configuration successfully
TID: [-1234] [] [2021-05-14 19:33:27,008]  INFO {org.wso2.carbon.mediation.dependency.mgt.DependencyTracker} - Local entry : SERVER_IP was added to the Synapse configuration successfully
TID: [-1234] [] [2021-05-14 19:33:27,155]  INFO {org.apache.synapse.Axis2SynapseController} - Loading mediator extensions...
TID: [-1234] [echo] [2021-05-14 19:33:27,201]  INFO {org.wso2.carbon.core.deployment.DeploymentInterceptor} - Deploying Axis2 service: echo {super-tenant}
TID: [-1234] [Version] [2021-05-14 19:33:27,246]  INFO {org.wso2.carbon.core.deployment.DeploymentInterceptor} - Deploying Axis2 service: Version {super-tenant}
TID: [-1234] [] [2021-05-14 19:33:27,255]  INFO {org.wso2.carbon.event.publisher.core.EventPublisherDeployer} - Event Publisher deployment held back and in inactive state :MessageFlowConfigurationPublisher.xml, Stream validation exception : Stream org.wso2.esb.analytics.stream.ConfigEntry:1.0.0 does not exist
TID: [-1234] [] [2021-05-14 19:33:27,257]  INFO {org.wso2.carbon.event.publisher.core.EventPublisherDeployer} - Event Publisher deployment held back and in inactive state :MessageFlowStatisticsPublisher.xml, Stream validation exception : Stream org.wso2.esb.analytics.stream.FlowEntry:1.0.0 does not exist
TID: [-1234] [] [2021-05-14 19:33:27,322]  INFO {org.wso2.carbon.event.publisher.core.EventPublisherDeployer} - Event Publisher undeployed successfully : MessageFlowConfigurationPublisher.xml
TID: [-1234] [] [2021-05-14 19:33:27,412]  INFO {org.wso2.carbon.event.stream.core.internal.EventJunction} - WSO2EventConsumer added to the junction. Stream:org.wso2.esb.analytics.stream.ConfigEntry:1.0.0
TID: [-1234] [] [2021-05-14 19:33:27,416]  INFO {org.wso2.carbon.event.publisher.core.EventPublisherDeployer} - Event Publisher configuration successfully deployed and in active state : MessageFlowConfigurationPublisher
TID: [-1234] [] [2021-05-14 19:33:27,417]  INFO {org.wso2.carbon.event.stream.core.EventStreamDeployer} - Stream definition is deployed successfully  : org.wso2.esb.analytics.stream.ConfigEntry:1.0.0
TID: [-1234] [] [2021-05-14 19:33:27,420]  INFO {org.wso2.carbon.event.publisher.core.EventPublisherDeployer} - Event Publisher undeployed successfully : MessageFlowStatisticsPublisher.xml
TID: [-1234] [] [2021-05-14 19:33:27,461]  INFO {org.wso2.carbon.event.stream.core.internal.EventJunction} - WSO2EventConsumer added to the junction. Stream:org.wso2.esb.analytics.stream.FlowEntry:1.0.0
TID: [-1234] [] [2021-05-14 19:33:27,462]  INFO {org.wso2.carbon.event.publisher.core.EventPublisherDeployer} - Event Publisher configuration successfully deployed and in active state : MessageFlowStatisticsPublisher
TID: [-1234] [] [2021-05-14 19:33:27,463]  INFO {org.wso2.carbon.event.stream.core.EventStreamDeployer} - Stream definition is deployed successfully  : org.wso2.esb.analytics.stream.FlowEntry:1.0.0
TID: [-1234] [odata] [2021-05-14 19:33:27,735]  INFO {org.wso2.carbon.webapp.mgt.TomcatGenericWebappsDeployer} - Deployed webapp: StandardEngine[Catalina].StandardHost[localhost].StandardContext[/odata].File[/home/akila/Work/tutorials/WSO2-ESB/ESB/wso2ei-6.6.0/repository/deployment/server/webapps/odata.war]
TID: [-1234] [] [2021-05-14 19:33:27,739]  INFO {org.apache.synapse.Axis2SynapseController} - Deploying the Synapse service...
TID: [-1234] [] [2021-05-14 19:33:27,741]  INFO {org.apache.synapse.Axis2SynapseController} - Deploying Proxy services...
TID: [-1234] [] [2021-05-14 19:33:27,742]  INFO {org.apache.synapse.Axis2SynapseController} - Deploying EventSources...
TID: [-1234] [] [2021-05-14 19:33:27,811]  INFO {org.apache.synapse.ServerManager} - Server ready for processing...
TID: [-1234] [] [2021-05-14 19:33:27,853]  INFO {org.wso2.carbon.das.messageflow.data.publisher.internal.MediationStatisticsComponent} - Global Message-Flow Statistic Reporting is Disabled
TID: [-1234] [] [2021-05-14 19:33:29,848]  INFO {org.wso2.carbon.application.deployer.internal.ApplicationManager} - Deploying Carbon Application : DS-assignmentCompositeExporter_1.0.0.car...
TID: [-1234] [] [2021-05-14 19:33:31,153]  INFO {org.wso2.carbon.mediation.dependency.mgt.DependencyTracker} - Endpoint : buyer-login was added to the Synapse configuration successfully - [ Deployed From Artifact Container: DS-assignmentCompositeExporter ] 
TID: [-1234] [] [2021-05-14 19:33:31,154]  INFO {org.apache.synapse.deployers.EndpointDeployer} - Endpoint named 'buyer-login' has been deployed from file : /home/akila/Work/tutorials/WSO2-ESB/ESB/wso2ei-6.6.0/wso2/tmp/carbonapps/-1234/1621001009850DS-assignmentCompositeExporter_1.0.0.car/buyer-login_1.0.0/buyer-login-1.0.0.xml
TID: [-1234] [] [2021-05-14 19:33:31,156]  INFO {org.wso2.carbon.mediation.dependency.mgt.DependencyTracker} - Endpoint : cities-endpoint was added to the Synapse configuration successfully - [ Deployed From Artifact Container: DS-assignmentCompositeExporter ] 
TID: [-1234] [] [2021-05-14 19:33:31,157]  INFO {org.apache.synapse.deployers.EndpointDeployer} - Endpoint named 'cities-endpoint' has been deployed from file : /home/akila/Work/tutorials/WSO2-ESB/ESB/wso2ei-6.6.0/wso2/tmp/carbonapps/-1234/1621001009850DS-assignmentCompositeExporter_1.0.0.car/cities-endpoint_1.0.0/cities-endpoint-1.0.0.xml
TID: [-1234] [] [2021-05-14 19:33:31,159]  INFO {org.wso2.carbon.mediation.dependency.mgt.DependencyTracker} - Endpoint : create_delivery was added to the Synapse configuration successfully - [ Deployed From Artifact Container: DS-assignmentCompositeExporter ] 
TID: [-1234] [] [2021-05-14 19:33:31,159]  INFO {org.apache.synapse.deployers.EndpointDeployer} - Endpoint named 'create_delivery' has been deployed from file : /home/akila/Work/tutorials/WSO2-ESB/ESB/wso2ei-6.6.0/wso2/tmp/carbonapps/-1234/1621001009850DS-assignmentCompositeExporter_1.0.0.car/create_delivery_1.0.0/create_delivery-1.0.0.xml
TID: [-1234] [] [2021-05-14 19:33:31,161]  INFO {org.wso2.carbon.mediation.dependency.mgt.DependencyTracker} - Endpoint : delivery_endpoint was added to the Synapse configuration successfully - [ Deployed From Artifact Container: DS-assignmentCompositeExporter ] 
TID: [-1234] [] [2021-05-14 19:33:31,162]  INFO {org.apache.synapse.deployers.EndpointDeployer} - Endpoint named 'delivery_endpoint' has been deployed from file : /home/akila/Work/tutorials/WSO2-ESB/ESB/wso2ei-6.6.0/wso2/tmp/carbonapps/-1234/1621001009850DS-assignmentCompositeExporter_1.0.0.car/delivery_endpoint_1.0.0/delivery_endpoint-1.0.0.xml
TID: [-1234] [] [2021-05-14 19:33:31,164]  INFO {org.wso2.carbon.mediation.dependency.mgt.DependencyTracker} - Endpoint : get-pending-orders was added to the Synapse configuration successfully - [ Deployed From Artifact Container: DS-assignmentCompositeExporter ] 
TID: [-1234] [] [2021-05-14 19:33:31,165]  INFO {org.apache.synapse.deployers.EndpointDeployer} - Endpoint named 'get-pending-orders' has been deployed from file : /home/akila/Work/tutorials/WSO2-ESB/ESB/wso2ei-6.6.0/wso2/tmp/carbonapps/-1234/1621001009850DS-assignmentCompositeExporter_1.0.0.car/get-pending-orders_1.0.0/get-pending-orders-1.0.0.xml
TID: [-1234] [] [2021-05-14 19:33:31,169]  INFO {org.wso2.carbon.mediation.dependency.mgt.DependencyTracker} - Endpoint : get-single-seller was added to the Synapse configuration successfully - [ Deployed From Artifact Container: DS-assignmentCompositeExporter ] 
TID: [-1234] [] [2021-05-14 19:33:31,170]  INFO {org.apache.synapse.deployers.EndpointDeployer} - Endpoint named 'get-single-seller' has been deployed from file : /home/akila/Work/tutorials/WSO2-ESB/ESB/wso2ei-6.6.0/wso2/tmp/carbonapps/-1234/1621001009850DS-assignmentCompositeExporter_1.0.0.car/get-single-seller_1.0.0/get-single-seller-1.0.0.xml
TID: [-1234] [] [2021-05-14 19:33:31,172]  INFO {org.wso2.carbon.mediation.dependency.mgt.DependencyTracker} - Endpoint : seller-login was added to the Synapse configuration successfully - [ Deployed From Artifact Container: DS-assignmentCompositeExporter ] 
TID: [-1234] [] [2021-05-14 19:33:31,173]  INFO {org.apache.synapse.deployers.EndpointDeployer} - Endpoint named 'seller-login' has been deployed from file : /home/akila/Work/tutorials/WSO2-ESB/ESB/wso2ei-6.6.0/wso2/tmp/carbonapps/-1234/1621001009850DS-assignmentCompositeExporter_1.0.0.car/seller-login_1.0.0/seller-login-1.0.0.xml
TID: [-1234] [] [2021-05-14 19:33:31,175]  INFO {org.wso2.carbon.mediation.dependency.mgt.DependencyTracker} - Endpoint : states-endpoint was added to the Synapse configuration successfully - [ Deployed From Artifact Container: DS-assignmentCompositeExporter ] 
TID: [-1234] [] [2021-05-14 19:33:31,176]  INFO {org.apache.synapse.deployers.EndpointDeployer} - Endpoint named 'states-endpoint' has been deployed from file : /home/akila/Work/tutorials/WSO2-ESB/ESB/wso2ei-6.6.0/wso2/tmp/carbonapps/-1234/1621001009850DS-assignmentCompositeExporter_1.0.0.car/states-endpoint_1.0.0/states-endpoint-1.0.0.xml
TID: [-1234] [] [2021-05-14 19:33:31,178]  INFO {org.wso2.carbon.mediation.dependency.mgt.DependencyTracker} - Endpoint : update-delivery was added to the Synapse configuration successfully - [ Deployed From Artifact Container: DS-assignmentCompositeExporter ] 
TID: [-1234] [] [2021-05-14 19:33:31,179]  INFO {org.apache.synapse.deployers.EndpointDeployer} - Endpoint named 'update-delivery' has been deployed from file : /home/akila/Work/tutorials/WSO2-ESB/ESB/wso2ei-6.6.0/wso2/tmp/carbonapps/-1234/1621001009850DS-assignmentCompositeExporter_1.0.0.car/update-delivery_1.0.0/update-delivery-1.0.0.xml
TID: [-1234] [] [2021-05-14 19:33:31,181]  INFO {org.wso2.carbon.mediation.dependency.mgt.DependencyTracker} - Endpoint : user-signup was added to the Synapse configuration successfully - [ Deployed From Artifact Container: DS-assignmentCompositeExporter ] 
TID: [-1234] [] [2021-05-14 19:33:31,183]  INFO {org.apache.synapse.deployers.EndpointDeployer} - Endpoint named 'user-signup' has been deployed from file : /home/akila/Work/tutorials/WSO2-ESB/ESB/wso2ei-6.6.0/wso2/tmp/carbonapps/-1234/1621001009850DS-assignmentCompositeExporter_1.0.0.car/user-signup_1.0.0/user-signup-1.0.0.xml
TID: [-1234] [] [2021-05-14 19:33:31,228]  INFO {org.apache.synapse.rest.API} - Initializing API: delivery_API
TID: [-1234] [] [2021-05-14 19:33:31,230]  INFO {org.wso2.carbon.mediation.dependency.mgt.DependencyTracker} - API : delivery_API was added to the Synapse configuration successfully - [ Deployed From Artifact Container: DS-assignmentCompositeExporter ] 
TID: [-1234] [] [2021-05-14 19:33:31,232]  INFO {org.apache.synapse.deployers.APIDeployer} - API named 'delivery_API' has been deployed from file : /home/akila/Work/tutorials/WSO2-ESB/ESB/wso2ei-6.6.0/wso2/tmp/carbonapps/-1234/1621001009850DS-assignmentCompositeExporter_1.0.0.car/delivery_API_1.0.0/delivery_API-1.0.0.xml
TID: [-1234] [] [2021-05-14 19:33:31,244]  INFO {org.apache.synapse.rest.API} - Initializing API: user_API
TID: [-1234] [] [2021-05-14 19:33:31,245]  INFO {org.wso2.carbon.mediation.dependency.mgt.DependencyTracker} - API : user_API was added to the Synapse configuration successfully - [ Deployed From Artifact Container: DS-assignmentCompositeExporter ] 
TID: [-1234] [] [2021-05-14 19:33:31,246]  INFO {org.apache.synapse.deployers.APIDeployer} - API named 'user_API' has been deployed from file : /home/akila/Work/tutorials/WSO2-ESB/ESB/wso2ei-6.6.0/wso2/tmp/carbonapps/-1234/1621001009850DS-assignmentCompositeExporter_1.0.0.car/user_API_1.0.0/user_API-1.0.0.xml
TID: [-1234] [] [2021-05-14 19:33:31,247]  INFO {org.wso2.carbon.application.deployer.internal.ApplicationManager} - Successfully Deployed Carbon Application : DS-assignmentCompositeExporter_1.0.0 {super-tenant}
TID: [-1234] [] [2021-05-14 19:33:31,248]  INFO {org.wso2.carbon.application.deployer.internal.ApplicationManager} - Deploying Carbon Application : DS-assignmnetCompositeExporter_1.0.0.car...
TID: [-1234] [] [2021-05-14 19:33:31,265]  INFO {org.wso2.carbon.mediation.dependency.mgt.DependencyTracker} - Endpoint : test-endpoint was added to the Synapse configuration successfully - [ Deployed From Artifact Container: DS-assignmnetCompositeExporter ] 
TID: [-1234] [] [2021-05-14 19:33:31,266]  INFO {org.apache.synapse.deployers.EndpointDeployer} - Endpoint named 'test-endpoint' has been deployed from file : /home/akila/Work/tutorials/WSO2-ESB/ESB/wso2ei-6.6.0/wso2/tmp/carbonapps/-1234/1621001011248DS-assignmnetCompositeExporter_1.0.0.car/test-endpoint_1.0.0/test-endpoint-1.0.0.xml
TID: [-1234] [] [2021-05-14 19:33:31,269]  INFO {org.apache.synapse.rest.API} - Initializing API: test2
TID: [-1234] [] [2021-05-14 19:33:31,270]  INFO {org.wso2.carbon.mediation.dependency.mgt.DependencyTracker} - API : test2 was added to the Synapse configuration successfully - [ Deployed From Artifact Container: DS-assignmnetCompositeExporter ] 
TID: [-1234] [] [2021-05-14 19:33:31,271]  INFO {org.apache.synapse.deployers.APIDeployer} - API named 'test2' has been deployed from file : /home/akila/Work/tutorials/WSO2-ESB/ESB/wso2ei-6.6.0/wso2/tmp/carbonapps/-1234/1621001011248DS-assignmnetCompositeExporter_1.0.0.car/test2_1.0.0/test2-1.0.0.xml
TID: [-1234] [] [2021-05-14 19:33:31,272]  INFO {org.wso2.carbon.application.deployer.internal.ApplicationManager} - Successfully Deployed Carbon Application : DS-assignmnetCompositeExporter_1.0.0 {super-tenant}
TID: [-1234] [] [2021-05-14 19:33:31,273]  INFO {org.wso2.carbon.application.deployer.internal.ApplicationManager} - Deploying Carbon Application : DS_AssignmentCompositeExporter_1.0.0.car...
TID: [-1234] [] [2021-05-14 19:33:31,282]  INFO {org.apache.synapse.rest.API} - Initializing API: news
TID: [-1234] [] [2021-05-14 19:33:31,283] ERROR {org.apache.synapse.config.SynapseConfiguration} - URL context: /news is already registered with the API: test2
TID: [-1234] [] [2021-05-14 19:33:31,286] ERROR {org.wso2.carbon.rest.api.ApiDeployer} - API deployment from the file : /home/akila/Work/tutorials/WSO2-ESB/ESB/wso2ei-6.6.0/wso2/tmp/carbonapps/-1234/1621001011273DS_AssignmentCompositeExporter_1.0.0.car/news_1.0.0/news-1.0.0.xml : Failed. org.apache.synapse.SynapseException: URL context: /news is already registered with the API: test2
	at org.apache.synapse.config.SynapseConfiguration.handleException(SynapseConfiguration.java:1667)
	at org.apache.synapse.config.SynapseConfiguration.addAPI(SynapseConfiguration.java:421)
	at org.apache.synapse.config.SynapseConfiguration.addAPI(SynapseConfiguration.java:414)
	at org.apache.synapse.deployers.APIDeployer.deploySynapseArtifact(APIDeployer.java:59)
	at org.wso2.carbon.rest.api.ApiDeployer.deploySynapseArtifact(ApiDeployer.java:34)
	at org.apache.synapse.deployers.AbstractSynapseArtifactDeployer.deploy(AbstractSynapseArtifactDeployer.java:200)
	at org.wso2.carbon.application.deployer.synapse.SynapseAppDeployer.deployArtifactType(SynapseAppDeployer.java:1099)
	at org.wso2.carbon.application.deployer.synapse.SynapseAppDeployer.deployArtifacts(SynapseAppDeployer.java:114)
	at org.wso2.carbon.application.deployer.internal.ApplicationManager.deployCarbonApp(ApplicationManager.java:272)
	at org.wso2.carbon.application.deployer.CappAxis2Deployer.deploy(CappAxis2Deployer.java:72)
	at org.apache.axis2.deployment.repository.util.DeploymentFileData.deploy(DeploymentFileData.java:136)
	at org.apache.axis2.deployment.DeploymentEngine.doDeploy(DeploymentEngine.java:807)
	at org.apache.axis2.deployment.repository.util.WSInfoList.update(WSInfoList.java:144)
	at org.apache.axis2.deployment.RepositoryListener.update(RepositoryListener.java:377)
	at org.apache.axis2.deployment.RepositoryListener.checkServices(RepositoryListener.java:254)
	at org.apache.axis2.deployment.DeploymentEngine.loadServices(DeploymentEngine.java:135)
	at org.wso2.carbon.core.CarbonAxisConfigurator.deployServices(CarbonAxisConfigurator.java:568)
	at org.wso2.carbon.core.internal.DeploymentServerStartupObserver.completingServerStartup(DeploymentServerStartupObserver.java:51)
	at org.wso2.carbon.core.internal.CarbonCoreServiceComponent.notifyBefore(CarbonCoreServiceComponent.java:258)
	at org.wso2.carbon.core.internal.StartupFinalizerServiceComponent.completeInitialization(StartupFinalizerServiceComponent.java:166)
	at org.wso2.carbon.core.internal.StartupFinalizerServiceComponent.serviceChanged(StartupFinalizerServiceComponent.java:323)
	at org.eclipse.osgi.internal.serviceregistry.FilteredServiceListener.serviceChanged(FilteredServiceListener.java:113)
	at org.eclipse.osgi.internal.framework.BundleContextImpl.dispatchEvent(BundleContextImpl.java:985)
	at org.eclipse.osgi.framework.eventmgr.EventManager.dispatchEvent(EventManager.java:234)
	at org.eclipse.osgi.framework.eventmgr.ListenerQueue.dispatchEventSynchronous(ListenerQueue.java:151)
	at org.eclipse.osgi.internal.serviceregistry.ServiceRegistry.publishServiceEventPrivileged(ServiceRegistry.java:866)
	at org.eclipse.osgi.internal.serviceregistry.ServiceRegistry.publishServiceEvent(ServiceRegistry.java:804)
	at org.eclipse.osgi.internal.serviceregistry.ServiceRegistrationImpl.register(ServiceRegistrationImpl.java:130)
	at org.eclipse.osgi.internal.serviceregistry.ServiceRegistry.registerService(ServiceRegistry.java:228)
	at org.eclipse.osgi.internal.framework.BundleContextImpl.registerService(BundleContextImpl.java:525)
	at org.eclipse.osgi.internal.framework.BundleContextImpl.registerService(BundleContextImpl.java:544)
	at org.wso2.carbon.throttling.agent.internal.ThrottlingAgentServiceComponent.registerThrottlingAgent(ThrottlingAgentServiceComponent.java:118)
	at org.wso2.carbon.throttling.agent.internal.ThrottlingAgentServiceComponent.activate(ThrottlingAgentServiceComponent.java:96)
	at java.base/jdk.internal.reflect.NativeMethodAccessorImpl.invoke0(Native Method)
	at java.base/jdk.internal.reflect.NativeMethodAccessorImpl.invoke(NativeMethodAccessorImpl.java:62)
	at java.base/jdk.internal.reflect.DelegatingMethodAccessorImpl.invoke(DelegatingMethodAccessorImpl.java:43)
	at java.base/java.lang.reflect.Method.invoke(Method.java:566)
	at org.eclipse.equinox.internal.ds.model.ServiceComponent.activate(ServiceComponent.java:260)
	at org.eclipse.equinox.internal.ds.model.ServiceComponentProp.activate(ServiceComponentProp.java:146)
	at org.eclipse.equinox.internal.ds.model.ServiceComponentProp.build(ServiceComponentProp.java:345)
	at org.eclipse.equinox.internal.ds.InstanceProcess.buildComponent(InstanceProcess.java:620)
	at org.eclipse.equinox.internal.ds.InstanceProcess.buildComponents(InstanceProcess.java:197)
	at org.eclipse.equinox.internal.ds.Resolver.getEligible(Resolver.java:343)
	at org.eclipse.equinox.internal.ds.SCRManager.serviceChanged(SCRManager.java:222)
	at org.eclipse.osgi.internal.serviceregistry.FilteredServiceListener.serviceChanged(FilteredServiceListener.java:113)
	at org.eclipse.osgi.internal.framework.BundleContextImpl.dispatchEvent(BundleContextImpl.java:985)
	at org.eclipse.osgi.framework.eventmgr.EventManager.dispatchEvent(EventManager.java:234)
	at org.eclipse.osgi.framework.eventmgr.ListenerQueue.dispatchEventSynchronous(ListenerQueue.java:151)
	at org.eclipse.osgi.internal.serviceregistry.ServiceRegistry.publishServiceEventPrivileged(ServiceRegistry.java:866)
	at org.eclipse.osgi.internal.serviceregistry.ServiceRegistry.publishServiceEvent(ServiceRegistry.java:804)
	at org.eclipse.osgi.internal.serviceregistry.ServiceRegistrationImpl.register(ServiceRegistrationImpl.java:130)
	at org.eclipse.osgi.internal.serviceregistry.ServiceRegistry.registerService(ServiceRegistry.java:228)
	at org.eclipse.osgi.internal.framework.BundleContextImpl.registerService(BundleContextImpl.java:525)
	at org.eclipse.osgi.internal.framework.BundleContextImpl.registerService(BundleContextImpl.java:544)
	at org.wso2.carbon.core.init.CarbonServerManager.initializeCarbon(CarbonServerManager.java:529)
	at org.wso2.carbon.core.init.CarbonServerManager.removePendingItem(CarbonServerManager.java:305)
	at org.wso2.carbon.core.init.PreAxis2ConfigItemListener.bundleChanged(PreAxis2ConfigItemListener.java:118)
	at org.eclipse.osgi.internal.framework.BundleContextImpl.dispatchEvent(BundleContextImpl.java:973)
	at org.eclipse.osgi.framework.eventmgr.EventManager.dispatchEvent(EventManager.java:234)
	at org.eclipse.osgi.framework.eventmgr.EventManager$EventThread.run(EventManager.java:345)

TID: [-1234] [] [2021-05-14 19:33:31,300] ERROR {org.apache.synapse.deployers.AbstractSynapseArtifactDeployer} - Deployment of the Synapse Artifact from file : /home/akila/Work/tutorials/WSO2-ESB/ESB/wso2ei-6.6.0/wso2/tmp/carbonapps/-1234/1621001011273DS_AssignmentCompositeExporter_1.0.0.car/news_1.0.0/news-1.0.0.xml : Failed! org.apache.synapse.deployers.SynapseArtifactDeploymentException: API deployment from the file : /home/akila/Work/tutorials/WSO2-ESB/ESB/wso2ei-6.6.0/wso2/tmp/carbonapps/-1234/1621001011273DS_AssignmentCompositeExporter_1.0.0.car/news_1.0.0/news-1.0.0.xml : Failed.
	at org.apache.synapse.deployers.AbstractSynapseArtifactDeployer.handleSynapseArtifactDeploymentError(AbstractSynapseArtifactDeployer.java:483)
	at org.apache.synapse.deployers.APIDeployer.deploySynapseArtifact(APIDeployer.java:71)
	at org.wso2.carbon.rest.api.ApiDeployer.deploySynapseArtifact(ApiDeployer.java:34)
	at org.apache.synapse.deployers.AbstractSynapseArtifactDeployer.deploy(AbstractSynapseArtifactDeployer.java:200)
	at org.wso2.carbon.application.deployer.synapse.SynapseAppDeployer.deployArtifactType(SynapseAppDeployer.java:1099)
	at org.wso2.carbon.application.deployer.synapse.SynapseAppDeployer.deployArtifacts(SynapseAppDeployer.java:114)
	at org.wso2.carbon.application.deployer.internal.ApplicationManager.deployCarbonApp(ApplicationManager.java:272)
	at org.wso2.carbon.application.deployer.CappAxis2Deployer.deploy(CappAxis2Deployer.java:72)
	at org.apache.axis2.deployment.repository.util.DeploymentFileData.deploy(DeploymentFileData.java:136)
	at org.apache.axis2.deployment.DeploymentEngine.doDeploy(DeploymentEngine.java:807)
	at org.apache.axis2.deployment.repository.util.WSInfoList.update(WSInfoList.java:144)
	at org.apache.axis2.deployment.RepositoryListener.update(RepositoryListener.java:377)
	at org.apache.axis2.deployment.RepositoryListener.checkServices(RepositoryListener.java:254)
	at org.apache.axis2.deployment.DeploymentEngine.loadServices(DeploymentEngine.java:135)
	at org.wso2.carbon.core.CarbonAxisConfigurator.deployServices(CarbonAxisConfigurator.java:568)
	at org.wso2.carbon.core.internal.DeploymentServerStartupObserver.completingServerStartup(DeploymentServerStartupObserver.java:51)
	at org.wso2.carbon.core.internal.CarbonCoreServiceComponent.notifyBefore(CarbonCoreServiceComponent.java:258)
	at org.wso2.carbon.core.internal.StartupFinalizerServiceComponent.completeInitialization(StartupFinalizerServiceComponent.java:166)
	at org.wso2.carbon.core.internal.StartupFinalizerServiceComponent.serviceChanged(StartupFinalizerServiceComponent.java:323)
	at org.eclipse.osgi.internal.serviceregistry.FilteredServiceListener.serviceChanged(FilteredServiceListener.java:113)
	at org.eclipse.osgi.internal.framework.BundleContextImpl.dispatchEvent(BundleContextImpl.java:985)
	at org.eclipse.osgi.framework.eventmgr.EventManager.dispatchEvent(EventManager.java:234)
	at org.eclipse.osgi.framework.eventmgr.ListenerQueue.dispatchEventSynchronous(ListenerQueue.java:151)
	at org.eclipse.osgi.internal.serviceregistry.ServiceRegistry.publishServiceEventPrivileged(ServiceRegistry.java:866)
	at org.eclipse.osgi.internal.serviceregistry.ServiceRegistry.publishServiceEvent(ServiceRegistry.java:804)
	at org.eclipse.osgi.internal.serviceregistry.ServiceRegistrationImpl.register(ServiceRegistrationImpl.java:130)
	at org.eclipse.osgi.internal.serviceregistry.ServiceRegistry.registerService(ServiceRegistry.java:228)
	at org.eclipse.osgi.internal.framework.BundleContextImpl.registerService(BundleContextImpl.java:525)
	at org.eclipse.osgi.internal.framework.BundleContextImpl.registerService(BundleContextImpl.java:544)
	at org.wso2.carbon.throttling.agent.internal.ThrottlingAgentServiceComponent.registerThrottlingAgent(ThrottlingAgentServiceComponent.java:118)
	at org.wso2.carbon.throttling.agent.internal.ThrottlingAgentServiceComponent.activate(ThrottlingAgentServiceComponent.java:96)
	at java.base/jdk.internal.reflect.NativeMethodAccessorImpl.invoke0(Native Method)
	at java.base/jdk.internal.reflect.NativeMethodAccessorImpl.invoke(NativeMethodAccessorImpl.java:62)
	at java.base/jdk.internal.reflect.DelegatingMethodAccessorImpl.invoke(DelegatingMethodAccessorImpl.java:43)
	at java.base/java.lang.reflect.Method.invoke(Method.java:566)
	at org.eclipse.equinox.internal.ds.model.ServiceComponent.activate(ServiceComponent.java:260)
	at org.eclipse.equinox.internal.ds.model.ServiceComponentProp.activate(ServiceComponentProp.java:146)
	at org.eclipse.equinox.internal.ds.model.ServiceComponentProp.build(ServiceComponentProp.java:345)
	at org.eclipse.equinox.internal.ds.InstanceProcess.buildComponent(InstanceProcess.java:620)
	at org.eclipse.equinox.internal.ds.InstanceProcess.buildComponents(InstanceProcess.java:197)
	at org.eclipse.equinox.internal.ds.Resolver.getEligible(Resolver.java:343)
	at org.eclipse.equinox.internal.ds.SCRManager.serviceChanged(SCRManager.java:222)
	at org.eclipse.osgi.internal.serviceregistry.FilteredServiceListener.serviceChanged(FilteredServiceListener.java:113)
	at org.eclipse.osgi.internal.framework.BundleContextImpl.dispatchEvent(BundleContextImpl.java:985)
	at org.eclipse.osgi.framework.eventmgr.EventManager.dispatchEvent(EventManager.java:234)
	at org.eclipse.osgi.framework.eventmgr.ListenerQueue.dispatchEventSynchronous(ListenerQueue.java:151)
	at org.eclipse.osgi.internal.serviceregistry.ServiceRegistry.publishServiceEventPrivileged(ServiceRegistry.java:866)
	at org.eclipse.osgi.internal.serviceregistry.ServiceRegistry.publishServiceEvent(ServiceRegistry.java:804)
	at org.eclipse.osgi.internal.serviceregistry.ServiceRegistrationImpl.register(ServiceRegistrationImpl.java:130)
	at org.eclipse.osgi.internal.serviceregistry.ServiceRegistry.registerService(ServiceRegistry.java:228)
	at org.eclipse.osgi.internal.framework.BundleContextImpl.registerService(BundleContextImpl.java:525)
	at org.eclipse.osgi.internal.framework.BundleContextImpl.registerService(BundleContextImpl.java:544)
	at org.wso2.carbon.core.init.CarbonServerManager.initializeCarbon(CarbonServerManager.java:529)
	at org.wso2.carbon.core.init.CarbonServerManager.removePendingItem(CarbonServerManager.java:305)
	at org.wso2.carbon.core.init.PreAxis2ConfigItemListener.bundleChanged(PreAxis2ConfigItemListener.java:118)
	at org.eclipse.osgi.internal.framework.BundleContextImpl.dispatchEvent(BundleContextImpl.java:973)
	at org.eclipse.osgi.framework.eventmgr.EventManager.dispatchEvent(EventManager.java:234)
	at org.eclipse.osgi.framework.eventmgr.EventManager$EventThread.run(EventManager.java:345)
Caused by: org.apache.synapse.SynapseException: URL context: /news is already registered with the API: test2
	at org.apache.synapse.config.SynapseConfiguration.handleException(SynapseConfiguration.java:1667)
	at org.apache.synapse.config.SynapseConfiguration.addAPI(SynapseConfiguration.java:421)
	at org.apache.synapse.config.SynapseConfiguration.addAPI(SynapseConfiguration.java:414)
	at org.apache.synapse.deployers.APIDeployer.deploySynapseArtifact(APIDeployer.java:59)
	... 56 more

TID: [-1234] [] [2021-05-14 19:33:31,345]  INFO {org.apache.synapse.deployers.AbstractSynapseArtifactDeployer} - The file has been backed up into : NO_BACKUP_ON_WORKER.INFO
TID: [-1234] [] [2021-05-14 19:33:31,346] ERROR {org.apache.synapse.deployers.AbstractSynapseArtifactDeployer} - Deployment of synapse artifact failed. Error reading /home/akila/Work/tutorials/WSO2-ESB/ESB/wso2ei-6.6.0/wso2/tmp/carbonapps/-1234/1621001011273DS_AssignmentCompositeExporter_1.0.0.car/news_1.0.0/news-1.0.0.xml : API deployment from the file : /home/akila/Work/tutorials/WSO2-ESB/ESB/wso2ei-6.6.0/wso2/tmp/carbonapps/-1234/1621001011273DS_AssignmentCompositeExporter_1.0.0.car/news_1.0.0/news-1.0.0.xml : Failed. org.apache.axis2.deployment.DeploymentException: API deployment from the file : /home/akila/Work/tutorials/WSO2-ESB/ESB/wso2ei-6.6.0/wso2/tmp/carbonapps/-1234/1621001011273DS_AssignmentCompositeExporter_1.0.0.car/news_1.0.0/news-1.0.0.xml : Failed.
	at org.apache.synapse.deployers.AbstractSynapseArtifactDeployer.deploy(AbstractSynapseArtifactDeployer.java:210)
	at org.wso2.carbon.application.deployer.synapse.SynapseAppDeployer.deployArtifactType(SynapseAppDeployer.java:1099)
	at org.wso2.carbon.application.deployer.synapse.SynapseAppDeployer.deployArtifacts(SynapseAppDeployer.java:114)
	at org.wso2.carbon.application.deployer.internal.ApplicationManager.deployCarbonApp(ApplicationManager.java:272)
	at org.wso2.carbon.application.deployer.CappAxis2Deployer.deploy(CappAxis2Deployer.java:72)
	at org.apache.axis2.deployment.repository.util.DeploymentFileData.deploy(DeploymentFileData.java:136)
	at org.apache.axis2.deployment.DeploymentEngine.doDeploy(DeploymentEngine.java:807)
	at org.apache.axis2.deployment.repository.util.WSInfoList.update(WSInfoList.java:144)
	at org.apache.axis2.deployment.RepositoryListener.update(RepositoryListener.java:377)
	at org.apache.axis2.deployment.RepositoryListener.checkServices(RepositoryListener.java:254)
	at org.apache.axis2.deployment.DeploymentEngine.loadServices(DeploymentEngine.java:135)
	at org.wso2.carbon.core.CarbonAxisConfigurator.deployServices(CarbonAxisConfigurator.java:568)
	at org.wso2.carbon.core.internal.DeploymentServerStartupObserver.completingServerStartup(DeploymentServerStartupObserver.java:51)
	at org.wso2.carbon.core.internal.CarbonCoreServiceComponent.notifyBefore(CarbonCoreServiceComponent.java:258)
	at org.wso2.carbon.core.internal.StartupFinalizerServiceComponent.completeInitialization(StartupFinalizerServiceComponent.java:166)
	at org.wso2.carbon.core.internal.StartupFinalizerServiceComponent.serviceChanged(StartupFinalizerServiceComponent.java:323)
	at org.eclipse.osgi.internal.serviceregistry.FilteredServiceListener.serviceChanged(FilteredServiceListener.java:113)
	at org.eclipse.osgi.internal.framework.BundleContextImpl.dispatchEvent(BundleContextImpl.java:985)
	at org.eclipse.osgi.framework.eventmgr.EventManager.dispatchEvent(EventManager.java:234)
	at org.eclipse.osgi.framework.eventmgr.ListenerQueue.dispatchEventSynchronous(ListenerQueue.java:151)
	at org.eclipse.osgi.internal.serviceregistry.ServiceRegistry.publishServiceEventPrivileged(ServiceRegistry.java:866)
	at org.eclipse.osgi.internal.serviceregistry.ServiceRegistry.publishServiceEvent(ServiceRegistry.java:804)
	at org.eclipse.osgi.internal.serviceregistry.ServiceRegistrationImpl.register(ServiceRegistrationImpl.java:130)
	at org.eclipse.osgi.internal.serviceregistry.ServiceRegistry.registerService(ServiceRegistry.java:228)
	at org.eclipse.osgi.internal.framework.BundleContextImpl.registerService(BundleContextImpl.java:525)
	at org.eclipse.osgi.internal.framework.BundleContextImpl.registerService(BundleContextImpl.java:544)
	at org.wso2.carbon.throttling.agent.internal.ThrottlingAgentServiceComponent.registerThrottlingAgent(ThrottlingAgentServiceComponent.java:118)
	at org.wso2.carbon.throttling.agent.internal.ThrottlingAgentServiceComponent.activate(ThrottlingAgentServiceComponent.java:96)
	at java.base/jdk.internal.reflect.NativeMethodAccessorImpl.invoke0(Native Method)
	at java.base/jdk.internal.reflect.NativeMethodAccessorImpl.invoke(NativeMethodAccessorImpl.java:62)
	at java.base/jdk.internal.reflect.DelegatingMethodAccessorImpl.invoke(DelegatingMethodAccessorImpl.java:43)
	at java.base/java.lang.reflect.Method.invoke(Method.java:566)
	at org.eclipse.equinox.internal.ds.model.ServiceComponent.activate(ServiceComponent.java:260)
	at org.eclipse.equinox.internal.ds.model.ServiceComponentProp.activate(ServiceComponentProp.java:146)
	at org.eclipse.equinox.internal.ds.model.ServiceComponentProp.build(ServiceComponentProp.java:345)
	at org.eclipse.equinox.internal.ds.InstanceProcess.buildComponent(InstanceProcess.java:620)
	at org.eclipse.equinox.internal.ds.InstanceProcess.buildComponents(InstanceProcess.java:197)
	at org.eclipse.equinox.internal.ds.Resolver.getEligible(Resolver.java:343)
	at org.eclipse.equinox.internal.ds.SCRManager.serviceChanged(SCRManager.java:222)
	at org.eclipse.osgi.internal.serviceregistry.FilteredServiceListener.serviceChanged(FilteredServiceListener.java:113)
	at org.eclipse.osgi.internal.framework.BundleContextImpl.dispatchEvent(BundleContextImpl.java:985)
	at org.eclipse.osgi.framework.eventmgr.EventManager.dispatchEvent(EventManager.java:234)
	at org.eclipse.osgi.framework.eventmgr.ListenerQueue.dispatchEventSynchronous(ListenerQueue.java:151)
	at org.eclipse.osgi.internal.serviceregistry.ServiceRegistry.publishServiceEventPrivileged(ServiceRegistry.java:866)
	at org.eclipse.osgi.internal.serviceregistry.ServiceRegistry.publishServiceEvent(ServiceRegistry.java:804)
	at org.eclipse.osgi.internal.serviceregistry.ServiceRegistrationImpl.register(ServiceRegistrationImpl.java:130)
	at org.eclipse.osgi.internal.serviceregistry.ServiceRegistry.registerService(ServiceRegistry.java:228)
	at org.eclipse.osgi.internal.framework.BundleContextImpl.registerService(BundleContextImpl.java:525)
	at org.eclipse.osgi.internal.framework.BundleContextImpl.registerService(BundleContextImpl.java:544)
	at org.wso2.carbon.core.init.CarbonServerManager.initializeCarbon(CarbonServerManager.java:529)
	at org.wso2.carbon.core.init.CarbonServerManager.removePendingItem(CarbonServerManager.java:305)
	at org.wso2.carbon.core.init.PreAxis2ConfigItemListener.bundleChanged(PreAxis2ConfigItemListener.java:118)
	at org.eclipse.osgi.internal.framework.BundleContextImpl.dispatchEvent(BundleContextImpl.java:973)
	at org.eclipse.osgi.framework.eventmgr.EventManager.dispatchEvent(EventManager.java:234)
	at org.eclipse.osgi.framework.eventmgr.EventManager$EventThread.run(EventManager.java:345)
Caused by: org.apache.synapse.deployers.SynapseArtifactDeploymentException: API deployment from the file : /home/akila/Work/tutorials/WSO2-ESB/ESB/wso2ei-6.6.0/wso2/tmp/carbonapps/-1234/1621001011273DS_AssignmentCompositeExporter_1.0.0.car/news_1.0.0/news-1.0.0.xml : Failed.
	at org.apache.synapse.deployers.AbstractSynapseArtifactDeployer.handleSynapseArtifactDeploymentError(AbstractSynapseArtifactDeployer.java:483)
	at org.apache.synapse.deployers.APIDeployer.deploySynapseArtifact(APIDeployer.java:71)
	at org.wso2.carbon.rest.api.ApiDeployer.deploySynapseArtifact(ApiDeployer.java:34)
	at org.apache.synapse.deployers.AbstractSynapseArtifactDeployer.deploy(AbstractSynapseArtifactDeployer.java:200)
	... 54 more
Caused by: org.apache.synapse.SynapseException: URL context: /news is already registered with the API: test2
	at org.apache.synapse.config.SynapseConfiguration.handleException(SynapseConfiguration.java:1667)
	at org.apache.synapse.config.SynapseConfiguration.addAPI(SynapseConfiguration.java:421)
	at org.apache.synapse.config.SynapseConfiguration.addAPI(SynapseConfiguration.java:414)
	at org.apache.synapse.deployers.APIDeployer.deploySynapseArtifact(APIDeployer.java:59)
	... 56 more

TID: [-1234] [] [2021-05-14 19:33:31,350] ERROR {org.wso2.carbon.application.deployer.internal.ApplicationManager} - Error occurred while deploying Carbon Application org.apache.axis2.deployment.DeploymentException: API deployment from the file : /home/akila/Work/tutorials/WSO2-ESB/ESB/wso2ei-6.6.0/wso2/tmp/carbonapps/-1234/1621001011273DS_AssignmentCompositeExporter_1.0.0.car/news_1.0.0/news-1.0.0.xml : Failed.
	at org.apache.synapse.deployers.AbstractSynapseArtifactDeployer.deploy(AbstractSynapseArtifactDeployer.java:222)
	at org.wso2.carbon.application.deployer.synapse.SynapseAppDeployer.deployArtifactType(SynapseAppDeployer.java:1099)
	at org.wso2.carbon.application.deployer.synapse.SynapseAppDeployer.deployArtifacts(SynapseAppDeployer.java:114)
	at org.wso2.carbon.application.deployer.internal.ApplicationManager.deployCarbonApp(ApplicationManager.java:272)
	at org.wso2.carbon.application.deployer.CappAxis2Deployer.deploy(CappAxis2Deployer.java:72)
	at org.apache.axis2.deployment.repository.util.DeploymentFileData.deploy(DeploymentFileData.java:136)
	at org.apache.axis2.deployment.DeploymentEngine.doDeploy(DeploymentEngine.java:807)
	at org.apache.axis2.deployment.repository.util.WSInfoList.update(WSInfoList.java:144)
	at org.apache.axis2.deployment.RepositoryListener.update(RepositoryListener.java:377)
	at org.apache.axis2.deployment.RepositoryListener.checkServices(RepositoryListener.java:254)
	at org.apache.axis2.deployment.DeploymentEngine.loadServices(DeploymentEngine.java:135)
	at org.wso2.carbon.core.CarbonAxisConfigurator.deployServices(CarbonAxisConfigurator.java:568)
	at org.wso2.carbon.core.internal.DeploymentServerStartupObserver.completingServerStartup(DeploymentServerStartupObserver.java:51)
	at org.wso2.carbon.core.internal.CarbonCoreServiceComponent.notifyBefore(CarbonCoreServiceComponent.java:258)
	at org.wso2.carbon.core.internal.StartupFinalizerServiceComponent.completeInitialization(StartupFinalizerServiceComponent.java:166)
	at org.wso2.carbon.core.internal.StartupFinalizerServiceComponent.serviceChanged(StartupFinalizerServiceComponent.java:323)
	at org.eclipse.osgi.internal.serviceregistry.FilteredServiceListener.serviceChanged(FilteredServiceListener.java:113)
	at org.eclipse.osgi.internal.framework.BundleContextImpl.dispatchEvent(BundleContextImpl.java:985)
	at org.eclipse.osgi.framework.eventmgr.EventManager.dispatchEvent(EventManager.java:234)
	at org.eclipse.osgi.framework.eventmgr.ListenerQueue.dispatchEventSynchronous(ListenerQueue.java:151)
	at org.eclipse.osgi.internal.serviceregistry.ServiceRegistry.publishServiceEventPrivileged(ServiceRegistry.java:866)
	at org.eclipse.osgi.internal.serviceregistry.ServiceRegistry.publishServiceEvent(ServiceRegistry.java:804)
	at org.eclipse.osgi.internal.serviceregistry.ServiceRegistrationImpl.register(ServiceRegistrationImpl.java:130)
	at org.eclipse.osgi.internal.serviceregistry.ServiceRegistry.registerService(ServiceRegistry.java:228)
	at org.eclipse.osgi.internal.framework.BundleContextImpl.registerService(BundleContextImpl.java:525)
	at org.eclipse.osgi.internal.framework.BundleContextImpl.registerService(BundleContextImpl.java:544)
	at org.wso2.carbon.throttling.agent.internal.ThrottlingAgentServiceComponent.registerThrottlingAgent(ThrottlingAgentServiceComponent.java:118)
	at org.wso2.carbon.throttling.agent.internal.ThrottlingAgentServiceComponent.activate(ThrottlingAgentServiceComponent.java:96)
	at java.base/jdk.internal.reflect.NativeMethodAccessorImpl.invoke0(Native Method)
	at java.base/jdk.internal.reflect.NativeMethodAccessorImpl.invoke(NativeMethodAccessorImpl.java:62)
	at java.base/jdk.internal.reflect.DelegatingMethodAccessorImpl.invoke(DelegatingMethodAccessorImpl.java:43)
	at java.base/java.lang.reflect.Method.invoke(Method.java:566)
	at org.eclipse.equinox.internal.ds.model.ServiceComponent.activate(ServiceComponent.java:260)
	at org.eclipse.equinox.internal.ds.model.ServiceComponentProp.activate(ServiceComponentProp.java:146)
	at org.eclipse.equinox.internal.ds.model.ServiceComponentProp.build(ServiceComponentProp.java:345)
	at org.eclipse.equinox.internal.ds.InstanceProcess.buildComponent(InstanceProcess.java:620)
	at org.eclipse.equinox.internal.ds.InstanceProcess.buildComponents(InstanceProcess.java:197)
	at org.eclipse.equinox.internal.ds.Resolver.getEligible(Resolver.java:343)
	at org.eclipse.equinox.internal.ds.SCRManager.serviceChanged(SCRManager.java:222)
	at org.eclipse.osgi.internal.serviceregistry.FilteredServiceListener.serviceChanged(FilteredServiceListener.java:113)
	at org.eclipse.osgi.internal.framework.BundleContextImpl.dispatchEvent(BundleContextImpl.java:985)
	at org.eclipse.osgi.framework.eventmgr.EventManager.dispatchEvent(EventManager.java:234)
	at org.eclipse.osgi.framework.eventmgr.ListenerQueue.dispatchEventSynchronous(ListenerQueue.java:151)
	at org.eclipse.osgi.internal.serviceregistry.ServiceRegistry.publishServiceEventPrivileged(ServiceRegistry.java:866)
	at org.eclipse.osgi.internal.serviceregistry.ServiceRegistry.publishServiceEvent(ServiceRegistry.java:804)
	at org.eclipse.osgi.internal.serviceregistry.ServiceRegistrationImpl.register(ServiceRegistrationImpl.java:130)
	at org.eclipse.osgi.internal.serviceregistry.ServiceRegistry.registerService(ServiceRegistry.java:228)
	at org.eclipse.osgi.internal.framework.BundleContextImpl.registerService(BundleContextImpl.java:525)
	at org.eclipse.osgi.internal.framework.BundleContextImpl.registerService(BundleContextImpl.java:544)
	at org.wso2.carbon.core.init.CarbonServerManager.initializeCarbon(CarbonServerManager.java:529)
	at org.wso2.carbon.core.init.CarbonServerManager.removePendingItem(CarbonServerManager.java:305)
	at org.wso2.carbon.core.init.PreAxis2ConfigItemListener.bundleChanged(PreAxis2ConfigItemListener.java:118)
	at org.eclipse.osgi.internal.framework.BundleContextImpl.dispatchEvent(BundleContextImpl.java:973)
	at org.eclipse.osgi.framework.eventmgr.EventManager.dispatchEvent(EventManager.java:234)
	at org.eclipse.osgi.framework.eventmgr.EventManager$EventThread.run(EventManager.java:345)
Caused by: org.apache.axis2.deployment.DeploymentException: API deployment from the file : /home/akila/Work/tutorials/WSO2-ESB/ESB/wso2ei-6.6.0/wso2/tmp/carbonapps/-1234/1621001011273DS_AssignmentCompositeExporter_1.0.0.car/news_1.0.0/news-1.0.0.xml : Failed.
	at org.apache.synapse.deployers.AbstractSynapseArtifactDeployer.deploy(AbstractSynapseArtifactDeployer.java:210)
	... 54 more
Caused by: org.apache.synapse.deployers.SynapseArtifactDeploymentException: API deployment from the file : /home/akila/Work/tutorials/WSO2-ESB/ESB/wso2ei-6.6.0/wso2/tmp/carbonapps/-1234/1621001011273DS_AssignmentCompositeExporter_1.0.0.car/news_1.0.0/news-1.0.0.xml : Failed.
	at org.apache.synapse.deployers.AbstractSynapseArtifactDeployer.handleSynapseArtifactDeploymentError(AbstractSynapseArtifactDeployer.java:483)
	at org.apache.synapse.deployers.APIDeployer.deploySynapseArtifact(APIDeployer.java:71)
	at org.wso2.carbon.rest.api.ApiDeployer.deploySynapseArtifact(ApiDeployer.java:34)
	at org.apache.synapse.deployers.AbstractSynapseArtifactDeployer.deploy(AbstractSynapseArtifactDeployer.java:200)
	... 54 more
Caused by: org.apache.synapse.SynapseException: URL context: /news is already registered with the API: test2
	at org.apache.synapse.config.SynapseConfiguration.handleException(SynapseConfiguration.java:1667)
	at org.apache.synapse.config.SynapseConfiguration.addAPI(SynapseConfiguration.java:421)
	at org.apache.synapse.config.SynapseConfiguration.addAPI(SynapseConfiguration.java:414)
	at org.apache.synapse.deployers.APIDeployer.deploySynapseArtifact(APIDeployer.java:59)
	... 56 more

TID: [-1234] [] [2021-05-14 19:33:31,392]  INFO {org.wso2.carbon.application.deployer.internal.ApplicationManager} - Reverting successfully deployed artifcats in this CApp : DS_AssignmentCompositeExporter_1.0.0
TID: [-1234] [] [2021-05-14 19:33:31,399]  INFO {org.wso2.carbon.application.deployer.internal.ApplicationManager} - Deploying Carbon Application : testCompositeExporter_1.0.0.car...
TID: [-1234] [] [2021-05-14 19:33:31,412]  INFO {org.wso2.carbon.mediation.dependency.mgt.DependencyTracker} - Endpoint : test was added to the Synapse configuration successfully - [ Deployed From Artifact Container: testCompositeExporter ] 
TID: [-1234] [] [2021-05-14 19:33:31,413]  INFO {org.apache.synapse.deployers.EndpointDeployer} - Endpoint named 'test' has been deployed from file : /home/akila/Work/tutorials/WSO2-ESB/ESB/wso2ei-6.6.0/wso2/tmp/carbonapps/-1234/1621001011400testCompositeExporter_1.0.0.car/test_1.0.0/test-1.0.0.xml
TID: [-1234] [] [2021-05-14 19:33:31,416]  INFO {org.apache.synapse.rest.API} - Initializing API: HealthcareAPI
TID: [-1234] [] [2021-05-14 19:33:31,417]  INFO {org.wso2.carbon.mediation.dependency.mgt.DependencyTracker} - API : HealthcareAPI was added to the Synapse configuration successfully - [ Deployed From Artifact Container: testCompositeExporter ] 
TID: [-1234] [] [2021-05-14 19:33:31,418]  INFO {org.apache.synapse.deployers.APIDeployer} - API named 'HealthcareAPI' has been deployed from file : /home/akila/Work/tutorials/WSO2-ESB/ESB/wso2ei-6.6.0/wso2/tmp/carbonapps/-1234/1621001011400testCompositeExporter_1.0.0.car/HealthcareAPI_1.0.0/HealthcareAPI-1.0.0.xml
TID: [-1234] [] [2021-05-14 19:33:31,419]  INFO {org.wso2.carbon.application.deployer.internal.ApplicationManager} - Successfully Deployed Carbon Application : testCompositeExporter_1.0.0 {super-tenant}
TID: [-1234] [] [2021-05-14 19:33:31,424]  INFO {org.apache.synapse.transport.vfs.VFSTransportListener} - VFS listener started
TID: [-1234] [] [2021-05-14 19:33:31,426]  INFO {org.apache.synapse.transport.passthru.PassThroughHttpListener} - Starting Pass-through HTTP Listener...
TID: [-1234] [] [2021-05-14 19:33:31,439]  INFO {org.apache.synapse.transport.passthru.core.PassThroughListeningIOReactorManager} - Pass-through HTTP Listener started on 0.0.0.0:8280
TID: [-1234] [] [2021-05-14 19:33:31,440]  INFO {org.apache.synapse.transport.passthru.PassThroughHttpSSLListener} - Starting Pass-through HTTPS Listener...
TID: [-1234] [] [2021-05-14 19:33:31,443]  INFO {org.apache.synapse.transport.passthru.core.PassThroughListeningIOReactorManager} - Pass-through HTTPS Listener started on 0.0.0.0:8243
TID: [-1234] [] [2021-05-14 19:33:31,822]  INFO {org.wso2.carbon.ntask.core.service.impl.TaskServiceImpl} - Task service starting in STANDALONE mode...
TID: [-1234] [] [2021-05-14 19:33:31,845]  INFO {org.wso2.carbon.mediation.ntask.NTaskTaskManager} - Initialized task manager. Tenant [-1234]
TID: [-1234] [] [2021-05-14 19:33:31,990]  INFO {org.wso2.carbon.core.init.JMXServerManager} - JMX Service URL  : service:jmx:rmi://localhost:11111/jndi/rmi://localhost:9999/jmxrmi
TID: [-1234] [] [2021-05-14 19:33:31,995]  INFO {org.wso2.carbon.core.internal.StartupFinalizerServiceComponent} - Server           :  WSO2 Enterprise Integrator-6.6.0
TID: [-1234] [] [2021-05-14 19:33:31,996]  INFO {org.wso2.carbon.core.internal.StartupFinalizerServiceComponent} - WSO2 Carbon started in 39 sec
TID: [-1234] [] [2021-05-14 19:33:32,949]  INFO {org.wso2.carbon.ui.internal.CarbonUIServiceComponent} - Mgt Console URL  : https://172.31.200.2:9443/carbon/
TID: [-1234] [] [2021-05-14 19:33:48,299]  INFO {org.wso2.carbon.core.services.util.CarbonAuthenticationUtil} - 'admin@carbon.super [-1234]' logged in at [2021-05-14 19:33:48,299+0530]
TID: [-1234] [] [2021-05-14 19:35:08,095]  INFO {org.apache.synapse.mediators.builtin.LogMediator} - main sequence executed for call to non-existent = /locations
TID: [-1234] [] [2021-05-14 19:36:37,501]  INFO {org.apache.synapse.mediators.builtin.LogMediator} - main sequence executed for call to non-existent = /locations
TID: [-1234] [] [2021-05-14 19:36:53,928]  INFO {org.apache.synapse.mediators.builtin.LogMediator} - message = logged into the delivery-pending api
TID: [-1234] [] [2021-05-14 19:36:53,933]  INFO {org.apache.synapse.core.axis2.TimeoutHandler} - This engine will expire all callbacks after GLOBAL_TIMEOUT: 120 seconds, irrespective of the timeout action, after the specified or optional timeout
TID: [-1234] [] [2021-05-14 19:36:59,175]  INFO {org.apache.synapse.mediators.builtin.LogMediator} - message = case api logged
TID: [-1234] [] [2021-05-14 19:36:59,175]  INFO {org.apache.synapse.mediators.builtin.LogMediator} - message = case api logged
TID: [-1234] [] [2021-05-14 19:36:59,217]  INFO {org.apache.synapse.mediators.builtin.LogMediator} - message = logging into the cities api end point
TID: [-1234] [] [2021-05-14 19:36:59,217]  INFO {org.apache.synapse.mediators.builtin.LogMediator} - message = logging into the states endpoint
TID: [-1234] [] [2021-05-14 19:37:14,954]  INFO {org.apache.synapse.mediators.builtin.LogMediator} - main sequence executed for call to non-existent = /locations
TID: [-1234] [AuthenticationAdmin] [2021-05-14 19:42:22,125]  INFO {org.wso2.carbon.core.services.util.CarbonAuthenticationUtil} - 'admin@carbon.super [-1234]' logged in at [2021-05-14 19:42:22,125+0530]
TID: [-1234] [AuthenticationAdmin] [2021-05-14 19:42:27,160]  INFO {org.wso2.carbon.core.services.util.CarbonAuthenticationUtil} - 'admin@carbon.super [-1234]' logged in at [2021-05-14 19:42:27,159+0530]
TID: [-1234] [] [2021-05-14 19:42:31,558]  INFO {org.wso2.carbon.application.deployer.internal.ApplicationManager} - Undeploying Carbon Application : DS-assignmentCompositeExporter_1.0.0...
TID: [-1234] [] [2021-05-14 19:42:31,614]  INFO {org.wso2.carbon.mediation.dependency.mgt.DependencyTracker} - API : delivery_API was removed from the Synapse configuration successfully - [ Deployed From Artifact Container: DS-assignmentCompositeExporter ] 
TID: [-1234] [] [2021-05-14 19:42:31,616]  INFO {org.apache.synapse.deployers.APIDeployer} - API named 'delivery_API' has been undeployed
TID: [-1234] [] [2021-05-14 19:42:31,624]  INFO {org.wso2.carbon.mediation.dependency.mgt.DependencyTracker} - API : user_API was removed from the Synapse configuration successfully - [ Deployed From Artifact Container: DS-assignmentCompositeExporter ] 
TID: [-1234] [] [2021-05-14 19:42:31,625]  INFO {org.apache.synapse.deployers.APIDeployer} - API named 'user_API' has been undeployed
TID: [-1234] [] [2021-05-14 19:42:31,626]  INFO {org.apache.synapse.deployers.EndpointDeployer} - Endpoint named 'buyer-login' has been undeployed
TID: [-1234] [] [2021-05-14 19:42:31,627]  INFO {org.apache.synapse.deployers.EndpointDeployer} - Endpoint named 'cities-endpoint' has been undeployed
TID: [-1234] [] [2021-05-14 19:42:31,630]  INFO {org.apache.synapse.deployers.EndpointDeployer} - Endpoint named 'create_delivery' has been undeployed
TID: [-1234] [] [2021-05-14 19:42:31,632]  INFO {org.apache.synapse.deployers.EndpointDeployer} - Endpoint named 'delivery_endpoint' has been undeployed
TID: [-1234] [] [2021-05-14 19:42:31,633]  INFO {org.apache.synapse.deployers.EndpointDeployer} - Endpoint named 'get-pending-orders' has been undeployed
TID: [-1234] [] [2021-05-14 19:42:31,634]  INFO {org.apache.synapse.deployers.EndpointDeployer} - Endpoint named 'get-single-seller' has been undeployed
TID: [-1234] [] [2021-05-14 19:42:31,635]  INFO {org.apache.synapse.deployers.EndpointDeployer} - Endpoint named 'seller-login' has been undeployed
TID: [-1234] [] [2021-05-14 19:42:31,636]  INFO {org.apache.synapse.deployers.EndpointDeployer} - Endpoint named 'states-endpoint' has been undeployed
TID: [-1234] [] [2021-05-14 19:42:31,637]  INFO {org.apache.synapse.deployers.EndpointDeployer} - Endpoint named 'update-delivery' has been undeployed
TID: [-1234] [] [2021-05-14 19:42:31,637]  INFO {org.apache.synapse.deployers.EndpointDeployer} - Endpoint named 'user-signup' has been undeployed
TID: [-1234] [] [2021-05-14 19:42:31,640]  INFO {org.wso2.carbon.application.deployer.internal.ApplicationManager} - Successfully Undeployed Carbon Application : DS-assignmentCompositeExporter_1.0.0 {super-tenant}
TID: [-1234] [] [2021-05-14 19:42:31,641]  INFO {org.wso2.carbon.application.deployer.internal.ApplicationManager} - Deploying Carbon Application : DS-assignmentCompositeExporter_1.0.0.car...
TID: [-1234] [] [2021-05-14 19:42:31,662]  INFO {org.wso2.carbon.mediation.dependency.mgt.DependencyTracker} - Endpoint : buyer-login was added to the Synapse configuration successfully - [ Deployed From Artifact Container: DS-assignmentCompositeExporter ] 
TID: [-1234] [] [2021-05-14 19:42:31,663]  INFO {org.apache.synapse.deployers.EndpointDeployer} - Endpoint named 'buyer-login' has been deployed from file : /home/akila/Work/tutorials/WSO2-ESB/ESB/wso2ei-6.6.0/wso2/tmp/carbonapps/-1234/1621001551642DS-assignmentCompositeExporter_1.0.0.car/buyer-login_1.0.0/buyer-login-1.0.0.xml
TID: [-1234] [] [2021-05-14 19:42:31,664]  INFO {org.wso2.carbon.mediation.dependency.mgt.DependencyTracker} - Endpoint : cities-endpoint was added to the Synapse configuration successfully - [ Deployed From Artifact Container: DS-assignmentCompositeExporter ] 
TID: [-1234] [] [2021-05-14 19:42:31,665]  INFO {org.apache.synapse.deployers.EndpointDeployer} - Endpoint named 'cities-endpoint' has been deployed from file : /home/akila/Work/tutorials/WSO2-ESB/ESB/wso2ei-6.6.0/wso2/tmp/carbonapps/-1234/1621001551642DS-assignmentCompositeExporter_1.0.0.car/cities-endpoint_1.0.0/cities-endpoint-1.0.0.xml
TID: [-1234] [] [2021-05-14 19:42:31,667]  INFO {org.wso2.carbon.mediation.dependency.mgt.DependencyTracker} - Endpoint : create_delivery was added to the Synapse configuration successfully - [ Deployed From Artifact Container: DS-assignmentCompositeExporter ] 
TID: [-1234] [] [2021-05-14 19:42:31,667]  INFO {org.apache.synapse.deployers.EndpointDeployer} - Endpoint named 'create_delivery' has been deployed from file : /home/akila/Work/tutorials/WSO2-ESB/ESB/wso2ei-6.6.0/wso2/tmp/carbonapps/-1234/1621001551642DS-assignmentCompositeExporter_1.0.0.car/create_delivery_1.0.0/create_delivery-1.0.0.xml
TID: [-1234] [] [2021-05-14 19:42:31,669]  INFO {org.wso2.carbon.mediation.dependency.mgt.DependencyTracker} - Endpoint : delivery_endpoint was added to the Synapse configuration successfully - [ Deployed From Artifact Container: DS-assignmentCompositeExporter ] 
TID: [-1234] [] [2021-05-14 19:42:31,669]  INFO {org.apache.synapse.deployers.EndpointDeployer} - Endpoint named 'delivery_endpoint' has been deployed from file : /home/akila/Work/tutorials/WSO2-ESB/ESB/wso2ei-6.6.0/wso2/tmp/carbonapps/-1234/1621001551642DS-assignmentCompositeExporter_1.0.0.car/delivery_endpoint_1.0.0/delivery_endpoint-1.0.0.xml
TID: [-1234] [] [2021-05-14 19:42:31,670]  INFO {org.wso2.carbon.mediation.dependency.mgt.DependencyTracker} - Endpoint : get-pending-orders was added to the Synapse configuration successfully - [ Deployed From Artifact Container: DS-assignmentCompositeExporter ] 
TID: [-1234] [] [2021-05-14 19:42:31,671]  INFO {org.apache.synapse.deployers.EndpointDeployer} - Endpoint named 'get-pending-orders' has been deployed from file : /home/akila/Work/tutorials/WSO2-ESB/ESB/wso2ei-6.6.0/wso2/tmp/carbonapps/-1234/1621001551642DS-assignmentCompositeExporter_1.0.0.car/get-pending-orders_1.0.0/get-pending-orders-1.0.0.xml
TID: [-1234] [] [2021-05-14 19:42:31,672]  INFO {org.wso2.carbon.mediation.dependency.mgt.DependencyTracker} - Endpoint : get-single-seller was added to the Synapse configuration successfully - [ Deployed From Artifact Container: DS-assignmentCompositeExporter ] 
TID: [-1234] [] [2021-05-14 19:42:31,673]  INFO {org.apache.synapse.deployers.EndpointDeployer} - Endpoint named 'get-single-seller' has been deployed from file : /home/akila/Work/tutorials/WSO2-ESB/ESB/wso2ei-6.6.0/wso2/tmp/carbonapps/-1234/1621001551642DS-assignmentCompositeExporter_1.0.0.car/get-single-seller_1.0.0/get-single-seller-1.0.0.xml
TID: [-1234] [] [2021-05-14 19:42:31,674]  INFO {org.wso2.carbon.mediation.dependency.mgt.DependencyTracker} - Endpoint : location_endpoints was added to the Synapse configuration successfully - [ Deployed From Artifact Container: DS-assignmentCompositeExporter ] 
TID: [-1234] [] [2021-05-14 19:42:31,675]  INFO {org.apache.synapse.deployers.EndpointDeployer} - Endpoint named 'location_endpoints' has been deployed from file : /home/akila/Work/tutorials/WSO2-ESB/ESB/wso2ei-6.6.0/wso2/tmp/carbonapps/-1234/1621001551642DS-assignmentCompositeExporter_1.0.0.car/location_endpoints_1.0.0/location_endpoints-1.0.0.xml
TID: [-1234] [] [2021-05-14 19:42:31,676]  INFO {org.wso2.carbon.mediation.dependency.mgt.DependencyTracker} - Endpoint : seller-login was added to the Synapse configuration successfully - [ Deployed From Artifact Container: DS-assignmentCompositeExporter ] 
TID: [-1234] [] [2021-05-14 19:42:31,677]  INFO {org.apache.synapse.deployers.EndpointDeployer} - Endpoint named 'seller-login' has been deployed from file : /home/akila/Work/tutorials/WSO2-ESB/ESB/wso2ei-6.6.0/wso2/tmp/carbonapps/-1234/1621001551642DS-assignmentCompositeExporter_1.0.0.car/seller-login_1.0.0/seller-login-1.0.0.xml
TID: [-1234] [] [2021-05-14 19:42:31,680]  INFO {org.wso2.carbon.mediation.dependency.mgt.DependencyTracker} - Endpoint : states-endpoint was added to the Synapse configuration successfully - [ Deployed From Artifact Container: DS-assignmentCompositeExporter ] 
TID: [-1234] [] [2021-05-14 19:42:31,681]  INFO {org.apache.synapse.deployers.EndpointDeployer} - Endpoint named 'states-endpoint' has been deployed from file : /home/akila/Work/tutorials/WSO2-ESB/ESB/wso2ei-6.6.0/wso2/tmp/carbonapps/-1234/1621001551642DS-assignmentCompositeExporter_1.0.0.car/states-endpoint_1.0.0/states-endpoint-1.0.0.xml
TID: [-1234] [] [2021-05-14 19:42:31,682]  INFO {org.wso2.carbon.mediation.dependency.mgt.DependencyTracker} - Endpoint : update-delivery was added to the Synapse configuration successfully - [ Deployed From Artifact Container: DS-assignmentCompositeExporter ] 
TID: [-1234] [] [2021-05-14 19:42:31,683]  INFO {org.apache.synapse.deployers.EndpointDeployer} - Endpoint named 'update-delivery' has been deployed from file : /home/akila/Work/tutorials/WSO2-ESB/ESB/wso2ei-6.6.0/wso2/tmp/carbonapps/-1234/1621001551642DS-assignmentCompositeExporter_1.0.0.car/update-delivery_1.0.0/update-delivery-1.0.0.xml
TID: [-1234] [] [2021-05-14 19:42:31,684]  INFO {org.wso2.carbon.mediation.dependency.mgt.DependencyTracker} - Endpoint : user-signup was added to the Synapse configuration successfully - [ Deployed From Artifact Container: DS-assignmentCompositeExporter ] 
TID: [-1234] [] [2021-05-14 19:42:31,685]  INFO {org.apache.synapse.deployers.EndpointDeployer} - Endpoint named 'user-signup' has been deployed from file : /home/akila/Work/tutorials/WSO2-ESB/ESB/wso2ei-6.6.0/wso2/tmp/carbonapps/-1234/1621001551642DS-assignmentCompositeExporter_1.0.0.car/user-signup_1.0.0/user-signup-1.0.0.xml
TID: [-1234] [] [2021-05-14 19:42:31,689]  INFO {org.apache.synapse.rest.API} - Initializing API: delivery_API
TID: [-1234] [] [2021-05-14 19:42:31,691]  INFO {org.wso2.carbon.mediation.dependency.mgt.DependencyTracker} - API : delivery_API was added to the Synapse configuration successfully - [ Deployed From Artifact Container: DS-assignmentCompositeExporter ] 
TID: [-1234] [] [2021-05-14 19:42:31,692]  INFO {org.apache.synapse.deployers.APIDeployer} - API named 'delivery_API' has been deployed from file : /home/akila/Work/tutorials/WSO2-ESB/ESB/wso2ei-6.6.0/wso2/tmp/carbonapps/-1234/1621001551642DS-assignmentCompositeExporter_1.0.0.car/delivery_API_1.0.0/delivery_API-1.0.0.xml
TID: [-1234] [] [2021-05-14 19:42:31,695]  INFO {org.apache.synapse.rest.API} - Initializing API: location_API
TID: [-1234] [] [2021-05-14 19:42:31,697]  INFO {org.wso2.carbon.mediation.dependency.mgt.DependencyTracker} - API : location_API was added to the Synapse configuration successfully - [ Deployed From Artifact Container: DS-assignmentCompositeExporter ] 
TID: [-1234] [] [2021-05-14 19:42:31,697]  INFO {org.apache.synapse.deployers.APIDeployer} - API named 'location_API' has been deployed from file : /home/akila/Work/tutorials/WSO2-ESB/ESB/wso2ei-6.6.0/wso2/tmp/carbonapps/-1234/1621001551642DS-assignmentCompositeExporter_1.0.0.car/location_API_1.0.0/location_API-1.0.0.xml
TID: [-1234] [] [2021-05-14 19:42:31,701]  INFO {org.apache.synapse.rest.API} - Initializing API: user_API
TID: [-1234] [] [2021-05-14 19:42:31,702]  INFO {org.wso2.carbon.mediation.dependency.mgt.DependencyTracker} - API : user_API was added to the Synapse configuration successfully - [ Deployed From Artifact Container: DS-assignmentCompositeExporter ] 
TID: [-1234] [] [2021-05-14 19:42:31,702]  INFO {org.apache.synapse.deployers.APIDeployer} - API named 'user_API' has been deployed from file : /home/akila/Work/tutorials/WSO2-ESB/ESB/wso2ei-6.6.0/wso2/tmp/carbonapps/-1234/1621001551642DS-assignmentCompositeExporter_1.0.0.car/user_API_1.0.0/user_API-1.0.0.xml
TID: [-1234] [] [2021-05-14 19:42:31,703]  INFO {org.wso2.carbon.application.deployer.internal.ApplicationManager} - Successfully Deployed Carbon Application : DS-assignmentCompositeExporter_1.0.0 {super-tenant}
TID: [-1234] [] [2021-05-14 19:42:50,090]  INFO {org.apache.synapse.mediators.builtin.LogMediator} - message = logged into the locations api
TID: [-1234] [] [2021-05-14 21:09:48,249]  INFO {org.wso2.carbon.core.init.CarbonServerManager} - Shutdown hook triggered....
TID: [-1234] [] [2021-05-14 21:09:48,251]  INFO {org.wso2.carbon.core.init.CarbonServerManager} - Gracefully shutting down WSO2 Enterprise Integrator...
TID: [-1234] [] [2021-05-14 21:09:48,276]  INFO {org.wso2.carbon.core.ServerManagement} - Starting to switch to maintenance mode...
TID: [-1234] [] [2021-05-14 21:09:48,277]  INFO {org.apache.synapse.transport.vfs.VFSTransportListener} - VFS Listener Shutdown
TID: [-1234] [] [2021-05-14 21:09:48,279]  INFO {org.apache.synapse.transport.passthru.PassThroughHttpListener} - Stopping Pass-through HTTP Listener..
TID: [-1234] [] [2021-05-14 21:09:48,280]  INFO {org.apache.synapse.transport.passthru.core.PassThroughListeningIOReactorManager} - Shutting down IO Reactor bind for port 8280
TID: [-1] [] [2021-05-14 21:09:48,304]  INFO {org.apache.synapse.transport.passthru.core.PassThroughListeningIOReactorManager} - HTTP-Listener I/O dispatcher Listener shutdown.
TID: [-1234] [] [2021-05-14 21:09:48,310]  INFO {org.apache.synapse.transport.passthru.PassThroughHttpSSLListener} - Stopping Pass-through HTTPS Listener..
TID: [-1234] [] [2021-05-14 21:09:48,310]  INFO {org.apache.synapse.transport.passthru.core.PassThroughListeningIOReactorManager} - Shutting down IO Reactor bind for port 8243
TID: [-1] [] [2021-05-14 21:09:48,342]  INFO {org.apache.synapse.transport.passthru.core.PassThroughListeningIOReactorManager} - HTTPS-Listener I/O dispatcher Listener shutdown.
TID: [-1234] [] [2021-05-14 21:09:48,343]  INFO {org.wso2.carbon.core.ServerManagement} - Stopped all transport listeners
TID: [-1234] [] [2021-05-14 21:09:48,343]  INFO {org.wso2.carbon.core.ServerManagement} - Waiting for request service completion...
TID: [-1234] [] [2021-05-14 21:09:48,359]  INFO {org.wso2.carbon.core.ServerManagement} - All requests have been served.
TID: [-1234] [] [2021-05-14 21:09:48,360]  INFO {org.wso2.carbon.core.ServerManagement} - Waiting for deployment completion...
TID: [-1234] [odata] [2021-05-14 21:09:49,015]  INFO {org.wso2.carbon.webapp.mgt.WebApplication} - Unloaded webapp: StandardEngine[Catalina].StandardHost[localhost].StandardContext[/odata]
TID: [-1234] [odata] [2021-05-14 21:09:49,016]  INFO {org.wso2.carbon.core.ServerManagement} - All deployment tasks have been completed.
TID: [-1234] [odata] [2021-05-14 21:09:49,017]  INFO {org.wso2.carbon.core.ServerManagement} - Waiting for server task completion...
TID: [-1234] [odata] [2021-05-14 21:09:49,018]  INFO {org.wso2.carbon.core.ServerManagement} - All server tasks have been completed.
TID: [-1234] [odata] [2021-05-14 21:09:49,018]  INFO {org.wso2.carbon.core.init.CarbonServerManager} - Shutting down WSO2 Enterprise Integrator...
TID: [-1234] [odata] [2021-05-14 21:09:49,019]  INFO {org.wso2.carbon.core.init.CarbonServerManager} - Shutting down OSGi framework...
TID: [-1234] [] [2021-05-14 21:09:49,067]  INFO {org.wso2.carbon.core.init.CarbonServerManager} - Stopping CarbonServerManager...
TID: [-1234] [] [2021-05-14 21:09:49,069]  INFO {org.apache.synapse.transport.vfs.VFSTransportSender} - VFS Sender Shutdown
TID: [-1] [] [2021-05-14 21:09:49,071]  INFO {org.apache.synapse.transport.passthru.PassThroughHttpSender} - HTTP Sender shutdown
TID: [-1] [] [2021-05-14 21:09:49,071]  INFO {org.apache.synapse.transport.passthru.PassThroughHttpSSLSender} - HTTPS Sender shutdown
TID: [-1234] [] [2021-05-14 21:09:49,073]  INFO {org.apache.synapse.transport.passthru.PassThroughHttpListener} - Destroying PassThroughHttpListener
TID: [-1234] [] [2021-05-14 21:09:49,074]  INFO {org.apache.synapse.transport.passthru.PassThroughHttpSSLListener} - Destroying PassThroughHttpListener
TID: [-1234] [odata] [2021-05-14 21:09:49,124]  INFO {org.apache.synapse.Axis2SynapseController} - Undeploying the Synapse service...
TID: [-1234] [odata] [2021-05-14 21:09:49,125]  INFO {org.apache.synapse.Axis2SynapseController} - Undeploying Proxy services...
TID: [-1234] [odata] [2021-05-14 21:09:49,125]  INFO {org.apache.synapse.Axis2SynapseController} - Undeploying EventSources...
TID: [-1234] [odata] [2021-05-14 21:09:49,127]  INFO {org.apache.synapse.rest.API} - Destroying API: HealthcareAPI
TID: [-1234] [odata] [2021-05-14 21:09:49,129]  INFO {org.apache.synapse.rest.API} - Destroying API: location_API
TID: [-1234] [odata] [2021-05-14 21:09:49,131]  INFO {org.apache.synapse.rest.API} - Destroying API: delivery_API
TID: [-1234] [odata] [2021-05-14 21:09:49,141]  INFO {org.apache.synapse.rest.API} - Destroying API: user_API
TID: [-1234] [odata] [2021-05-14 21:09:49,142]  INFO {org.apache.synapse.rest.API} - Destroying API: test2
TID: [-1234] [odata] [2021-05-14 21:09:49,143]  INFO {org.apache.synapse.task.SynapseTaskManager} - Shutting down the task manager
TID: [-1234] [odata] [2021-05-14 21:09:49,304]  INFO {org.wso2.carbon.tomcat.ext.internal.CarbonTomcatServiceComponent} - Stopping the carbon web-app registered under : /
TID: [-1234] [odata] [2021-05-14 21:09:49,415]  INFO {org.wso2.carbon.event.publisher.core.EventPublisherDeployer} - Event Publisher undeployed successfully : MessageFlowStatisticsPublisher.xml
TID: [-1234] [odata] [2021-05-14 21:09:49,419]  INFO {org.wso2.carbon.event.publisher.core.EventPublisherDeployer} - Event Publisher deployment held back and in inactive state : MessageFlowStatisticsPublisher.xml, waiting for Output Event Adapter dependency : wso2event
TID: [-1234] [odata] [2021-05-14 21:09:49,419]  INFO {org.wso2.carbon.event.publisher.core.internal.CarbonEventPublisherService} - Event publisher : MessageFlowStatisticsPublisher  is in inactive state because dependency could not be found : wso2event
TID: [-1234] [odata] [2021-05-14 21:09:49,419]  INFO {org.wso2.carbon.event.publisher.core.EventPublisherDeployer} - Event Publisher undeployed successfully : MessageFlowConfigurationPublisher.xml
TID: [-1234] [odata] [2021-05-14 21:09:49,421]  INFO {org.wso2.carbon.event.publisher.core.EventPublisherDeployer} - Event Publisher deployment held back and in inactive state : MessageFlowConfigurationPublisher.xml, waiting for Output Event Adapter dependency : wso2event
TID: [-1234] [odata] [2021-05-14 21:09:49,421]  INFO {org.wso2.carbon.event.publisher.core.internal.CarbonEventPublisherService} - Event publisher : MessageFlowConfigurationPublisher  is in inactive state because dependency could not be found : wso2event
TID: [-1234] [odata] [2021-05-14 21:09:49,435]  INFO {org.wso2.carbon.dataservices.google.tokengen.servlet.internal.GoogleTokenGenDSComponent} - Deactivating Google Tokengen DS component
TID: [-1234] [] [2021-05-14 21:09:49,851]  INFO {org.wso2.carbon.core.init.CarbonServerManager} - Shutdown complete 
TID: [-1234] [] [2021-05-14 21:09:49,852]  INFO {org.wso2.carbon.core.init.CarbonServerManager} - Halting JVM 
