TID: [-1234] [] [2021-05-10 01:15:33,919]  INFO {org.wso2.carbon.core.init.CarbonServerManager} - Shutdown hook triggered....
TID: [-1234] [] [2021-05-10 01:15:33,919]  INFO {org.wso2.carbon.application.deployer.internal.ApplicationManager} - Undeploying Carbon Application : DS-assignmentCompositeExporter_1.0.0...
TID: [-1234] [] [2021-05-10 01:15:33,998]  INFO {org.wso2.carbon.core.init.CarbonServerManager} - Gracefully shutting down WSO2 Enterprise Integrator...
TID: [-1234] [] [2021-05-10 01:15:34,067]  INFO {org.wso2.carbon.core.ServerManagement} - Starting to switch to maintenance mode...
TID: [-1234] [] [2021-05-10 01:15:34,067]  INFO {org.apache.synapse.transport.vfs.VFSTransportListener} - VFS Listener Shutdown
TID: [-1234] [] [2021-05-10 01:15:34,068]  INFO {org.apache.synapse.transport.passthru.PassThroughHttpListener} - Stopping Pass-through HTTP Listener..
TID: [-1234] [] [2021-05-10 01:15:34,068]  INFO {org.apache.synapse.transport.passthru.core.PassThroughListeningIOReactorManager} - Shutting down IO Reactor bind for port 8280
TID: [-1] [] [2021-05-10 01:15:34,109]  INFO {org.apache.synapse.transport.passthru.core.PassThroughListeningIOReactorManager} - HTTP-Listener I/O dispatcher Listener shutdown.
TID: [-1234] [] [2021-05-10 01:15:34,110]  INFO {org.apache.synapse.transport.passthru.PassThroughHttpSSLListener} - Stopping Pass-through HTTPS Listener..
TID: [-1234] [] [2021-05-10 01:15:34,111]  INFO {org.apache.synapse.transport.passthru.core.PassThroughListeningIOReactorManager} - Shutting down IO Reactor bind for port 8243
TID: [-1] [] [2021-05-10 01:15:34,125]  INFO {org.apache.synapse.transport.passthru.core.PassThroughListeningIOReactorManager} - HTTPS-Listener I/O dispatcher Listener shutdown.
TID: [-1234] [] [2021-05-10 01:15:34,125]  INFO {org.wso2.carbon.core.ServerManagement} - Stopped all transport listeners
TID: [-1234] [] [2021-05-10 01:15:34,125]  INFO {org.wso2.carbon.core.ServerManagement} - Waiting for request service completion...
TID: [-1234] [] [2021-05-10 01:15:34,126]  INFO {org.wso2.carbon.core.ServerManagement} - All requests have been served.
TID: [-1234] [] [2021-05-10 01:15:34,127]  INFO {org.wso2.carbon.core.ServerManagement} - Waiting for deployment completion...
TID: [-1234] [] [2021-05-10 01:15:34,271] ERROR {org.wso2.carbon.application.deployer.synapse.SynapseAppDeployer} - Error occured while trying to un deploy : delivery_API
TID: [-1234] [] [2021-05-10 01:15:34,274]  INFO {org.apache.synapse.deployers.EndpointDeployer} - Endpoint named 'cities-endpoint' has been undeployed
TID: [-1234] [] [2021-05-10 01:15:34,281]  INFO {org.apache.synapse.deployers.EndpointDeployer} - Endpoint named 'create_delivery' has been undeployed
TID: [-1234] [] [2021-05-10 01:15:34,292]  INFO {org.apache.synapse.deployers.EndpointDeployer} - Endpoint named 'delivery_endpoint' has been undeployed
TID: [-1234] [] [2021-05-10 01:15:34,317]  INFO {org.apache.synapse.deployers.EndpointDeployer} - Endpoint named 'get-pending-orders' has been undeployed
TID: [-1234] [] [2021-05-10 01:15:34,318]  INFO {org.apache.synapse.deployers.EndpointDeployer} - Endpoint named 'states-endpoint' has been undeployed
TID: [-1234] [] [2021-05-10 01:15:34,319]  INFO {org.apache.synapse.deployers.EndpointDeployer} - Endpoint named 'update-delivery' has been undeployed
TID: [-1234] [] [2021-05-10 01:15:34,322]  INFO {org.wso2.carbon.application.deployer.internal.ApplicationManager} - Successfully Undeployed Carbon Application : DS-assignmentCompositeExporter_1.0.0 {super-tenant}
TID: [-1234] [odata] [2021-05-10 01:15:34,421]  INFO {org.wso2.carbon.webapp.mgt.WebApplication} - Unloaded webapp: StandardEngine[Catalina].StandardHost[localhost].StandardContext[/odata]
TID: [-1234] [] [2021-05-10 01:15:34,422]  INFO {org.wso2.carbon.application.deployer.internal.ApplicationManager} - Deploying Carbon Application : DS-assignmentCompositeExporter_1.0.0.car...
TID: [-1234] [] [2021-05-10 01:15:34,472]  INFO {org.wso2.carbon.mediation.dependency.mgt.DependencyTracker} - Endpoint : buyer-login was added to the Synapse configuration successfully - [ Deployed From Artifact Container: DS-assignmentCompositeExporter ] 
TID: [-1234] [] [2021-05-10 01:15:34,472]  INFO {org.apache.synapse.deployers.EndpointDeployer} - Endpoint named 'buyer-login' has been deployed from file : /home/akila/Work/tutorials/WSO2-ESB/ESB/wso2ei-6.6.0/wso2/tmp/carbonapps/-1234/1620589534422DS-assignmentCompositeExporter_1.0.0.car/buyer-login_1.0.0/buyer-login-1.0.0.xml
TID: [-1234] [] [2021-05-10 01:15:34,478]  INFO {org.wso2.carbon.mediation.dependency.mgt.DependencyTracker} - Endpoint : cities-endpoint was added to the Synapse configuration successfully - [ Deployed From Artifact Container: DS-assignmentCompositeExporter ] 
TID: [-1234] [] [2021-05-10 01:15:34,479]  INFO {org.apache.synapse.deployers.EndpointDeployer} - Endpoint named 'cities-endpoint' has been deployed from file : /home/akila/Work/tutorials/WSO2-ESB/ESB/wso2ei-6.6.0/wso2/tmp/carbonapps/-1234/1620589534422DS-assignmentCompositeExporter_1.0.0.car/cities-endpoint_1.0.0/cities-endpoint-1.0.0.xml
TID: [-1234] [] [2021-05-10 01:15:34,480]  INFO {org.wso2.carbon.mediation.dependency.mgt.DependencyTracker} - Endpoint : create_delivery was added to the Synapse configuration successfully - [ Deployed From Artifact Container: DS-assignmentCompositeExporter ] 
TID: [-1234] [] [2021-05-10 01:15:34,480]  INFO {org.apache.synapse.deployers.EndpointDeployer} - Endpoint named 'create_delivery' has been deployed from file : /home/akila/Work/tutorials/WSO2-ESB/ESB/wso2ei-6.6.0/wso2/tmp/carbonapps/-1234/1620589534422DS-assignmentCompositeExporter_1.0.0.car/create_delivery_1.0.0/create_delivery-1.0.0.xml
TID: [-1234] [] [2021-05-10 01:15:34,482]  INFO {org.wso2.carbon.mediation.dependency.mgt.DependencyTracker} - Endpoint : delivery_endpoint was added to the Synapse configuration successfully - [ Deployed From Artifact Container: DS-assignmentCompositeExporter ] 
TID: [-1234] [] [2021-05-10 01:15:34,483]  INFO {org.apache.synapse.deployers.EndpointDeployer} - Endpoint named 'delivery_endpoint' has been deployed from file : /home/akila/Work/tutorials/WSO2-ESB/ESB/wso2ei-6.6.0/wso2/tmp/carbonapps/-1234/1620589534422DS-assignmentCompositeExporter_1.0.0.car/delivery_endpoint_1.0.0/delivery_endpoint-1.0.0.xml
TID: [-1234] [] [2021-05-10 01:15:34,484]  INFO {org.wso2.carbon.mediation.dependency.mgt.DependencyTracker} - Endpoint : get-pending-orders was added to the Synapse configuration successfully - [ Deployed From Artifact Container: DS-assignmentCompositeExporter ] 
TID: [-1234] [] [2021-05-10 01:15:34,485]  INFO {org.apache.synapse.deployers.EndpointDeployer} - Endpoint named 'get-pending-orders' has been deployed from file : /home/akila/Work/tutorials/WSO2-ESB/ESB/wso2ei-6.6.0/wso2/tmp/carbonapps/-1234/1620589534422DS-assignmentCompositeExporter_1.0.0.car/get-pending-orders_1.0.0/get-pending-orders-1.0.0.xml
TID: [-1234] [] [2021-05-10 01:15:34,486]  INFO {org.wso2.carbon.mediation.dependency.mgt.DependencyTracker} - Endpoint : get-single-seller was added to the Synapse configuration successfully - [ Deployed From Artifact Container: DS-assignmentCompositeExporter ] 
TID: [-1234] [] [2021-05-10 01:15:34,488]  INFO {org.apache.synapse.deployers.EndpointDeployer} - Endpoint named 'get-single-seller' has been deployed from file : /home/akila/Work/tutorials/WSO2-ESB/ESB/wso2ei-6.6.0/wso2/tmp/carbonapps/-1234/1620589534422DS-assignmentCompositeExporter_1.0.0.car/get-single-seller_1.0.0/get-single-seller-1.0.0.xml
TID: [-1234] [] [2021-05-10 01:15:34,490]  INFO {org.wso2.carbon.mediation.dependency.mgt.DependencyTracker} - Endpoint : seller-login was added to the Synapse configuration successfully - [ Deployed From Artifact Container: DS-assignmentCompositeExporter ] 
TID: [-1234] [] [2021-05-10 01:15:34,491]  INFO {org.apache.synapse.deployers.EndpointDeployer} - Endpoint named 'seller-login' has been deployed from file : /home/akila/Work/tutorials/WSO2-ESB/ESB/wso2ei-6.6.0/wso2/tmp/carbonapps/-1234/1620589534422DS-assignmentCompositeExporter_1.0.0.car/seller-login_1.0.0/seller-login-1.0.0.xml
TID: [-1234] [] [2021-05-10 01:15:34,501]  INFO {org.wso2.carbon.mediation.dependency.mgt.DependencyTracker} - Endpoint : states-endpoint was added to the Synapse configuration successfully - [ Deployed From Artifact Container: DS-assignmentCompositeExporter ] 
TID: [-1234] [] [2021-05-10 01:15:34,502]  INFO {org.apache.synapse.deployers.EndpointDeployer} - Endpoint named 'states-endpoint' has been deployed from file : /home/akila/Work/tutorials/WSO2-ESB/ESB/wso2ei-6.6.0/wso2/tmp/carbonapps/-1234/1620589534422DS-assignmentCompositeExporter_1.0.0.car/states-endpoint_1.0.0/states-endpoint-1.0.0.xml
TID: [-1234] [] [2021-05-10 01:15:34,504]  INFO {org.wso2.carbon.mediation.dependency.mgt.DependencyTracker} - Endpoint : update-delivery was added to the Synapse configuration successfully - [ Deployed From Artifact Container: DS-assignmentCompositeExporter ] 
TID: [-1234] [] [2021-05-10 01:15:34,506]  INFO {org.apache.synapse.deployers.EndpointDeployer} - Endpoint named 'update-delivery' has been deployed from file : /home/akila/Work/tutorials/WSO2-ESB/ESB/wso2ei-6.6.0/wso2/tmp/carbonapps/-1234/1620589534422DS-assignmentCompositeExporter_1.0.0.car/update-delivery_1.0.0/update-delivery-1.0.0.xml
TID: [-1234] [] [2021-05-10 01:15:34,508]  INFO {org.wso2.carbon.mediation.dependency.mgt.DependencyTracker} - Endpoint : user-signup was added to the Synapse configuration successfully - [ Deployed From Artifact Container: DS-assignmentCompositeExporter ] 
TID: [-1234] [] [2021-05-10 01:15:34,509]  INFO {org.apache.synapse.deployers.EndpointDeployer} - Endpoint named 'user-signup' has been deployed from file : /home/akila/Work/tutorials/WSO2-ESB/ESB/wso2ei-6.6.0/wso2/tmp/carbonapps/-1234/1620589534422DS-assignmentCompositeExporter_1.0.0.car/user-signup_1.0.0/user-signup-1.0.0.xml
TID: [-1234] [] [2021-05-10 01:15:34,523]  INFO {org.apache.synapse.rest.API} - Initializing API: delivery_API
TID: [-1234] [] [2021-05-10 01:15:34,525] ERROR {org.apache.synapse.config.SynapseConfiguration} - Duplicate resource definition by the name: delivery_API
TID: [-1234] [] [2021-05-10 01:15:34,526] ERROR {org.wso2.carbon.rest.api.ApiDeployer} - API deployment from the file : /home/akila/Work/tutorials/WSO2-ESB/ESB/wso2ei-6.6.0/wso2/tmp/carbonapps/-1234/1620589534422DS-assignmentCompositeExporter_1.0.0.car/delivery_API_1.0.0/delivery_API-1.0.0.xml : Failed. org.apache.synapse.SynapseException: Duplicate resource definition by the name: delivery_API
	at org.apache.synapse.config.SynapseConfiguration.handleException(SynapseConfiguration.java:1667)
	at org.apache.synapse.config.SynapseConfiguration.addAPI(SynapseConfiguration.java:433)
	at org.apache.synapse.config.SynapseConfiguration.addAPI(SynapseConfiguration.java:414)
	at org.apache.synapse.deployers.APIDeployer.deploySynapseArtifact(APIDeployer.java:59)
	at org.wso2.carbon.rest.api.ApiDeployer.deploySynapseArtifact(ApiDeployer.java:34)
	at org.apache.synapse.deployers.AbstractSynapseArtifactDeployer.deploy(AbstractSynapseArtifactDeployer.java:200)
	at org.wso2.carbon.application.deployer.synapse.SynapseAppDeployer.deployArtifactType(SynapseAppDeployer.java:1099)
	at org.wso2.carbon.application.deployer.synapse.SynapseAppDeployer.deployArtifacts(SynapseAppDeployer.java:114)
	at org.wso2.carbon.application.deployer.internal.ApplicationManager.deployCarbonApp(ApplicationManager.java:272)
	at org.wso2.carbon.application.deployer.CappAxis2Deployer.deploy(CappAxis2Deployer.java:72)
	at org.apache.axis2.deployment.repository.util.DeploymentFileData.deploy(DeploymentFileData.java:136)
	at org.apache.axis2.deployment.DeploymentEngine.doDeploy(DeploymentEngine.java:807)
	at org.apache.axis2.deployment.repository.util.WSInfoList.update(WSInfoList.java:144)
	at org.apache.axis2.deployment.RepositoryListener.update(RepositoryListener.java:377)
	at org.apache.axis2.deployment.RepositoryListener.checkServices(RepositoryListener.java:254)
	at org.apache.axis2.deployment.RepositoryListener.startListener(RepositoryListener.java:371)
	at org.apache.axis2.deployment.scheduler.SchedulerTask.checkRepository(SchedulerTask.java:59)
	at org.apache.axis2.deployment.scheduler.SchedulerTask.run(SchedulerTask.java:67)
	at org.wso2.carbon.core.deployment.CarbonDeploymentSchedulerTask.runAxisDeployment(CarbonDeploymentSchedulerTask.java:93)
	at org.wso2.carbon.core.deployment.CarbonDeploymentSchedulerTask.run(CarbonDeploymentSchedulerTask.java:138)
	at java.base/java.util.concurrent.Executors$RunnableAdapter.call(Executors.java:515)
	at java.base/java.util.concurrent.FutureTask.runAndReset(FutureTask.java:305)
	at java.base/java.util.concurrent.ScheduledThreadPoolExecutor$ScheduledFutureTask.run(ScheduledThreadPoolExecutor.java:305)
	at java.base/java.util.concurrent.ThreadPoolExecutor.runWorker(ThreadPoolExecutor.java:1128)
	at java.base/java.util.concurrent.ThreadPoolExecutor$Worker.run(ThreadPoolExecutor.java:628)
	at java.base/java.lang.Thread.run(Thread.java:829)

TID: [-1234] [] [2021-05-10 01:15:34,528] ERROR {org.apache.synapse.deployers.AbstractSynapseArtifactDeployer} - Deployment of the Synapse Artifact from file : /home/akila/Work/tutorials/WSO2-ESB/ESB/wso2ei-6.6.0/wso2/tmp/carbonapps/-1234/1620589534422DS-assignmentCompositeExporter_1.0.0.car/delivery_API_1.0.0/delivery_API-1.0.0.xml : Failed! org.apache.synapse.deployers.SynapseArtifactDeploymentException: API deployment from the file : /home/akila/Work/tutorials/WSO2-ESB/ESB/wso2ei-6.6.0/wso2/tmp/carbonapps/-1234/1620589534422DS-assignmentCompositeExporter_1.0.0.car/delivery_API_1.0.0/delivery_API-1.0.0.xml : Failed.
	at org.apache.synapse.deployers.AbstractSynapseArtifactDeployer.handleSynapseArtifactDeploymentError(AbstractSynapseArtifactDeployer.java:483)
	at org.apache.synapse.deployers.APIDeployer.deploySynapseArtifact(APIDeployer.java:71)
	at org.wso2.carbon.rest.api.ApiDeployer.deploySynapseArtifact(ApiDeployer.java:34)
	at org.apache.synapse.deployers.AbstractSynapseArtifactDeployer.deploy(AbstractSynapseArtifactDeployer.java:200)
	at org.wso2.carbon.application.deployer.synapse.SynapseAppDeployer.deployArtifactType(SynapseAppDeployer.java:1099)
	at org.wso2.carbon.application.deployer.synapse.SynapseAppDeployer.deployArtifacts(SynapseAppDeployer.java:114)
	at org.wso2.carbon.application.deployer.internal.ApplicationManager.deployCarbonApp(ApplicationManager.java:272)
	at org.wso2.carbon.application.deployer.CappAxis2Deployer.deploy(CappAxis2Deployer.java:72)
	at org.apache.axis2.deployment.repository.util.DeploymentFileData.deploy(DeploymentFileData.java:136)
	at org.apache.axis2.deployment.DeploymentEngine.doDeploy(DeploymentEngine.java:807)
	at org.apache.axis2.deployment.repository.util.WSInfoList.update(WSInfoList.java:144)
	at org.apache.axis2.deployment.RepositoryListener.update(RepositoryListener.java:377)
	at org.apache.axis2.deployment.RepositoryListener.checkServices(RepositoryListener.java:254)
	at org.apache.axis2.deployment.RepositoryListener.startListener(RepositoryListener.java:371)
	at org.apache.axis2.deployment.scheduler.SchedulerTask.checkRepository(SchedulerTask.java:59)
	at org.apache.axis2.deployment.scheduler.SchedulerTask.run(SchedulerTask.java:67)
	at org.wso2.carbon.core.deployment.CarbonDeploymentSchedulerTask.runAxisDeployment(CarbonDeploymentSchedulerTask.java:93)
	at org.wso2.carbon.core.deployment.CarbonDeploymentSchedulerTask.run(CarbonDeploymentSchedulerTask.java:138)
	at java.base/java.util.concurrent.Executors$RunnableAdapter.call(Executors.java:515)
	at java.base/java.util.concurrent.FutureTask.runAndReset(FutureTask.java:305)
	at java.base/java.util.concurrent.ScheduledThreadPoolExecutor$ScheduledFutureTask.run(ScheduledThreadPoolExecutor.java:305)
	at java.base/java.util.concurrent.ThreadPoolExecutor.runWorker(ThreadPoolExecutor.java:1128)
	at java.base/java.util.concurrent.ThreadPoolExecutor$Worker.run(ThreadPoolExecutor.java:628)
	at java.base/java.lang.Thread.run(Thread.java:829)
Caused by: org.apache.synapse.SynapseException: Duplicate resource definition by the name: delivery_API
	at org.apache.synapse.config.SynapseConfiguration.handleException(SynapseConfiguration.java:1667)
	at org.apache.synapse.config.SynapseConfiguration.addAPI(SynapseConfiguration.java:433)
	at org.apache.synapse.config.SynapseConfiguration.addAPI(SynapseConfiguration.java:414)
	at org.apache.synapse.deployers.APIDeployer.deploySynapseArtifact(APIDeployer.java:59)
	... 22 more

TID: [-1234] [] [2021-05-10 01:15:34,529]  INFO {org.apache.synapse.deployers.AbstractSynapseArtifactDeployer} - The file has been backed up into : NO_BACKUP_ON_WORKER.INFO
TID: [-1234] [] [2021-05-10 01:15:34,530] ERROR {org.apache.synapse.deployers.AbstractSynapseArtifactDeployer} - Deployment of synapse artifact failed. Error reading /home/akila/Work/tutorials/WSO2-ESB/ESB/wso2ei-6.6.0/wso2/tmp/carbonapps/-1234/1620589534422DS-assignmentCompositeExporter_1.0.0.car/delivery_API_1.0.0/delivery_API-1.0.0.xml : API deployment from the file : /home/akila/Work/tutorials/WSO2-ESB/ESB/wso2ei-6.6.0/wso2/tmp/carbonapps/-1234/1620589534422DS-assignmentCompositeExporter_1.0.0.car/delivery_API_1.0.0/delivery_API-1.0.0.xml : Failed. org.apache.axis2.deployment.DeploymentException: API deployment from the file : /home/akila/Work/tutorials/WSO2-ESB/ESB/wso2ei-6.6.0/wso2/tmp/carbonapps/-1234/1620589534422DS-assignmentCompositeExporter_1.0.0.car/delivery_API_1.0.0/delivery_API-1.0.0.xml : Failed.
	at org.apache.synapse.deployers.AbstractSynapseArtifactDeployer.deploy(AbstractSynapseArtifactDeployer.java:210)
	at org.wso2.carbon.application.deployer.synapse.SynapseAppDeployer.deployArtifactType(SynapseAppDeployer.java:1099)
	at org.wso2.carbon.application.deployer.synapse.SynapseAppDeployer.deployArtifacts(SynapseAppDeployer.java:114)
	at org.wso2.carbon.application.deployer.internal.ApplicationManager.deployCarbonApp(ApplicationManager.java:272)
	at org.wso2.carbon.application.deployer.CappAxis2Deployer.deploy(CappAxis2Deployer.java:72)
	at org.apache.axis2.deployment.repository.util.DeploymentFileData.deploy(DeploymentFileData.java:136)
	at org.apache.axis2.deployment.DeploymentEngine.doDeploy(DeploymentEngine.java:807)
	at org.apache.axis2.deployment.repository.util.WSInfoList.update(WSInfoList.java:144)
	at org.apache.axis2.deployment.RepositoryListener.update(RepositoryListener.java:377)
	at org.apache.axis2.deployment.RepositoryListener.checkServices(RepositoryListener.java:254)
	at org.apache.axis2.deployment.RepositoryListener.startListener(RepositoryListener.java:371)
	at org.apache.axis2.deployment.scheduler.SchedulerTask.checkRepository(SchedulerTask.java:59)
	at org.apache.axis2.deployment.scheduler.SchedulerTask.run(SchedulerTask.java:67)
	at org.wso2.carbon.core.deployment.CarbonDeploymentSchedulerTask.runAxisDeployment(CarbonDeploymentSchedulerTask.java:93)
	at org.wso2.carbon.core.deployment.CarbonDeploymentSchedulerTask.run(CarbonDeploymentSchedulerTask.java:138)
	at java.base/java.util.concurrent.Executors$RunnableAdapter.call(Executors.java:515)
	at java.base/java.util.concurrent.FutureTask.runAndReset(FutureTask.java:305)
	at java.base/java.util.concurrent.ScheduledThreadPoolExecutor$ScheduledFutureTask.run(ScheduledThreadPoolExecutor.java:305)
	at java.base/java.util.concurrent.ThreadPoolExecutor.runWorker(ThreadPoolExecutor.java:1128)
	at java.base/java.util.concurrent.ThreadPoolExecutor$Worker.run(ThreadPoolExecutor.java:628)
	at java.base/java.lang.Thread.run(Thread.java:829)
Caused by: org.apache.synapse.deployers.SynapseArtifactDeploymentException: API deployment from the file : /home/akila/Work/tutorials/WSO2-ESB/ESB/wso2ei-6.6.0/wso2/tmp/carbonapps/-1234/1620589534422DS-assignmentCompositeExporter_1.0.0.car/delivery_API_1.0.0/delivery_API-1.0.0.xml : Failed.
	at org.apache.synapse.deployers.AbstractSynapseArtifactDeployer.handleSynapseArtifactDeploymentError(AbstractSynapseArtifactDeployer.java:483)
	at org.apache.synapse.deployers.APIDeployer.deploySynapseArtifact(APIDeployer.java:71)
	at org.wso2.carbon.rest.api.ApiDeployer.deploySynapseArtifact(ApiDeployer.java:34)
	at org.apache.synapse.deployers.AbstractSynapseArtifactDeployer.deploy(AbstractSynapseArtifactDeployer.java:200)
	... 20 more
Caused by: org.apache.synapse.SynapseException: Duplicate resource definition by the name: delivery_API
	at org.apache.synapse.config.SynapseConfiguration.handleException(SynapseConfiguration.java:1667)
	at org.apache.synapse.config.SynapseConfiguration.addAPI(SynapseConfiguration.java:433)
	at org.apache.synapse.config.SynapseConfiguration.addAPI(SynapseConfiguration.java:414)
	at org.apache.synapse.deployers.APIDeployer.deploySynapseArtifact(APIDeployer.java:59)
	... 22 more

TID: [-1234] [] [2021-05-10 01:15:34,534] ERROR {org.wso2.carbon.application.deployer.internal.ApplicationManager} - Error occurred while deploying Carbon Application org.apache.axis2.deployment.DeploymentException: API deployment from the file : /home/akila/Work/tutorials/WSO2-ESB/ESB/wso2ei-6.6.0/wso2/tmp/carbonapps/-1234/1620589534422DS-assignmentCompositeExporter_1.0.0.car/delivery_API_1.0.0/delivery_API-1.0.0.xml : Failed.
	at org.apache.synapse.deployers.AbstractSynapseArtifactDeployer.deploy(AbstractSynapseArtifactDeployer.java:222)
	at org.wso2.carbon.application.deployer.synapse.SynapseAppDeployer.deployArtifactType(SynapseAppDeployer.java:1099)
	at org.wso2.carbon.application.deployer.synapse.SynapseAppDeployer.deployArtifacts(SynapseAppDeployer.java:114)
	at org.wso2.carbon.application.deployer.internal.ApplicationManager.deployCarbonApp(ApplicationManager.java:272)
	at org.wso2.carbon.application.deployer.CappAxis2Deployer.deploy(CappAxis2Deployer.java:72)
	at org.apache.axis2.deployment.repository.util.DeploymentFileData.deploy(DeploymentFileData.java:136)
	at org.apache.axis2.deployment.DeploymentEngine.doDeploy(DeploymentEngine.java:807)
	at org.apache.axis2.deployment.repository.util.WSInfoList.update(WSInfoList.java:144)
	at org.apache.axis2.deployment.RepositoryListener.update(RepositoryListener.java:377)
	at org.apache.axis2.deployment.RepositoryListener.checkServices(RepositoryListener.java:254)
	at org.apache.axis2.deployment.RepositoryListener.startListener(RepositoryListener.java:371)
	at org.apache.axis2.deployment.scheduler.SchedulerTask.checkRepository(SchedulerTask.java:59)
	at org.apache.axis2.deployment.scheduler.SchedulerTask.run(SchedulerTask.java:67)
	at org.wso2.carbon.core.deployment.CarbonDeploymentSchedulerTask.runAxisDeployment(CarbonDeploymentSchedulerTask.java:93)
	at org.wso2.carbon.core.deployment.CarbonDeploymentSchedulerTask.run(CarbonDeploymentSchedulerTask.java:138)
	at java.base/java.util.concurrent.Executors$RunnableAdapter.call(Executors.java:515)
	at java.base/java.util.concurrent.FutureTask.runAndReset(FutureTask.java:305)
	at java.base/java.util.concurrent.ScheduledThreadPoolExecutor$ScheduledFutureTask.run(ScheduledThreadPoolExecutor.java:305)
	at java.base/java.util.concurrent.ThreadPoolExecutor.runWorker(ThreadPoolExecutor.java:1128)
	at java.base/java.util.concurrent.ThreadPoolExecutor$Worker.run(ThreadPoolExecutor.java:628)
	at java.base/java.lang.Thread.run(Thread.java:829)
Caused by: org.apache.axis2.deployment.DeploymentException: API deployment from the file : /home/akila/Work/tutorials/WSO2-ESB/ESB/wso2ei-6.6.0/wso2/tmp/carbonapps/-1234/1620589534422DS-assignmentCompositeExporter_1.0.0.car/delivery_API_1.0.0/delivery_API-1.0.0.xml : Failed.
	at org.apache.synapse.deployers.AbstractSynapseArtifactDeployer.deploy(AbstractSynapseArtifactDeployer.java:210)
	... 20 more
Caused by: org.apache.synapse.deployers.SynapseArtifactDeploymentException: API deployment from the file : /home/akila/Work/tutorials/WSO2-ESB/ESB/wso2ei-6.6.0/wso2/tmp/carbonapps/-1234/1620589534422DS-assignmentCompositeExporter_1.0.0.car/delivery_API_1.0.0/delivery_API-1.0.0.xml : Failed.
	at org.apache.synapse.deployers.AbstractSynapseArtifactDeployer.handleSynapseArtifactDeploymentError(AbstractSynapseArtifactDeployer.java:483)
	at org.apache.synapse.deployers.APIDeployer.deploySynapseArtifact(APIDeployer.java:71)
	at org.wso2.carbon.rest.api.ApiDeployer.deploySynapseArtifact(ApiDeployer.java:34)
	at org.apache.synapse.deployers.AbstractSynapseArtifactDeployer.deploy(AbstractSynapseArtifactDeployer.java:200)
	... 20 more
Caused by: org.apache.synapse.SynapseException: Duplicate resource definition by the name: delivery_API
	at org.apache.synapse.config.SynapseConfiguration.handleException(SynapseConfiguration.java:1667)
	at org.apache.synapse.config.SynapseConfiguration.addAPI(SynapseConfiguration.java:433)
	at org.apache.synapse.config.SynapseConfiguration.addAPI(SynapseConfiguration.java:414)
	at org.apache.synapse.deployers.APIDeployer.deploySynapseArtifact(APIDeployer.java:59)
	... 22 more

TID: [-1234] [] [2021-05-10 01:15:34,539]  INFO {org.wso2.carbon.application.deployer.internal.ApplicationManager} - Reverting successfully deployed artifcats in this CApp : DS-assignmentCompositeExporter_1.0.0
TID: [-1234] [] [2021-05-10 01:15:34,543]  INFO {org.apache.synapse.deployers.EndpointDeployer} - Endpoint named 'buyer-login' has been undeployed
TID: [-1234] [] [2021-05-10 01:15:34,544]  INFO {org.apache.synapse.deployers.EndpointDeployer} - Endpoint named 'cities-endpoint' has been undeployed
TID: [-1234] [] [2021-05-10 01:15:34,544]  INFO {org.apache.synapse.deployers.EndpointDeployer} - Endpoint named 'create_delivery' has been undeployed
TID: [-1234] [] [2021-05-10 01:15:34,545]  INFO {org.apache.synapse.deployers.EndpointDeployer} - Endpoint named 'delivery_endpoint' has been undeployed
TID: [-1234] [] [2021-05-10 01:15:34,555]  INFO {org.apache.synapse.deployers.EndpointDeployer} - Endpoint named 'get-pending-orders' has been undeployed
TID: [-1234] [] [2021-05-10 01:15:34,558]  INFO {org.apache.synapse.deployers.EndpointDeployer} - Endpoint named 'get-single-seller' has been undeployed
TID: [-1234] [] [2021-05-10 01:15:34,563]  INFO {org.apache.synapse.deployers.EndpointDeployer} - Endpoint named 'seller-login' has been undeployed
TID: [-1234] [] [2021-05-10 01:15:34,576]  INFO {org.apache.synapse.deployers.EndpointDeployer} - Endpoint named 'states-endpoint' has been undeployed
TID: [-1234] [] [2021-05-10 01:15:34,577]  INFO {org.apache.synapse.deployers.EndpointDeployer} - Endpoint named 'update-delivery' has been undeployed
TID: [-1234] [] [2021-05-10 01:15:34,584]  INFO {org.apache.synapse.deployers.EndpointDeployer} - Endpoint named 'user-signup' has been undeployed
TID: [-1234] [odata] [2021-05-10 01:15:34,599]  INFO {org.wso2.carbon.core.ServerManagement} - All deployment tasks have been completed.
TID: [-1234] [odata] [2021-05-10 01:15:34,599]  INFO {org.wso2.carbon.core.ServerManagement} - Waiting for server task completion...
TID: [-1234] [odata] [2021-05-10 01:15:34,612]  INFO {org.wso2.carbon.registry.core.internal.RegistryCoreServiceComponent} - Writing logs 
TID: [-1234] [odata] [2021-05-10 01:15:34,634]  INFO {org.wso2.carbon.core.ServerManagement} - All server tasks have been completed.
TID: [-1234] [odata] [2021-05-10 01:15:34,634]  INFO {org.wso2.carbon.core.init.CarbonServerManager} - Shutting down WSO2 Enterprise Integrator...
TID: [-1234] [odata] [2021-05-10 01:15:34,636]  INFO {org.wso2.carbon.core.init.CarbonServerManager} - Shutting down OSGi framework...
TID: [-1234] [] [2021-05-10 01:15:34,675]  INFO {org.wso2.carbon.core.init.CarbonServerManager} - Stopping CarbonServerManager...
TID: [-1234] [] [2021-05-10 01:15:34,676]  INFO {org.apache.synapse.transport.vfs.VFSTransportSender} - VFS Sender Shutdown
TID: [-1] [] [2021-05-10 01:15:34,677]  INFO {org.apache.synapse.transport.passthru.PassThroughHttpSender} - HTTP Sender shutdown
TID: [-1] [] [2021-05-10 01:15:34,678]  INFO {org.apache.synapse.transport.passthru.PassThroughHttpSSLSender} - HTTPS Sender shutdown
TID: [-1234] [] [2021-05-10 01:15:34,679]  INFO {org.apache.synapse.transport.passthru.PassThroughHttpListener} - Destroying PassThroughHttpListener
TID: [-1234] [] [2021-05-10 01:15:34,680]  INFO {org.apache.synapse.transport.passthru.PassThroughHttpSSLListener} - Destroying PassThroughHttpListener
TID: [-1234] [odata] [2021-05-10 01:15:34,726]  INFO {org.apache.synapse.Axis2SynapseController} - Undeploying the Synapse service...
TID: [-1234] [odata] [2021-05-10 01:15:34,727]  INFO {org.apache.synapse.Axis2SynapseController} - Undeploying Proxy services...
TID: [-1234] [odata] [2021-05-10 01:15:34,728]  INFO {org.apache.synapse.Axis2SynapseController} - Undeploying EventSources...
TID: [-1234] [odata] [2021-05-10 01:15:34,733]  INFO {org.apache.synapse.rest.API} - Destroying API: HealthcareAPI
TID: [-1234] [odata] [2021-05-10 01:15:34,735]  INFO {org.apache.synapse.rest.API} - Destroying API: delivery_API
TID: [-1234] [odata] [2021-05-10 01:15:34,739]  INFO {org.apache.synapse.rest.API} - Destroying API: test2
TID: [-1234] [odata] [2021-05-10 01:15:34,740]  INFO {org.apache.synapse.task.SynapseTaskManager} - Shutting down the task manager
TID: [-1234] [odata] [2021-05-10 01:15:34,799]  INFO {org.wso2.carbon.tomcat.ext.internal.CarbonTomcatServiceComponent} - Stopping the carbon web-app registered under : /
TID: [-1234] [odata] [2021-05-10 01:15:34,896]  INFO {org.wso2.carbon.event.publisher.core.EventPublisherDeployer} - Event Publisher undeployed successfully : MessageFlowStatisticsPublisher.xml
TID: [-1234] [odata] [2021-05-10 01:15:34,899]  INFO {org.wso2.carbon.event.publisher.core.EventPublisherDeployer} - Event Publisher deployment held back and in inactive state : MessageFlowStatisticsPublisher.xml, waiting for Output Event Adapter dependency : wso2event
TID: [-1234] [odata] [2021-05-10 01:15:34,900]  INFO {org.wso2.carbon.event.publisher.core.internal.CarbonEventPublisherService} - Event publisher : MessageFlowStatisticsPublisher  is in inactive state because dependency could not be found : wso2event
TID: [-1234] [odata] [2021-05-10 01:15:34,900]  INFO {org.wso2.carbon.event.publisher.core.EventPublisherDeployer} - Event Publisher undeployed successfully : MessageFlowConfigurationPublisher.xml
TID: [-1234] [odata] [2021-05-10 01:15:34,902]  INFO {org.wso2.carbon.event.publisher.core.EventPublisherDeployer} - Event Publisher deployment held back and in inactive state : MessageFlowConfigurationPublisher.xml, waiting for Output Event Adapter dependency : wso2event
TID: [-1234] [odata] [2021-05-10 01:15:34,902]  INFO {org.wso2.carbon.event.publisher.core.internal.CarbonEventPublisherService} - Event publisher : MessageFlowConfigurationPublisher  is in inactive state because dependency could not be found : wso2event
TID: [-1234] [odata] [2021-05-10 01:15:34,914]  INFO {org.wso2.carbon.dataservices.google.tokengen.servlet.internal.GoogleTokenGenDSComponent} - Deactivating Google Tokengen DS component
