TID: [-1234] [2021-05-10 01:15:34,271] ERROR {org.wso2.carbon.application.deployer.synapse.SynapseAppDeployer} - Error occured while trying to un deploy : delivery_API
TID: [-1234] [2021-05-10 01:15:34,525] ERROR {org.apache.synapse.config.SynapseConfiguration} - Duplicate resource definition by the name: delivery_API
TID: [-1234] [2021-05-10 01:15:34,526] ERROR {org.wso2.carbon.rest.api.ApiDeployer} - API deployment from the file : /home/akila/Work/tutorials/WSO2-ESB/ESB/wso2ei-6.6.0/wso2/tmp/carbonapps/-1234/1620589534422DS-assignmentCompositeExporter_1.0.0.car/delivery_API_1.0.0/delivery_API-1.0.0.xml : Failed. org.apache.synapse.SynapseException: Duplicate resource definition by the name: delivery_API
	at org.apache.synapse.config.SynapseConfiguration.handleException(SynapseConfiguration.java:1667)
	at org.apache.synapse.config.SynapseConfiguration.addAPI(SynapseConfiguration.java:433)
	at org.apache.synapse.config.SynapseConfiguration.addAPI(SynapseConfiguration.java:414)
	at org.apache.synapse.deployers.APIDeployer.deploySynapseArtifact(APIDeployer.java:59)
	at org.wso2.carbon.rest.api.ApiDeployer.deploySynapseArtifact(ApiDeployer.java:34)
	at org.apache.synapse.deployers.AbstractSynapseArtifactDeployer.deploy(AbstractSynapseArtifactDeployer.java:200)
	at org.wso2.carbon.application.deployer.synapse.SynapseAppDeployer.deployArtifactType(SynapseAppDeployer.java:1099)
	at org.wso2.carbon.application.deployer.synapse.SynapseAppDeployer.deployArtifacts(SynapseAppDeployer.java:114)
	at org.wso2.carbon.application.deployer.internal.ApplicationManager.deployCarbonApp(ApplicationManager.java:272)
	at org.wso2.carbon.application.deployer.CappAxis2Deployer.deploy(CappAxis2Deployer.java:72)
	at org.apache.axis2.deployment.repository.util.DeploymentFileData.deploy(DeploymentFileData.java:136)
	at org.apache.axis2.deployment.DeploymentEngine.doDeploy(DeploymentEngine.java:807)
	at org.apache.axis2.deployment.repository.util.WSInfoList.update(WSInfoList.java:144)
	at org.apache.axis2.deployment.RepositoryListener.update(RepositoryListener.java:377)
	at org.apache.axis2.deployment.RepositoryListener.checkServices(RepositoryListener.java:254)
	at org.apache.axis2.deployment.RepositoryListener.startListener(RepositoryListener.java:371)
	at org.apache.axis2.deployment.scheduler.SchedulerTask.checkRepository(SchedulerTask.java:59)
	at org.apache.axis2.deployment.scheduler.SchedulerTask.run(SchedulerTask.java:67)
	at org.wso2.carbon.core.deployment.CarbonDeploymentSchedulerTask.runAxisDeployment(CarbonDeploymentSchedulerTask.java:93)
	at org.wso2.carbon.core.deployment.CarbonDeploymentSchedulerTask.run(CarbonDeploymentSchedulerTask.java:138)
	at java.base/java.util.concurrent.Executors$RunnableAdapter.call(Executors.java:515)
	at java.base/java.util.concurrent.FutureTask.runAndReset(FutureTask.java:305)
	at java.base/java.util.concurrent.ScheduledThreadPoolExecutor$ScheduledFutureTask.run(ScheduledThreadPoolExecutor.java:305)
	at java.base/java.util.concurrent.ThreadPoolExecutor.runWorker(ThreadPoolExecutor.java:1128)
	at java.base/java.util.concurrent.ThreadPoolExecutor$Worker.run(ThreadPoolExecutor.java:628)
	at java.base/java.lang.Thread.run(Thread.java:829)

TID: [-1234] [2021-05-10 01:15:34,528] ERROR {org.apache.synapse.deployers.AbstractSynapseArtifactDeployer} - Deployment of the Synapse Artifact from file : /home/akila/Work/tutorials/WSO2-ESB/ESB/wso2ei-6.6.0/wso2/tmp/carbonapps/-1234/1620589534422DS-assignmentCompositeExporter_1.0.0.car/delivery_API_1.0.0/delivery_API-1.0.0.xml : Failed! org.apache.synapse.deployers.SynapseArtifactDeploymentException: API deployment from the file : /home/akila/Work/tutorials/WSO2-ESB/ESB/wso2ei-6.6.0/wso2/tmp/carbonapps/-1234/1620589534422DS-assignmentCompositeExporter_1.0.0.car/delivery_API_1.0.0/delivery_API-1.0.0.xml : Failed.
	at org.apache.synapse.deployers.AbstractSynapseArtifactDeployer.handleSynapseArtifactDeploymentError(AbstractSynapseArtifactDeployer.java:483)
	at org.apache.synapse.deployers.APIDeployer.deploySynapseArtifact(APIDeployer.java:71)
	at org.wso2.carbon.rest.api.ApiDeployer.deploySynapseArtifact(ApiDeployer.java:34)
	at org.apache.synapse.deployers.AbstractSynapseArtifactDeployer.deploy(AbstractSynapseArtifactDeployer.java:200)
	at org.wso2.carbon.application.deployer.synapse.SynapseAppDeployer.deployArtifactType(SynapseAppDeployer.java:1099)
	at org.wso2.carbon.application.deployer.synapse.SynapseAppDeployer.deployArtifacts(SynapseAppDeployer.java:114)
	at org.wso2.carbon.application.deployer.internal.ApplicationManager.deployCarbonApp(ApplicationManager.java:272)
	at org.wso2.carbon.application.deployer.CappAxis2Deployer.deploy(CappAxis2Deployer.java:72)
	at org.apache.axis2.deployment.repository.util.DeploymentFileData.deploy(DeploymentFileData.java:136)
	at org.apache.axis2.deployment.DeploymentEngine.doDeploy(DeploymentEngine.java:807)
	at org.apache.axis2.deployment.repository.util.WSInfoList.update(WSInfoList.java:144)
	at org.apache.axis2.deployment.RepositoryListener.update(RepositoryListener.java:377)
	at org.apache.axis2.deployment.RepositoryListener.checkServices(RepositoryListener.java:254)
	at org.apache.axis2.deployment.RepositoryListener.startListener(RepositoryListener.java:371)
	at org.apache.axis2.deployment.scheduler.SchedulerTask.checkRepository(SchedulerTask.java:59)
	at org.apache.axis2.deployment.scheduler.SchedulerTask.run(SchedulerTask.java:67)
	at org.wso2.carbon.core.deployment.CarbonDeploymentSchedulerTask.runAxisDeployment(CarbonDeploymentSchedulerTask.java:93)
	at org.wso2.carbon.core.deployment.CarbonDeploymentSchedulerTask.run(CarbonDeploymentSchedulerTask.java:138)
	at java.base/java.util.concurrent.Executors$RunnableAdapter.call(Executors.java:515)
	at java.base/java.util.concurrent.FutureTask.runAndReset(FutureTask.java:305)
	at java.base/java.util.concurrent.ScheduledThreadPoolExecutor$ScheduledFutureTask.run(ScheduledThreadPoolExecutor.java:305)
	at java.base/java.util.concurrent.ThreadPoolExecutor.runWorker(ThreadPoolExecutor.java:1128)
	at java.base/java.util.concurrent.ThreadPoolExecutor$Worker.run(ThreadPoolExecutor.java:628)
	at java.base/java.lang.Thread.run(Thread.java:829)
Caused by: org.apache.synapse.SynapseException: Duplicate resource definition by the name: delivery_API
	at org.apache.synapse.config.SynapseConfiguration.handleException(SynapseConfiguration.java:1667)
	at org.apache.synapse.config.SynapseConfiguration.addAPI(SynapseConfiguration.java:433)
	at org.apache.synapse.config.SynapseConfiguration.addAPI(SynapseConfiguration.java:414)
	at org.apache.synapse.deployers.APIDeployer.deploySynapseArtifact(APIDeployer.java:59)
	... 22 more

TID: [-1234] [2021-05-10 01:15:34,530] ERROR {org.apache.synapse.deployers.AbstractSynapseArtifactDeployer} - Deployment of synapse artifact failed. Error reading /home/akila/Work/tutorials/WSO2-ESB/ESB/wso2ei-6.6.0/wso2/tmp/carbonapps/-1234/1620589534422DS-assignmentCompositeExporter_1.0.0.car/delivery_API_1.0.0/delivery_API-1.0.0.xml : API deployment from the file : /home/akila/Work/tutorials/WSO2-ESB/ESB/wso2ei-6.6.0/wso2/tmp/carbonapps/-1234/1620589534422DS-assignmentCompositeExporter_1.0.0.car/delivery_API_1.0.0/delivery_API-1.0.0.xml : Failed. org.apache.axis2.deployment.DeploymentException: API deployment from the file : /home/akila/Work/tutorials/WSO2-ESB/ESB/wso2ei-6.6.0/wso2/tmp/carbonapps/-1234/1620589534422DS-assignmentCompositeExporter_1.0.0.car/delivery_API_1.0.0/delivery_API-1.0.0.xml : Failed.
	at org.apache.synapse.deployers.AbstractSynapseArtifactDeployer.deploy(AbstractSynapseArtifactDeployer.java:210)
	at org.wso2.carbon.application.deployer.synapse.SynapseAppDeployer.deployArtifactType(SynapseAppDeployer.java:1099)
	at org.wso2.carbon.application.deployer.synapse.SynapseAppDeployer.deployArtifacts(SynapseAppDeployer.java:114)
	at org.wso2.carbon.application.deployer.internal.ApplicationManager.deployCarbonApp(ApplicationManager.java:272)
	at org.wso2.carbon.application.deployer.CappAxis2Deployer.deploy(CappAxis2Deployer.java:72)
	at org.apache.axis2.deployment.repository.util.DeploymentFileData.deploy(DeploymentFileData.java:136)
	at org.apache.axis2.deployment.DeploymentEngine.doDeploy(DeploymentEngine.java:807)
	at org.apache.axis2.deployment.repository.util.WSInfoList.update(WSInfoList.java:144)
	at org.apache.axis2.deployment.RepositoryListener.update(RepositoryListener.java:377)
	at org.apache.axis2.deployment.RepositoryListener.checkServices(RepositoryListener.java:254)
	at org.apache.axis2.deployment.RepositoryListener.startListener(RepositoryListener.java:371)
	at org.apache.axis2.deployment.scheduler.SchedulerTask.checkRepository(SchedulerTask.java:59)
	at org.apache.axis2.deployment.scheduler.SchedulerTask.run(SchedulerTask.java:67)
	at org.wso2.carbon.core.deployment.CarbonDeploymentSchedulerTask.runAxisDeployment(CarbonDeploymentSchedulerTask.java:93)
	at org.wso2.carbon.core.deployment.CarbonDeploymentSchedulerTask.run(CarbonDeploymentSchedulerTask.java:138)
	at java.base/java.util.concurrent.Executors$RunnableAdapter.call(Executors.java:515)
	at java.base/java.util.concurrent.FutureTask.runAndReset(FutureTask.java:305)
	at java.base/java.util.concurrent.ScheduledThreadPoolExecutor$ScheduledFutureTask.run(ScheduledThreadPoolExecutor.java:305)
	at java.base/java.util.concurrent.ThreadPoolExecutor.runWorker(ThreadPoolExecutor.java:1128)
	at java.base/java.util.concurrent.ThreadPoolExecutor$Worker.run(ThreadPoolExecutor.java:628)
	at java.base/java.lang.Thread.run(Thread.java:829)
Caused by: org.apache.synapse.deployers.SynapseArtifactDeploymentException: API deployment from the file : /home/akila/Work/tutorials/WSO2-ESB/ESB/wso2ei-6.6.0/wso2/tmp/carbonapps/-1234/1620589534422DS-assignmentCompositeExporter_1.0.0.car/delivery_API_1.0.0/delivery_API-1.0.0.xml : Failed.
	at org.apache.synapse.deployers.AbstractSynapseArtifactDeployer.handleSynapseArtifactDeploymentError(AbstractSynapseArtifactDeployer.java:483)
	at org.apache.synapse.deployers.APIDeployer.deploySynapseArtifact(APIDeployer.java:71)
	at org.wso2.carbon.rest.api.ApiDeployer.deploySynapseArtifact(ApiDeployer.java:34)
	at org.apache.synapse.deployers.AbstractSynapseArtifactDeployer.deploy(AbstractSynapseArtifactDeployer.java:200)
	... 20 more
Caused by: org.apache.synapse.SynapseException: Duplicate resource definition by the name: delivery_API
	at org.apache.synapse.config.SynapseConfiguration.handleException(SynapseConfiguration.java:1667)
	at org.apache.synapse.config.SynapseConfiguration.addAPI(SynapseConfiguration.java:433)
	at org.apache.synapse.config.SynapseConfiguration.addAPI(SynapseConfiguration.java:414)
	at org.apache.synapse.deployers.APIDeployer.deploySynapseArtifact(APIDeployer.java:59)
	... 22 more

TID: [-1234] [2021-05-10 01:15:34,534] ERROR {org.wso2.carbon.application.deployer.internal.ApplicationManager} - Error occurred while deploying Carbon Application org.apache.axis2.deployment.DeploymentException: API deployment from the file : /home/akila/Work/tutorials/WSO2-ESB/ESB/wso2ei-6.6.0/wso2/tmp/carbonapps/-1234/1620589534422DS-assignmentCompositeExporter_1.0.0.car/delivery_API_1.0.0/delivery_API-1.0.0.xml : Failed.
	at org.apache.synapse.deployers.AbstractSynapseArtifactDeployer.deploy(AbstractSynapseArtifactDeployer.java:222)
	at org.wso2.carbon.application.deployer.synapse.SynapseAppDeployer.deployArtifactType(SynapseAppDeployer.java:1099)
	at org.wso2.carbon.application.deployer.synapse.SynapseAppDeployer.deployArtifacts(SynapseAppDeployer.java:114)
	at org.wso2.carbon.application.deployer.internal.ApplicationManager.deployCarbonApp(ApplicationManager.java:272)
	at org.wso2.carbon.application.deployer.CappAxis2Deployer.deploy(CappAxis2Deployer.java:72)
	at org.apache.axis2.deployment.repository.util.DeploymentFileData.deploy(DeploymentFileData.java:136)
	at org.apache.axis2.deployment.DeploymentEngine.doDeploy(DeploymentEngine.java:807)
	at org.apache.axis2.deployment.repository.util.WSInfoList.update(WSInfoList.java:144)
	at org.apache.axis2.deployment.RepositoryListener.update(RepositoryListener.java:377)
	at org.apache.axis2.deployment.RepositoryListener.checkServices(RepositoryListener.java:254)
	at org.apache.axis2.deployment.RepositoryListener.startListener(RepositoryListener.java:371)
	at org.apache.axis2.deployment.scheduler.SchedulerTask.checkRepository(SchedulerTask.java:59)
	at org.apache.axis2.deployment.scheduler.SchedulerTask.run(SchedulerTask.java:67)
	at org.wso2.carbon.core.deployment.CarbonDeploymentSchedulerTask.runAxisDeployment(CarbonDeploymentSchedulerTask.java:93)
	at org.wso2.carbon.core.deployment.CarbonDeploymentSchedulerTask.run(CarbonDeploymentSchedulerTask.java:138)
	at java.base/java.util.concurrent.Executors$RunnableAdapter.call(Executors.java:515)
	at java.base/java.util.concurrent.FutureTask.runAndReset(FutureTask.java:305)
	at java.base/java.util.concurrent.ScheduledThreadPoolExecutor$ScheduledFutureTask.run(ScheduledThreadPoolExecutor.java:305)
	at java.base/java.util.concurrent.ThreadPoolExecutor.runWorker(ThreadPoolExecutor.java:1128)
	at java.base/java.util.concurrent.ThreadPoolExecutor$Worker.run(ThreadPoolExecutor.java:628)
	at java.base/java.lang.Thread.run(Thread.java:829)
Caused by: org.apache.axis2.deployment.DeploymentException: API deployment from the file : /home/akila/Work/tutorials/WSO2-ESB/ESB/wso2ei-6.6.0/wso2/tmp/carbonapps/-1234/1620589534422DS-assignmentCompositeExporter_1.0.0.car/delivery_API_1.0.0/delivery_API-1.0.0.xml : Failed.
	at org.apache.synapse.deployers.AbstractSynapseArtifactDeployer.deploy(AbstractSynapseArtifactDeployer.java:210)
	... 20 more
Caused by: org.apache.synapse.deployers.SynapseArtifactDeploymentException: API deployment from the file : /home/akila/Work/tutorials/WSO2-ESB/ESB/wso2ei-6.6.0/wso2/tmp/carbonapps/-1234/1620589534422DS-assignmentCompositeExporter_1.0.0.car/delivery_API_1.0.0/delivery_API-1.0.0.xml : Failed.
	at org.apache.synapse.deployers.AbstractSynapseArtifactDeployer.handleSynapseArtifactDeploymentError(AbstractSynapseArtifactDeployer.java:483)
	at org.apache.synapse.deployers.APIDeployer.deploySynapseArtifact(APIDeployer.java:71)
	at org.wso2.carbon.rest.api.ApiDeployer.deploySynapseArtifact(ApiDeployer.java:34)
	at org.apache.synapse.deployers.AbstractSynapseArtifactDeployer.deploy(AbstractSynapseArtifactDeployer.java:200)
	... 20 more
Caused by: org.apache.synapse.SynapseException: Duplicate resource definition by the name: delivery_API
	at org.apache.synapse.config.SynapseConfiguration.handleException(SynapseConfiguration.java:1667)
	at org.apache.synapse.config.SynapseConfiguration.addAPI(SynapseConfiguration.java:433)
	at org.apache.synapse.config.SynapseConfiguration.addAPI(SynapseConfiguration.java:414)
	at org.apache.synapse.deployers.APIDeployer.deploySynapseArtifact(APIDeployer.java:59)
	... 22 more

