TID: [-1234] [] [2021-05-19 13:05:07,083]  INFO {org.wso2.carbon.core.internal.CarbonCoreActivator} - Starting WSO2 Carbon...
TID: [-1234] [] [2021-05-19 13:05:07,099]  INFO {org.wso2.carbon.core.internal.CarbonCoreActivator} - Operating System : Linux 5.11.0-17-generic, amd64
TID: [-1234] [] [2021-05-19 13:05:07,100]  INFO {org.wso2.carbon.core.internal.CarbonCoreActivator} - Java Home        : /usr/lib/jvm/java-11-openjdk-amd64
TID: [-1234] [] [2021-05-19 13:05:07,100]  INFO {org.wso2.carbon.core.internal.CarbonCoreActivator} - Java Version     : 11.0.11
TID: [-1234] [] [2021-05-19 13:05:07,100]  INFO {org.wso2.carbon.core.internal.CarbonCoreActivator} - Java VM          : OpenJDK 64-Bit Server VM 11.0.11+9-Ubuntu-0ubuntu2,Ubuntu
TID: [-1234] [] [2021-05-19 13:05:07,101]  INFO {org.wso2.carbon.core.internal.CarbonCoreActivator} - Carbon Home      : /home/akila/Work/tutorials/WSO2-ESB/ESB/wso2ei-6.6.0
TID: [-1234] [] [2021-05-19 13:05:07,101]  INFO {org.wso2.carbon.core.internal.CarbonCoreActivator} - Java Temp Dir    : /home/akila/Work/tutorials/WSO2-ESB/ESB/wso2ei-6.6.0/wso2/tmp
TID: [-1234] [] [2021-05-19 13:05:07,102]  INFO {org.wso2.carbon.core.internal.CarbonCoreActivator} - User             : akila, en-US, Asia/Colombo
TID: [-1] [] [2021-05-19 13:05:07,311]  INFO {org.wso2.carbon.crypto.provider.internal.DefaultCryptoProviderComponent} - 'CryptoService.Secret' property has not been set. 'org.wso2.carbon.crypto.provider.SymmetricKeyInternalCryptoProvider' won't be registered as an internal crypto provider. Please set the secret if the provider needs to be registered.
TID: [-1] [] [2021-05-19 13:05:07,333]  INFO {org.wso2.carbon.dataservices.google.tokengen.servlet.internal.GoogleTokenGenDSComponent} - Activating GoogleTokengen DS component
TID: [-1] [] [2021-05-19 13:05:07,555]  INFO {org.wso2.carbon.event.output.adapter.kafka.internal.ds.KafkaEventAdapterServiceDS} - Successfully deployed the Kafka output event adaptor service
TID: [-1234] [] [2021-05-19 13:05:11,205]  INFO {org.wso2.carbon.registry.core.jdbc.EmbeddedRegistryService} - Configured Registry in 53ms
TID: [-1234] [] [2021-05-19 13:05:11,270]  INFO {org.wso2.carbon.registry.core.internal.RegistryCoreServiceComponent} - Registry Mode    : READ-WRITE
TID: [-1234] [] [2021-05-19 13:05:13,195]  INFO {org.wso2.carbon.registry.indexing.solr.SolrClient} - Default Embedded Solr Server Initialized
TID: [-1234] [] [2021-05-19 13:05:13,671]  INFO {org.wso2.carbon.user.core.internal.UserStoreMgtDSComponent} - Carbon UserStoreMgtDSComponent activated successfully.
TID: [-1234] [] [2021-05-19 13:05:15,137]  INFO {org.wso2.carbon.identity.user.store.configuration.deployer.UserStoreConfigurationDeployer} - User Store Configuration Deployer initiated.
TID: [-1234] [] [2021-05-19 13:05:15,138]  INFO {org.wso2.carbon.identity.user.store.configuration.deployer.UserStoreConfigurationDeployer} - User Store Configuration Deployer initiated.
TID: [-1234] [] [2021-05-19 13:05:16,003]  INFO {org.apache.synapse.transport.vfs.VFSTransportSender} - VFS Sender started
TID: [-1234] [] [2021-05-19 13:05:16,042]  INFO {org.apache.synapse.transport.passthru.PassThroughHttpSender} - Initializing Pass-through HTTP/S Sender...
TID: [-1234] [] [2021-05-19 13:05:16,086]  INFO {org.apache.synapse.transport.passthru.PassThroughHttpSender} - Pass-through HTTP Sender started...
TID: [-1234] [] [2021-05-19 13:05:16,087]  INFO {org.apache.synapse.transport.passthru.PassThroughHttpSSLSender} - Initializing Pass-through HTTP/S Sender...
TID: [-1234] [] [2021-05-19 13:05:16,102]  INFO {org.apache.synapse.transport.passthru.PassThroughHttpSSLSender} - Pass-through HTTPS Sender started...
TID: [-1234] [] [2021-05-19 13:05:16,139]  INFO {org.apache.synapse.transport.passthru.PassThroughHttpListener} - Initializing Pass-through HTTP/S Listener...
TID: [-1234] [] [2021-05-19 13:05:16,168]  INFO {org.apache.synapse.transport.passthru.PassThroughHttpSSLListener} - Initializing Pass-through HTTP/S Listener...
TID: [-1234] [wso2carbon-sts] [2021-05-19 13:05:22,970]  INFO {org.wso2.carbon.core.deployment.DeploymentInterceptor} - Deploying Axis2 service: wso2carbon-sts {super-tenant}
TID: [-1234] [] [2021-05-19 13:05:23,705]  INFO {org.wso2.carbon.core.init.CarbonServerManager} - Repository       : /home/akila/Work/tutorials/WSO2-ESB/ESB/wso2ei-6.6.0/repository/deployment/server/
TID: [-1234] [] [2021-05-19 13:05:23,802]  INFO {org.wso2.carbon.core.multitenancy.eager.TenantLoadingConfig} - Using tenant lazy loading policy...
TID: [-1234] [] [2021-05-19 13:05:23,815]  INFO {org.wso2.carbon.core.internal.permission.update.PermissionUpdater} - Permission cache updated for tenant -1234
TID: [-1234] [] [2021-05-19 13:05:24,009]  INFO {org.wso2.carbon.rule.kernel.internal.ds.RuleEngineConfigDS} - Successfully registered the Rule Config service
TID: [-1234] [] [2021-05-19 13:05:24,871]  INFO {org.wso2.carbon.mediation.initializer.ServiceBusInitializer} - Starting ESB...
TID: [-1234] [] [2021-05-19 13:05:24,919]  INFO {org.wso2.carbon.mediation.initializer.ServiceBusInitializer} - Initializing Apache Synapse...
TID: [-1234] [] [2021-05-19 13:05:24,926]  INFO {org.apache.synapse.SynapseControllerFactory} - Using Synapse home : /home/akila/Work/tutorials/WSO2-ESB/ESB/wso2ei-6.6.0/.
TID: [-1234] [] [2021-05-19 13:05:24,927]  INFO {org.apache.synapse.SynapseControllerFactory} - Using synapse.xml location : /home/akila/Work/tutorials/WSO2-ESB/ESB/wso2ei-6.6.0/././repository/deployment/server/synapse-configs/default
TID: [-1234] [] [2021-05-19 13:05:24,928]  INFO {org.apache.synapse.SynapseControllerFactory} - Using server name : localhost
TID: [-1234] [] [2021-05-19 13:05:24,931]  INFO {org.apache.synapse.SynapseControllerFactory} - The timeout handler will run every : 15s
TID: [-1234] [] [2021-05-19 13:05:24,969]  INFO {org.apache.synapse.Axis2SynapseController} - Initializing Synapse at : Wed May 19 13:05:24 IST 2021
TID: [-1234] [] [2021-05-19 13:05:24,979]  INFO {org.wso2.carbon.mediation.initializer.CarbonSynapseController} - Loading the mediation configuration from the file system
TID: [-1234] [] [2021-05-19 13:05:24,982]  INFO {org.apache.synapse.config.xml.MultiXMLConfigurationBuilder} - Building synapse configuration from the synapse artifact repository at : ././repository/deployment/server/synapse-configs/default
TID: [-1234] [] [2021-05-19 13:05:24,987]  INFO {org.apache.synapse.config.xml.XMLConfigurationBuilder} - Generating the Synapse configuration model by parsing the XML configuration
TID: [-1234] [] [2021-05-19 13:05:25,203]  INFO {org.wso2.carbon.mediation.dependency.mgt.DependencyTracker} - Sequence : fault was added to the Synapse configuration successfully
TID: [-1234] [] [2021-05-19 13:05:25,209]  INFO {org.wso2.carbon.mediation.dependency.mgt.DependencyTracker} - Sequence : main was added to the Synapse configuration successfully
TID: [-1234] [] [2021-05-19 13:05:25,209]  INFO {org.apache.synapse.config.SynapseConfigurationBuilder} - Loaded Synapse configuration from the artifact repository at : ././repository/deployment/server/synapse-configs/default
TID: [-1234] [] [2021-05-19 13:05:25,211]  INFO {org.wso2.carbon.mediation.dependency.mgt.DependencyTracker} - Local entry : SERVER_HOST was added to the Synapse configuration successfully
TID: [-1234] [] [2021-05-19 13:05:25,212]  INFO {org.wso2.carbon.mediation.dependency.mgt.DependencyTracker} - Local entry : SERVER_IP was added to the Synapse configuration successfully
TID: [-1234] [] [2021-05-19 13:05:25,361]  INFO {org.apache.synapse.Axis2SynapseController} - Loading mediator extensions...
TID: [-1234] [echo] [2021-05-19 13:05:25,402]  INFO {org.wso2.carbon.core.deployment.DeploymentInterceptor} - Deploying Axis2 service: echo {super-tenant}
TID: [-1234] [Version] [2021-05-19 13:05:25,445]  INFO {org.wso2.carbon.core.deployment.DeploymentInterceptor} - Deploying Axis2 service: Version {super-tenant}
TID: [-1234] [] [2021-05-19 13:05:25,452]  INFO {org.wso2.carbon.event.publisher.core.EventPublisherDeployer} - Event Publisher deployment held back and in inactive state :MessageFlowConfigurationPublisher.xml, Stream validation exception : Stream org.wso2.esb.analytics.stream.ConfigEntry:1.0.0 does not exist
TID: [-1234] [] [2021-05-19 13:05:25,454]  INFO {org.wso2.carbon.event.publisher.core.EventPublisherDeployer} - Event Publisher deployment held back and in inactive state :MessageFlowStatisticsPublisher.xml, Stream validation exception : Stream org.wso2.esb.analytics.stream.FlowEntry:1.0.0 does not exist
TID: [-1234] [] [2021-05-19 13:05:25,507]  INFO {org.wso2.carbon.event.publisher.core.EventPublisherDeployer} - Event Publisher undeployed successfully : MessageFlowConfigurationPublisher.xml
TID: [-1234] [] [2021-05-19 13:05:25,591]  INFO {org.wso2.carbon.event.stream.core.internal.EventJunction} - WSO2EventConsumer added to the junction. Stream:org.wso2.esb.analytics.stream.ConfigEntry:1.0.0
TID: [-1234] [] [2021-05-19 13:05:25,594]  INFO {org.wso2.carbon.event.publisher.core.EventPublisherDeployer} - Event Publisher configuration successfully deployed and in active state : MessageFlowConfigurationPublisher
TID: [-1234] [] [2021-05-19 13:05:25,595]  INFO {org.wso2.carbon.event.stream.core.EventStreamDeployer} - Stream definition is deployed successfully  : org.wso2.esb.analytics.stream.ConfigEntry:1.0.0
TID: [-1234] [] [2021-05-19 13:05:25,598]  INFO {org.wso2.carbon.event.publisher.core.EventPublisherDeployer} - Event Publisher undeployed successfully : MessageFlowStatisticsPublisher.xml
TID: [-1234] [] [2021-05-19 13:05:25,628]  INFO {org.wso2.carbon.event.stream.core.internal.EventJunction} - WSO2EventConsumer added to the junction. Stream:org.wso2.esb.analytics.stream.FlowEntry:1.0.0
TID: [-1234] [] [2021-05-19 13:05:25,629]  INFO {org.wso2.carbon.event.publisher.core.EventPublisherDeployer} - Event Publisher configuration successfully deployed and in active state : MessageFlowStatisticsPublisher
TID: [-1234] [] [2021-05-19 13:05:25,629]  INFO {org.wso2.carbon.event.stream.core.EventStreamDeployer} - Stream definition is deployed successfully  : org.wso2.esb.analytics.stream.FlowEntry:1.0.0
TID: [-1234] [odata] [2021-05-19 13:05:25,847]  INFO {org.wso2.carbon.webapp.mgt.TomcatGenericWebappsDeployer} - Deployed webapp: StandardEngine[Catalina].StandardHost[localhost].StandardContext[/odata].File[/home/akila/Work/tutorials/WSO2-ESB/ESB/wso2ei-6.6.0/repository/deployment/server/webapps/odata.war]
TID: [-1234] [] [2021-05-19 13:05:25,850]  INFO {org.apache.synapse.Axis2SynapseController} - Deploying the Synapse service...
TID: [-1234] [] [2021-05-19 13:05:25,852]  INFO {org.apache.synapse.Axis2SynapseController} - Deploying Proxy services...
TID: [-1234] [] [2021-05-19 13:05:25,853]  INFO {org.apache.synapse.Axis2SynapseController} - Deploying EventSources...
TID: [-1234] [] [2021-05-19 13:05:25,930]  INFO {org.apache.synapse.ServerManager} - Server ready for processing...
TID: [-1234] [] [2021-05-19 13:05:25,978]  INFO {org.wso2.carbon.das.messageflow.data.publisher.internal.MediationStatisticsComponent} - Global Message-Flow Statistic Reporting is Disabled
TID: [-1234] [] [2021-05-19 13:05:28,170]  INFO {org.wso2.carbon.application.deployer.internal.ApplicationManager} - Deploying Carbon Application : DS-assignmentCompositeExporter_1.0.0.car...
TID: [-1234] [] [2021-05-19 13:05:29,664]  INFO {org.wso2.carbon.mediation.dependency.mgt.DependencyTracker} - Endpoint : buyer-login was added to the Synapse configuration successfully - [ Deployed From Artifact Container: DS-assignmentCompositeExporter ] 
TID: [-1234] [] [2021-05-19 13:05:29,665]  INFO {org.apache.synapse.deployers.EndpointDeployer} - Endpoint named 'buyer-login' has been deployed from file : /home/akila/Work/tutorials/WSO2-ESB/ESB/wso2ei-6.6.0/wso2/tmp/carbonapps/-1234/1621409728172DS-assignmentCompositeExporter_1.0.0.car/buyer-login_1.0.0/buyer-login-1.0.0.xml
TID: [-1234] [] [2021-05-19 13:05:29,666]  INFO {org.wso2.carbon.mediation.dependency.mgt.DependencyTracker} - Endpoint : cities-endpoint was added to the Synapse configuration successfully - [ Deployed From Artifact Container: DS-assignmentCompositeExporter ] 
TID: [-1234] [] [2021-05-19 13:05:29,667]  INFO {org.apache.synapse.deployers.EndpointDeployer} - Endpoint named 'cities-endpoint' has been deployed from file : /home/akila/Work/tutorials/WSO2-ESB/ESB/wso2ei-6.6.0/wso2/tmp/carbonapps/-1234/1621409728172DS-assignmentCompositeExporter_1.0.0.car/cities-endpoint_1.0.0/cities-endpoint-1.0.0.xml
TID: [-1234] [] [2021-05-19 13:05:29,669]  INFO {org.wso2.carbon.mediation.dependency.mgt.DependencyTracker} - Endpoint : create_delivery was added to the Synapse configuration successfully - [ Deployed From Artifact Container: DS-assignmentCompositeExporter ] 
TID: [-1234] [] [2021-05-19 13:05:29,669]  INFO {org.apache.synapse.deployers.EndpointDeployer} - Endpoint named 'create_delivery' has been deployed from file : /home/akila/Work/tutorials/WSO2-ESB/ESB/wso2ei-6.6.0/wso2/tmp/carbonapps/-1234/1621409728172DS-assignmentCompositeExporter_1.0.0.car/create_delivery_1.0.0/create_delivery-1.0.0.xml
TID: [-1234] [] [2021-05-19 13:05:29,670]  INFO {org.wso2.carbon.mediation.dependency.mgt.DependencyTracker} - Endpoint : delivery_endpoint was added to the Synapse configuration successfully - [ Deployed From Artifact Container: DS-assignmentCompositeExporter ] 
TID: [-1234] [] [2021-05-19 13:05:29,671]  INFO {org.apache.synapse.deployers.EndpointDeployer} - Endpoint named 'delivery_endpoint' has been deployed from file : /home/akila/Work/tutorials/WSO2-ESB/ESB/wso2ei-6.6.0/wso2/tmp/carbonapps/-1234/1621409728172DS-assignmentCompositeExporter_1.0.0.car/delivery_endpoint_1.0.0/delivery_endpoint-1.0.0.xml
TID: [-1234] [] [2021-05-19 13:05:29,673]  INFO {org.wso2.carbon.mediation.dependency.mgt.DependencyTracker} - Endpoint : get-pending-orders was added to the Synapse configuration successfully - [ Deployed From Artifact Container: DS-assignmentCompositeExporter ] 
TID: [-1234] [] [2021-05-19 13:05:29,673]  INFO {org.apache.synapse.deployers.EndpointDeployer} - Endpoint named 'get-pending-orders' has been deployed from file : /home/akila/Work/tutorials/WSO2-ESB/ESB/wso2ei-6.6.0/wso2/tmp/carbonapps/-1234/1621409728172DS-assignmentCompositeExporter_1.0.0.car/get-pending-orders_1.0.0/get-pending-orders-1.0.0.xml
TID: [-1234] [] [2021-05-19 13:05:29,677]  INFO {org.wso2.carbon.mediation.dependency.mgt.DependencyTracker} - Endpoint : get-single-seller was added to the Synapse configuration successfully - [ Deployed From Artifact Container: DS-assignmentCompositeExporter ] 
TID: [-1234] [] [2021-05-19 13:05:29,678]  INFO {org.apache.synapse.deployers.EndpointDeployer} - Endpoint named 'get-single-seller' has been deployed from file : /home/akila/Work/tutorials/WSO2-ESB/ESB/wso2ei-6.6.0/wso2/tmp/carbonapps/-1234/1621409728172DS-assignmentCompositeExporter_1.0.0.car/get-single-seller_1.0.0/get-single-seller-1.0.0.xml
TID: [-1234] [] [2021-05-19 13:05:29,679]  INFO {org.wso2.carbon.mediation.dependency.mgt.DependencyTracker} - Endpoint : location_endpoints was added to the Synapse configuration successfully - [ Deployed From Artifact Container: DS-assignmentCompositeExporter ] 
TID: [-1234] [] [2021-05-19 13:05:29,680]  INFO {org.apache.synapse.deployers.EndpointDeployer} - Endpoint named 'location_endpoints' has been deployed from file : /home/akila/Work/tutorials/WSO2-ESB/ESB/wso2ei-6.6.0/wso2/tmp/carbonapps/-1234/1621409728172DS-assignmentCompositeExporter_1.0.0.car/location_endpoints_1.0.0/location_endpoints-1.0.0.xml
TID: [-1234] [] [2021-05-19 13:05:29,682]  INFO {org.wso2.carbon.mediation.dependency.mgt.DependencyTracker} - Endpoint : seller-login was added to the Synapse configuration successfully - [ Deployed From Artifact Container: DS-assignmentCompositeExporter ] 
TID: [-1234] [] [2021-05-19 13:05:29,682]  INFO {org.apache.synapse.deployers.EndpointDeployer} - Endpoint named 'seller-login' has been deployed from file : /home/akila/Work/tutorials/WSO2-ESB/ESB/wso2ei-6.6.0/wso2/tmp/carbonapps/-1234/1621409728172DS-assignmentCompositeExporter_1.0.0.car/seller-login_1.0.0/seller-login-1.0.0.xml
TID: [-1234] [] [2021-05-19 13:05:29,684]  INFO {org.wso2.carbon.mediation.dependency.mgt.DependencyTracker} - Endpoint : states-endpoint was added to the Synapse configuration successfully - [ Deployed From Artifact Container: DS-assignmentCompositeExporter ] 
TID: [-1234] [] [2021-05-19 13:05:29,685]  INFO {org.apache.synapse.deployers.EndpointDeployer} - Endpoint named 'states-endpoint' has been deployed from file : /home/akila/Work/tutorials/WSO2-ESB/ESB/wso2ei-6.6.0/wso2/tmp/carbonapps/-1234/1621409728172DS-assignmentCompositeExporter_1.0.0.car/states-endpoint_1.0.0/states-endpoint-1.0.0.xml
TID: [-1234] [] [2021-05-19 13:05:29,686]  INFO {org.wso2.carbon.mediation.dependency.mgt.DependencyTracker} - Endpoint : update-delivery was added to the Synapse configuration successfully - [ Deployed From Artifact Container: DS-assignmentCompositeExporter ] 
TID: [-1234] [] [2021-05-19 13:05:29,687]  INFO {org.apache.synapse.deployers.EndpointDeployer} - Endpoint named 'update-delivery' has been deployed from file : /home/akila/Work/tutorials/WSO2-ESB/ESB/wso2ei-6.6.0/wso2/tmp/carbonapps/-1234/1621409728172DS-assignmentCompositeExporter_1.0.0.car/update-delivery_1.0.0/update-delivery-1.0.0.xml
TID: [-1234] [] [2021-05-19 13:05:29,688]  INFO {org.wso2.carbon.mediation.dependency.mgt.DependencyTracker} - Endpoint : user-signup was added to the Synapse configuration successfully - [ Deployed From Artifact Container: DS-assignmentCompositeExporter ] 
TID: [-1234] [] [2021-05-19 13:05:29,689]  INFO {org.apache.synapse.deployers.EndpointDeployer} - Endpoint named 'user-signup' has been deployed from file : /home/akila/Work/tutorials/WSO2-ESB/ESB/wso2ei-6.6.0/wso2/tmp/carbonapps/-1234/1621409728172DS-assignmentCompositeExporter_1.0.0.car/user-signup_1.0.0/user-signup-1.0.0.xml
TID: [-1234] [] [2021-05-19 13:05:29,723]  INFO {org.apache.synapse.rest.API} - Initializing API: delivery_API
TID: [-1234] [] [2021-05-19 13:05:29,726]  INFO {org.wso2.carbon.mediation.dependency.mgt.DependencyTracker} - API : delivery_API was added to the Synapse configuration successfully - [ Deployed From Artifact Container: DS-assignmentCompositeExporter ] 
TID: [-1234] [] [2021-05-19 13:05:29,727]  INFO {org.apache.synapse.deployers.APIDeployer} - API named 'delivery_API' has been deployed from file : /home/akila/Work/tutorials/WSO2-ESB/ESB/wso2ei-6.6.0/wso2/tmp/carbonapps/-1234/1621409728172DS-assignmentCompositeExporter_1.0.0.car/delivery_API_1.0.0/delivery_API-1.0.0.xml
TID: [-1234] [] [2021-05-19 13:05:29,728]  INFO {org.apache.synapse.rest.API} - Initializing API: location_API
TID: [-1234] [] [2021-05-19 13:05:29,729]  INFO {org.wso2.carbon.mediation.dependency.mgt.DependencyTracker} - API : location_API was added to the Synapse configuration successfully - [ Deployed From Artifact Container: DS-assignmentCompositeExporter ] 
TID: [-1234] [] [2021-05-19 13:05:29,730]  INFO {org.apache.synapse.deployers.APIDeployer} - API named 'location_API' has been deployed from file : /home/akila/Work/tutorials/WSO2-ESB/ESB/wso2ei-6.6.0/wso2/tmp/carbonapps/-1234/1621409728172DS-assignmentCompositeExporter_1.0.0.car/location_API_1.0.0/location_API-1.0.0.xml
TID: [-1234] [] [2021-05-19 13:05:29,738]  INFO {org.apache.synapse.rest.API} - Initializing API: user_API
TID: [-1234] [] [2021-05-19 13:05:29,739]  INFO {org.wso2.carbon.mediation.dependency.mgt.DependencyTracker} - API : user_API was added to the Synapse configuration successfully - [ Deployed From Artifact Container: DS-assignmentCompositeExporter ] 
TID: [-1234] [] [2021-05-19 13:05:29,740]  INFO {org.apache.synapse.deployers.APIDeployer} - API named 'user_API' has been deployed from file : /home/akila/Work/tutorials/WSO2-ESB/ESB/wso2ei-6.6.0/wso2/tmp/carbonapps/-1234/1621409728172DS-assignmentCompositeExporter_1.0.0.car/user_API_1.0.0/user_API-1.0.0.xml
TID: [-1234] [] [2021-05-19 13:05:29,740]  INFO {org.wso2.carbon.application.deployer.internal.ApplicationManager} - Successfully Deployed Carbon Application : DS-assignmentCompositeExporter_1.0.0 {super-tenant}
TID: [-1234] [] [2021-05-19 13:05:29,741]  INFO {org.wso2.carbon.application.deployer.internal.ApplicationManager} - Deploying Carbon Application : DS-assignmnetCompositeExporter_1.0.0.car...
TID: [-1234] [] [2021-05-19 13:05:29,751]  INFO {org.wso2.carbon.mediation.dependency.mgt.DependencyTracker} - Endpoint : test-endpoint was added to the Synapse configuration successfully - [ Deployed From Artifact Container: DS-assignmnetCompositeExporter ] 
TID: [-1234] [] [2021-05-19 13:05:29,751]  INFO {org.apache.synapse.deployers.EndpointDeployer} - Endpoint named 'test-endpoint' has been deployed from file : /home/akila/Work/tutorials/WSO2-ESB/ESB/wso2ei-6.6.0/wso2/tmp/carbonapps/-1234/1621409729741DS-assignmnetCompositeExporter_1.0.0.car/test-endpoint_1.0.0/test-endpoint-1.0.0.xml
TID: [-1234] [] [2021-05-19 13:05:29,753]  INFO {org.apache.synapse.rest.API} - Initializing API: test2
TID: [-1234] [] [2021-05-19 13:05:29,754]  INFO {org.wso2.carbon.mediation.dependency.mgt.DependencyTracker} - API : test2 was added to the Synapse configuration successfully - [ Deployed From Artifact Container: DS-assignmnetCompositeExporter ] 
TID: [-1234] [] [2021-05-19 13:05:29,754]  INFO {org.apache.synapse.deployers.APIDeployer} - API named 'test2' has been deployed from file : /home/akila/Work/tutorials/WSO2-ESB/ESB/wso2ei-6.6.0/wso2/tmp/carbonapps/-1234/1621409729741DS-assignmnetCompositeExporter_1.0.0.car/test2_1.0.0/test2-1.0.0.xml
TID: [-1234] [] [2021-05-19 13:05:29,755]  INFO {org.wso2.carbon.application.deployer.internal.ApplicationManager} - Successfully Deployed Carbon Application : DS-assignmnetCompositeExporter_1.0.0 {super-tenant}
TID: [-1234] [] [2021-05-19 13:05:29,755]  INFO {org.wso2.carbon.application.deployer.internal.ApplicationManager} - Deploying Carbon Application : DS_AssignmentCompositeExporter_1.0.0.car...
TID: [-1234] [] [2021-05-19 13:05:29,764]  INFO {org.apache.synapse.rest.API} - Initializing API: news
TID: [-1234] [] [2021-05-19 13:05:29,765] ERROR {org.apache.synapse.config.SynapseConfiguration} - URL context: /news is already registered with the API: test2
TID: [-1234] [] [2021-05-19 13:05:29,767] ERROR {org.wso2.carbon.rest.api.ApiDeployer} - API deployment from the file : /home/akila/Work/tutorials/WSO2-ESB/ESB/wso2ei-6.6.0/wso2/tmp/carbonapps/-1234/1621409729756DS_AssignmentCompositeExporter_1.0.0.car/news_1.0.0/news-1.0.0.xml : Failed. org.apache.synapse.SynapseException: URL context: /news is already registered with the API: test2
	at org.apache.synapse.config.SynapseConfiguration.handleException(SynapseConfiguration.java:1667)
	at org.apache.synapse.config.SynapseConfiguration.addAPI(SynapseConfiguration.java:421)
	at org.apache.synapse.config.SynapseConfiguration.addAPI(SynapseConfiguration.java:414)
	at org.apache.synapse.deployers.APIDeployer.deploySynapseArtifact(APIDeployer.java:59)
	at org.wso2.carbon.rest.api.ApiDeployer.deploySynapseArtifact(ApiDeployer.java:34)
	at org.apache.synapse.deployers.AbstractSynapseArtifactDeployer.deploy(AbstractSynapseArtifactDeployer.java:200)
	at org.wso2.carbon.application.deployer.synapse.SynapseAppDeployer.deployArtifactType(SynapseAppDeployer.java:1099)
	at org.wso2.carbon.application.deployer.synapse.SynapseAppDeployer.deployArtifacts(SynapseAppDeployer.java:114)
	at org.wso2.carbon.application.deployer.internal.ApplicationManager.deployCarbonApp(ApplicationManager.java:272)
	at org.wso2.carbon.application.deployer.CappAxis2Deployer.deploy(CappAxis2Deployer.java:72)
	at org.apache.axis2.deployment.repository.util.DeploymentFileData.deploy(DeploymentFileData.java:136)
	at org.apache.axis2.deployment.DeploymentEngine.doDeploy(DeploymentEngine.java:807)
	at org.apache.axis2.deployment.repository.util.WSInfoList.update(WSInfoList.java:144)
	at org.apache.axis2.deployment.RepositoryListener.update(RepositoryListener.java:377)
	at org.apache.axis2.deployment.RepositoryListener.checkServices(RepositoryListener.java:254)
	at org.apache.axis2.deployment.DeploymentEngine.loadServices(DeploymentEngine.java:135)
	at org.wso2.carbon.core.CarbonAxisConfigurator.deployServices(CarbonAxisConfigurator.java:568)
	at org.wso2.carbon.core.internal.DeploymentServerStartupObserver.completingServerStartup(DeploymentServerStartupObserver.java:51)
	at org.wso2.carbon.core.internal.CarbonCoreServiceComponent.notifyBefore(CarbonCoreServiceComponent.java:258)
	at org.wso2.carbon.core.internal.StartupFinalizerServiceComponent.completeInitialization(StartupFinalizerServiceComponent.java:166)
	at org.wso2.carbon.core.internal.StartupFinalizerServiceComponent.serviceChanged(StartupFinalizerServiceComponent.java:323)
	at org.eclipse.osgi.internal.serviceregistry.FilteredServiceListener.serviceChanged(FilteredServiceListener.java:113)
	at org.eclipse.osgi.internal.framework.BundleContextImpl.dispatchEvent(BundleContextImpl.java:985)
	at org.eclipse.osgi.framework.eventmgr.EventManager.dispatchEvent(EventManager.java:234)
	at org.eclipse.osgi.framework.eventmgr.ListenerQueue.dispatchEventSynchronous(ListenerQueue.java:151)
	at org.eclipse.osgi.internal.serviceregistry.ServiceRegistry.publishServiceEventPrivileged(ServiceRegistry.java:866)
	at org.eclipse.osgi.internal.serviceregistry.ServiceRegistry.publishServiceEvent(ServiceRegistry.java:804)
	at org.eclipse.osgi.internal.serviceregistry.ServiceRegistrationImpl.register(ServiceRegistrationImpl.java:130)
	at org.eclipse.osgi.internal.serviceregistry.ServiceRegistry.registerService(ServiceRegistry.java:228)
	at org.eclipse.osgi.internal.framework.BundleContextImpl.registerService(BundleContextImpl.java:525)
	at org.eclipse.osgi.internal.framework.BundleContextImpl.registerService(BundleContextImpl.java:544)
	at org.wso2.carbon.throttling.agent.internal.ThrottlingAgentServiceComponent.registerThrottlingAgent(ThrottlingAgentServiceComponent.java:118)
	at org.wso2.carbon.throttling.agent.internal.ThrottlingAgentServiceComponent.activate(ThrottlingAgentServiceComponent.java:96)
	at java.base/jdk.internal.reflect.NativeMethodAccessorImpl.invoke0(Native Method)
	at java.base/jdk.internal.reflect.NativeMethodAccessorImpl.invoke(NativeMethodAccessorImpl.java:62)
	at java.base/jdk.internal.reflect.DelegatingMethodAccessorImpl.invoke(DelegatingMethodAccessorImpl.java:43)
	at java.base/java.lang.reflect.Method.invoke(Method.java:566)
	at org.eclipse.equinox.internal.ds.model.ServiceComponent.activate(ServiceComponent.java:260)
	at org.eclipse.equinox.internal.ds.model.ServiceComponentProp.activate(ServiceComponentProp.java:146)
	at org.eclipse.equinox.internal.ds.model.ServiceComponentProp.build(ServiceComponentProp.java:345)
	at org.eclipse.equinox.internal.ds.InstanceProcess.buildComponent(InstanceProcess.java:620)
	at org.eclipse.equinox.internal.ds.InstanceProcess.buildComponents(InstanceProcess.java:197)
	at org.eclipse.equinox.internal.ds.Resolver.getEligible(Resolver.java:343)
	at org.eclipse.equinox.internal.ds.SCRManager.serviceChanged(SCRManager.java:222)
	at org.eclipse.osgi.internal.serviceregistry.FilteredServiceListener.serviceChanged(FilteredServiceListener.java:113)
	at org.eclipse.osgi.internal.framework.BundleContextImpl.dispatchEvent(BundleContextImpl.java:985)
	at org.eclipse.osgi.framework.eventmgr.EventManager.dispatchEvent(EventManager.java:234)
	at org.eclipse.osgi.framework.eventmgr.ListenerQueue.dispatchEventSynchronous(ListenerQueue.java:151)
	at org.eclipse.osgi.internal.serviceregistry.ServiceRegistry.publishServiceEventPrivileged(ServiceRegistry.java:866)
	at org.eclipse.osgi.internal.serviceregistry.ServiceRegistry.publishServiceEvent(ServiceRegistry.java:804)
	at org.eclipse.osgi.internal.serviceregistry.ServiceRegistrationImpl.register(ServiceRegistrationImpl.java:130)
	at org.eclipse.osgi.internal.serviceregistry.ServiceRegistry.registerService(ServiceRegistry.java:228)
	at org.eclipse.osgi.internal.framework.BundleContextImpl.registerService(BundleContextImpl.java:525)
	at org.eclipse.osgi.internal.framework.BundleContextImpl.registerService(BundleContextImpl.java:544)
	at org.wso2.carbon.core.init.CarbonServerManager.initializeCarbon(CarbonServerManager.java:529)
	at org.wso2.carbon.core.init.CarbonServerManager.removePendingItem(CarbonServerManager.java:305)
	at org.wso2.carbon.core.init.PreAxis2ConfigItemListener.bundleChanged(PreAxis2ConfigItemListener.java:118)
	at org.eclipse.osgi.internal.framework.BundleContextImpl.dispatchEvent(BundleContextImpl.java:973)
	at org.eclipse.osgi.framework.eventmgr.EventManager.dispatchEvent(EventManager.java:234)
	at org.eclipse.osgi.framework.eventmgr.EventManager$EventThread.run(EventManager.java:345)

TID: [-1234] [] [2021-05-19 13:05:29,779] ERROR {org.apache.synapse.deployers.AbstractSynapseArtifactDeployer} - Deployment of the Synapse Artifact from file : /home/akila/Work/tutorials/WSO2-ESB/ESB/wso2ei-6.6.0/wso2/tmp/carbonapps/-1234/1621409729756DS_AssignmentCompositeExporter_1.0.0.car/news_1.0.0/news-1.0.0.xml : Failed! org.apache.synapse.deployers.SynapseArtifactDeploymentException: API deployment from the file : /home/akila/Work/tutorials/WSO2-ESB/ESB/wso2ei-6.6.0/wso2/tmp/carbonapps/-1234/1621409729756DS_AssignmentCompositeExporter_1.0.0.car/news_1.0.0/news-1.0.0.xml : Failed.
	at org.apache.synapse.deployers.AbstractSynapseArtifactDeployer.handleSynapseArtifactDeploymentError(AbstractSynapseArtifactDeployer.java:483)
	at org.apache.synapse.deployers.APIDeployer.deploySynapseArtifact(APIDeployer.java:71)
	at org.wso2.carbon.rest.api.ApiDeployer.deploySynapseArtifact(ApiDeployer.java:34)
	at org.apache.synapse.deployers.AbstractSynapseArtifactDeployer.deploy(AbstractSynapseArtifactDeployer.java:200)
	at org.wso2.carbon.application.deployer.synapse.SynapseAppDeployer.deployArtifactType(SynapseAppDeployer.java:1099)
	at org.wso2.carbon.application.deployer.synapse.SynapseAppDeployer.deployArtifacts(SynapseAppDeployer.java:114)
	at org.wso2.carbon.application.deployer.internal.ApplicationManager.deployCarbonApp(ApplicationManager.java:272)
	at org.wso2.carbon.application.deployer.CappAxis2Deployer.deploy(CappAxis2Deployer.java:72)
	at org.apache.axis2.deployment.repository.util.DeploymentFileData.deploy(DeploymentFileData.java:136)
	at org.apache.axis2.deployment.DeploymentEngine.doDeploy(DeploymentEngine.java:807)
	at org.apache.axis2.deployment.repository.util.WSInfoList.update(WSInfoList.java:144)
	at org.apache.axis2.deployment.RepositoryListener.update(RepositoryListener.java:377)
	at org.apache.axis2.deployment.RepositoryListener.checkServices(RepositoryListener.java:254)
	at org.apache.axis2.deployment.DeploymentEngine.loadServices(DeploymentEngine.java:135)
	at org.wso2.carbon.core.CarbonAxisConfigurator.deployServices(CarbonAxisConfigurator.java:568)
	at org.wso2.carbon.core.internal.DeploymentServerStartupObserver.completingServerStartup(DeploymentServerStartupObserver.java:51)
	at org.wso2.carbon.core.internal.CarbonCoreServiceComponent.notifyBefore(CarbonCoreServiceComponent.java:258)
	at org.wso2.carbon.core.internal.StartupFinalizerServiceComponent.completeInitialization(StartupFinalizerServiceComponent.java:166)
	at org.wso2.carbon.core.internal.StartupFinalizerServiceComponent.serviceChanged(StartupFinalizerServiceComponent.java:323)
	at org.eclipse.osgi.internal.serviceregistry.FilteredServiceListener.serviceChanged(FilteredServiceListener.java:113)
	at org.eclipse.osgi.internal.framework.BundleContextImpl.dispatchEvent(BundleContextImpl.java:985)
	at org.eclipse.osgi.framework.eventmgr.EventManager.dispatchEvent(EventManager.java:234)
	at org.eclipse.osgi.framework.eventmgr.ListenerQueue.dispatchEventSynchronous(ListenerQueue.java:151)
	at org.eclipse.osgi.internal.serviceregistry.ServiceRegistry.publishServiceEventPrivileged(ServiceRegistry.java:866)
	at org.eclipse.osgi.internal.serviceregistry.ServiceRegistry.publishServiceEvent(ServiceRegistry.java:804)
	at org.eclipse.osgi.internal.serviceregistry.ServiceRegistrationImpl.register(ServiceRegistrationImpl.java:130)
	at org.eclipse.osgi.internal.serviceregistry.ServiceRegistry.registerService(ServiceRegistry.java:228)
	at org.eclipse.osgi.internal.framework.BundleContextImpl.registerService(BundleContextImpl.java:525)
	at org.eclipse.osgi.internal.framework.BundleContextImpl.registerService(BundleContextImpl.java:544)
	at org.wso2.carbon.throttling.agent.internal.ThrottlingAgentServiceComponent.registerThrottlingAgent(ThrottlingAgentServiceComponent.java:118)
	at org.wso2.carbon.throttling.agent.internal.ThrottlingAgentServiceComponent.activate(ThrottlingAgentServiceComponent.java:96)
	at java.base/jdk.internal.reflect.NativeMethodAccessorImpl.invoke0(Native Method)
	at java.base/jdk.internal.reflect.NativeMethodAccessorImpl.invoke(NativeMethodAccessorImpl.java:62)
	at java.base/jdk.internal.reflect.DelegatingMethodAccessorImpl.invoke(DelegatingMethodAccessorImpl.java:43)
	at java.base/java.lang.reflect.Method.invoke(Method.java:566)
	at org.eclipse.equinox.internal.ds.model.ServiceComponent.activate(ServiceComponent.java:260)
	at org.eclipse.equinox.internal.ds.model.ServiceComponentProp.activate(ServiceComponentProp.java:146)
	at org.eclipse.equinox.internal.ds.model.ServiceComponentProp.build(ServiceComponentProp.java:345)
	at org.eclipse.equinox.internal.ds.InstanceProcess.buildComponent(InstanceProcess.java:620)
	at org.eclipse.equinox.internal.ds.InstanceProcess.buildComponents(InstanceProcess.java:197)
	at org.eclipse.equinox.internal.ds.Resolver.getEligible(Resolver.java:343)
	at org.eclipse.equinox.internal.ds.SCRManager.serviceChanged(SCRManager.java:222)
	at org.eclipse.osgi.internal.serviceregistry.FilteredServiceListener.serviceChanged(FilteredServiceListener.java:113)
	at org.eclipse.osgi.internal.framework.BundleContextImpl.dispatchEvent(BundleContextImpl.java:985)
	at org.eclipse.osgi.framework.eventmgr.EventManager.dispatchEvent(EventManager.java:234)
	at org.eclipse.osgi.framework.eventmgr.ListenerQueue.dispatchEventSynchronous(ListenerQueue.java:151)
	at org.eclipse.osgi.internal.serviceregistry.ServiceRegistry.publishServiceEventPrivileged(ServiceRegistry.java:866)
	at org.eclipse.osgi.internal.serviceregistry.ServiceRegistry.publishServiceEvent(ServiceRegistry.java:804)
	at org.eclipse.osgi.internal.serviceregistry.ServiceRegistrationImpl.register(ServiceRegistrationImpl.java:130)
	at org.eclipse.osgi.internal.serviceregistry.ServiceRegistry.registerService(ServiceRegistry.java:228)
	at org.eclipse.osgi.internal.framework.BundleContextImpl.registerService(BundleContextImpl.java:525)
	at org.eclipse.osgi.internal.framework.BundleContextImpl.registerService(BundleContextImpl.java:544)
	at org.wso2.carbon.core.init.CarbonServerManager.initializeCarbon(CarbonServerManager.java:529)
	at org.wso2.carbon.core.init.CarbonServerManager.removePendingItem(CarbonServerManager.java:305)
	at org.wso2.carbon.core.init.PreAxis2ConfigItemListener.bundleChanged(PreAxis2ConfigItemListener.java:118)
	at org.eclipse.osgi.internal.framework.BundleContextImpl.dispatchEvent(BundleContextImpl.java:973)
	at org.eclipse.osgi.framework.eventmgr.EventManager.dispatchEvent(EventManager.java:234)
	at org.eclipse.osgi.framework.eventmgr.EventManager$EventThread.run(EventManager.java:345)
Caused by: org.apache.synapse.SynapseException: URL context: /news is already registered with the API: test2
	at org.apache.synapse.config.SynapseConfiguration.handleException(SynapseConfiguration.java:1667)
	at org.apache.synapse.config.SynapseConfiguration.addAPI(SynapseConfiguration.java:421)
	at org.apache.synapse.config.SynapseConfiguration.addAPI(SynapseConfiguration.java:414)
	at org.apache.synapse.deployers.APIDeployer.deploySynapseArtifact(APIDeployer.java:59)
	... 56 more

TID: [-1234] [] [2021-05-19 13:05:29,836]  INFO {org.apache.synapse.deployers.AbstractSynapseArtifactDeployer} - The file has been backed up into : NO_BACKUP_ON_WORKER.INFO
TID: [-1234] [] [2021-05-19 13:05:29,837] ERROR {org.apache.synapse.deployers.AbstractSynapseArtifactDeployer} - Deployment of synapse artifact failed. Error reading /home/akila/Work/tutorials/WSO2-ESB/ESB/wso2ei-6.6.0/wso2/tmp/carbonapps/-1234/1621409729756DS_AssignmentCompositeExporter_1.0.0.car/news_1.0.0/news-1.0.0.xml : API deployment from the file : /home/akila/Work/tutorials/WSO2-ESB/ESB/wso2ei-6.6.0/wso2/tmp/carbonapps/-1234/1621409729756DS_AssignmentCompositeExporter_1.0.0.car/news_1.0.0/news-1.0.0.xml : Failed. org.apache.axis2.deployment.DeploymentException: API deployment from the file : /home/akila/Work/tutorials/WSO2-ESB/ESB/wso2ei-6.6.0/wso2/tmp/carbonapps/-1234/1621409729756DS_AssignmentCompositeExporter_1.0.0.car/news_1.0.0/news-1.0.0.xml : Failed.
	at org.apache.synapse.deployers.AbstractSynapseArtifactDeployer.deploy(AbstractSynapseArtifactDeployer.java:210)
	at org.wso2.carbon.application.deployer.synapse.SynapseAppDeployer.deployArtifactType(SynapseAppDeployer.java:1099)
	at org.wso2.carbon.application.deployer.synapse.SynapseAppDeployer.deployArtifacts(SynapseAppDeployer.java:114)
	at org.wso2.carbon.application.deployer.internal.ApplicationManager.deployCarbonApp(ApplicationManager.java:272)
	at org.wso2.carbon.application.deployer.CappAxis2Deployer.deploy(CappAxis2Deployer.java:72)
	at org.apache.axis2.deployment.repository.util.DeploymentFileData.deploy(DeploymentFileData.java:136)
	at org.apache.axis2.deployment.DeploymentEngine.doDeploy(DeploymentEngine.java:807)
	at org.apache.axis2.deployment.repository.util.WSInfoList.update(WSInfoList.java:144)
	at org.apache.axis2.deployment.RepositoryListener.update(RepositoryListener.java:377)
	at org.apache.axis2.deployment.RepositoryListener.checkServices(RepositoryListener.java:254)
	at org.apache.axis2.deployment.DeploymentEngine.loadServices(DeploymentEngine.java:135)
	at org.wso2.carbon.core.CarbonAxisConfigurator.deployServices(CarbonAxisConfigurator.java:568)
	at org.wso2.carbon.core.internal.DeploymentServerStartupObserver.completingServerStartup(DeploymentServerStartupObserver.java:51)
	at org.wso2.carbon.core.internal.CarbonCoreServiceComponent.notifyBefore(CarbonCoreServiceComponent.java:258)
	at org.wso2.carbon.core.internal.StartupFinalizerServiceComponent.completeInitialization(StartupFinalizerServiceComponent.java:166)
	at org.wso2.carbon.core.internal.StartupFinalizerServiceComponent.serviceChanged(StartupFinalizerServiceComponent.java:323)
	at org.eclipse.osgi.internal.serviceregistry.FilteredServiceListener.serviceChanged(FilteredServiceListener.java:113)
	at org.eclipse.osgi.internal.framework.BundleContextImpl.dispatchEvent(BundleContextImpl.java:985)
	at org.eclipse.osgi.framework.eventmgr.EventManager.dispatchEvent(EventManager.java:234)
	at org.eclipse.osgi.framework.eventmgr.ListenerQueue.dispatchEventSynchronous(ListenerQueue.java:151)
	at org.eclipse.osgi.internal.serviceregistry.ServiceRegistry.publishServiceEventPrivileged(ServiceRegistry.java:866)
	at org.eclipse.osgi.internal.serviceregistry.ServiceRegistry.publishServiceEvent(ServiceRegistry.java:804)
	at org.eclipse.osgi.internal.serviceregistry.ServiceRegistrationImpl.register(ServiceRegistrationImpl.java:130)
	at org.eclipse.osgi.internal.serviceregistry.ServiceRegistry.registerService(ServiceRegistry.java:228)
	at org.eclipse.osgi.internal.framework.BundleContextImpl.registerService(BundleContextImpl.java:525)
	at org.eclipse.osgi.internal.framework.BundleContextImpl.registerService(BundleContextImpl.java:544)
	at org.wso2.carbon.throttling.agent.internal.ThrottlingAgentServiceComponent.registerThrottlingAgent(ThrottlingAgentServiceComponent.java:118)
	at org.wso2.carbon.throttling.agent.internal.ThrottlingAgentServiceComponent.activate(ThrottlingAgentServiceComponent.java:96)
	at java.base/jdk.internal.reflect.NativeMethodAccessorImpl.invoke0(Native Method)
	at java.base/jdk.internal.reflect.NativeMethodAccessorImpl.invoke(NativeMethodAccessorImpl.java:62)
	at java.base/jdk.internal.reflect.DelegatingMethodAccessorImpl.invoke(DelegatingMethodAccessorImpl.java:43)
	at java.base/java.lang.reflect.Method.invoke(Method.java:566)
	at org.eclipse.equinox.internal.ds.model.ServiceComponent.activate(ServiceComponent.java:260)
	at org.eclipse.equinox.internal.ds.model.ServiceComponentProp.activate(ServiceComponentProp.java:146)
	at org.eclipse.equinox.internal.ds.model.ServiceComponentProp.build(ServiceComponentProp.java:345)
	at org.eclipse.equinox.internal.ds.InstanceProcess.buildComponent(InstanceProcess.java:620)
	at org.eclipse.equinox.internal.ds.InstanceProcess.buildComponents(InstanceProcess.java:197)
	at org.eclipse.equinox.internal.ds.Resolver.getEligible(Resolver.java:343)
	at org.eclipse.equinox.internal.ds.SCRManager.serviceChanged(SCRManager.java:222)
	at org.eclipse.osgi.internal.serviceregistry.FilteredServiceListener.serviceChanged(FilteredServiceListener.java:113)
	at org.eclipse.osgi.internal.framework.BundleContextImpl.dispatchEvent(BundleContextImpl.java:985)
	at org.eclipse.osgi.framework.eventmgr.EventManager.dispatchEvent(EventManager.java:234)
	at org.eclipse.osgi.framework.eventmgr.ListenerQueue.dispatchEventSynchronous(ListenerQueue.java:151)
	at org.eclipse.osgi.internal.serviceregistry.ServiceRegistry.publishServiceEventPrivileged(ServiceRegistry.java:866)
	at org.eclipse.osgi.internal.serviceregistry.ServiceRegistry.publishServiceEvent(ServiceRegistry.java:804)
	at org.eclipse.osgi.internal.serviceregistry.ServiceRegistrationImpl.register(ServiceRegistrationImpl.java:130)
	at org.eclipse.osgi.internal.serviceregistry.ServiceRegistry.registerService(ServiceRegistry.java:228)
	at org.eclipse.osgi.internal.framework.BundleContextImpl.registerService(BundleContextImpl.java:525)
	at org.eclipse.osgi.internal.framework.BundleContextImpl.registerService(BundleContextImpl.java:544)
	at org.wso2.carbon.core.init.CarbonServerManager.initializeCarbon(CarbonServerManager.java:529)
	at org.wso2.carbon.core.init.CarbonServerManager.removePendingItem(CarbonServerManager.java:305)
	at org.wso2.carbon.core.init.PreAxis2ConfigItemListener.bundleChanged(PreAxis2ConfigItemListener.java:118)
	at org.eclipse.osgi.internal.framework.BundleContextImpl.dispatchEvent(BundleContextImpl.java:973)
	at org.eclipse.osgi.framework.eventmgr.EventManager.dispatchEvent(EventManager.java:234)
	at org.eclipse.osgi.framework.eventmgr.EventManager$EventThread.run(EventManager.java:345)
Caused by: org.apache.synapse.deployers.SynapseArtifactDeploymentException: API deployment from the file : /home/akila/Work/tutorials/WSO2-ESB/ESB/wso2ei-6.6.0/wso2/tmp/carbonapps/-1234/1621409729756DS_AssignmentCompositeExporter_1.0.0.car/news_1.0.0/news-1.0.0.xml : Failed.
	at org.apache.synapse.deployers.AbstractSynapseArtifactDeployer.handleSynapseArtifactDeploymentError(AbstractSynapseArtifactDeployer.java:483)
	at org.apache.synapse.deployers.APIDeployer.deploySynapseArtifact(APIDeployer.java:71)
	at org.wso2.carbon.rest.api.ApiDeployer.deploySynapseArtifact(ApiDeployer.java:34)
	at org.apache.synapse.deployers.AbstractSynapseArtifactDeployer.deploy(AbstractSynapseArtifactDeployer.java:200)
	... 54 more
Caused by: org.apache.synapse.SynapseException: URL context: /news is already registered with the API: test2
	at org.apache.synapse.config.SynapseConfiguration.handleException(SynapseConfiguration.java:1667)
	at org.apache.synapse.config.SynapseConfiguration.addAPI(SynapseConfiguration.java:421)
	at org.apache.synapse.config.SynapseConfiguration.addAPI(SynapseConfiguration.java:414)
	at org.apache.synapse.deployers.APIDeployer.deploySynapseArtifact(APIDeployer.java:59)
	... 56 more

TID: [-1234] [] [2021-05-19 13:05:29,843] ERROR {org.wso2.carbon.application.deployer.internal.ApplicationManager} - Error occurred while deploying Carbon Application org.apache.axis2.deployment.DeploymentException: API deployment from the file : /home/akila/Work/tutorials/WSO2-ESB/ESB/wso2ei-6.6.0/wso2/tmp/carbonapps/-1234/1621409729756DS_AssignmentCompositeExporter_1.0.0.car/news_1.0.0/news-1.0.0.xml : Failed.
	at org.apache.synapse.deployers.AbstractSynapseArtifactDeployer.deploy(AbstractSynapseArtifactDeployer.java:222)
	at org.wso2.carbon.application.deployer.synapse.SynapseAppDeployer.deployArtifactType(SynapseAppDeployer.java:1099)
	at org.wso2.carbon.application.deployer.synapse.SynapseAppDeployer.deployArtifacts(SynapseAppDeployer.java:114)
	at org.wso2.carbon.application.deployer.internal.ApplicationManager.deployCarbonApp(ApplicationManager.java:272)
	at org.wso2.carbon.application.deployer.CappAxis2Deployer.deploy(CappAxis2Deployer.java:72)
	at org.apache.axis2.deployment.repository.util.DeploymentFileData.deploy(DeploymentFileData.java:136)
	at org.apache.axis2.deployment.DeploymentEngine.doDeploy(DeploymentEngine.java:807)
	at org.apache.axis2.deployment.repository.util.WSInfoList.update(WSInfoList.java:144)
	at org.apache.axis2.deployment.RepositoryListener.update(RepositoryListener.java:377)
	at org.apache.axis2.deployment.RepositoryListener.checkServices(RepositoryListener.java:254)
	at org.apache.axis2.deployment.DeploymentEngine.loadServices(DeploymentEngine.java:135)
	at org.wso2.carbon.core.CarbonAxisConfigurator.deployServices(CarbonAxisConfigurator.java:568)
	at org.wso2.carbon.core.internal.DeploymentServerStartupObserver.completingServerStartup(DeploymentServerStartupObserver.java:51)
	at org.wso2.carbon.core.internal.CarbonCoreServiceComponent.notifyBefore(CarbonCoreServiceComponent.java:258)
	at org.wso2.carbon.core.internal.StartupFinalizerServiceComponent.completeInitialization(StartupFinalizerServiceComponent.java:166)
	at org.wso2.carbon.core.internal.StartupFinalizerServiceComponent.serviceChanged(StartupFinalizerServiceComponent.java:323)
	at org.eclipse.osgi.internal.serviceregistry.FilteredServiceListener.serviceChanged(FilteredServiceListener.java:113)
	at org.eclipse.osgi.internal.framework.BundleContextImpl.dispatchEvent(BundleContextImpl.java:985)
	at org.eclipse.osgi.framework.eventmgr.EventManager.dispatchEvent(EventManager.java:234)
	at org.eclipse.osgi.framework.eventmgr.ListenerQueue.dispatchEventSynchronous(ListenerQueue.java:151)
	at org.eclipse.osgi.internal.serviceregistry.ServiceRegistry.publishServiceEventPrivileged(ServiceRegistry.java:866)
	at org.eclipse.osgi.internal.serviceregistry.ServiceRegistry.publishServiceEvent(ServiceRegistry.java:804)
	at org.eclipse.osgi.internal.serviceregistry.ServiceRegistrationImpl.register(ServiceRegistrationImpl.java:130)
	at org.eclipse.osgi.internal.serviceregistry.ServiceRegistry.registerService(ServiceRegistry.java:228)
	at org.eclipse.osgi.internal.framework.BundleContextImpl.registerService(BundleContextImpl.java:525)
	at org.eclipse.osgi.internal.framework.BundleContextImpl.registerService(BundleContextImpl.java:544)
	at org.wso2.carbon.throttling.agent.internal.ThrottlingAgentServiceComponent.registerThrottlingAgent(ThrottlingAgentServiceComponent.java:118)
	at org.wso2.carbon.throttling.agent.internal.ThrottlingAgentServiceComponent.activate(ThrottlingAgentServiceComponent.java:96)
	at java.base/jdk.internal.reflect.NativeMethodAccessorImpl.invoke0(Native Method)
	at java.base/jdk.internal.reflect.NativeMethodAccessorImpl.invoke(NativeMethodAccessorImpl.java:62)
	at java.base/jdk.internal.reflect.DelegatingMethodAccessorImpl.invoke(DelegatingMethodAccessorImpl.java:43)
	at java.base/java.lang.reflect.Method.invoke(Method.java:566)
	at org.eclipse.equinox.internal.ds.model.ServiceComponent.activate(ServiceComponent.java:260)
	at org.eclipse.equinox.internal.ds.model.ServiceComponentProp.activate(ServiceComponentProp.java:146)
	at org.eclipse.equinox.internal.ds.model.ServiceComponentProp.build(ServiceComponentProp.java:345)
	at org.eclipse.equinox.internal.ds.InstanceProcess.buildComponent(InstanceProcess.java:620)
	at org.eclipse.equinox.internal.ds.InstanceProcess.buildComponents(InstanceProcess.java:197)
	at org.eclipse.equinox.internal.ds.Resolver.getEligible(Resolver.java:343)
	at org.eclipse.equinox.internal.ds.SCRManager.serviceChanged(SCRManager.java:222)
	at org.eclipse.osgi.internal.serviceregistry.FilteredServiceListener.serviceChanged(FilteredServiceListener.java:113)
	at org.eclipse.osgi.internal.framework.BundleContextImpl.dispatchEvent(BundleContextImpl.java:985)
	at org.eclipse.osgi.framework.eventmgr.EventManager.dispatchEvent(EventManager.java:234)
	at org.eclipse.osgi.framework.eventmgr.ListenerQueue.dispatchEventSynchronous(ListenerQueue.java:151)
	at org.eclipse.osgi.internal.serviceregistry.ServiceRegistry.publishServiceEventPrivileged(ServiceRegistry.java:866)
	at org.eclipse.osgi.internal.serviceregistry.ServiceRegistry.publishServiceEvent(ServiceRegistry.java:804)
	at org.eclipse.osgi.internal.serviceregistry.ServiceRegistrationImpl.register(ServiceRegistrationImpl.java:130)
	at org.eclipse.osgi.internal.serviceregistry.ServiceRegistry.registerService(ServiceRegistry.java:228)
	at org.eclipse.osgi.internal.framework.BundleContextImpl.registerService(BundleContextImpl.java:525)
	at org.eclipse.osgi.internal.framework.BundleContextImpl.registerService(BundleContextImpl.java:544)
	at org.wso2.carbon.core.init.CarbonServerManager.initializeCarbon(CarbonServerManager.java:529)
	at org.wso2.carbon.core.init.CarbonServerManager.removePendingItem(CarbonServerManager.java:305)
	at org.wso2.carbon.core.init.PreAxis2ConfigItemListener.bundleChanged(PreAxis2ConfigItemListener.java:118)
	at org.eclipse.osgi.internal.framework.BundleContextImpl.dispatchEvent(BundleContextImpl.java:973)
	at org.eclipse.osgi.framework.eventmgr.EventManager.dispatchEvent(EventManager.java:234)
	at org.eclipse.osgi.framework.eventmgr.EventManager$EventThread.run(EventManager.java:345)
Caused by: org.apache.axis2.deployment.DeploymentException: API deployment from the file : /home/akila/Work/tutorials/WSO2-ESB/ESB/wso2ei-6.6.0/wso2/tmp/carbonapps/-1234/1621409729756DS_AssignmentCompositeExporter_1.0.0.car/news_1.0.0/news-1.0.0.xml : Failed.
	at org.apache.synapse.deployers.AbstractSynapseArtifactDeployer.deploy(AbstractSynapseArtifactDeployer.java:210)
	... 54 more
Caused by: org.apache.synapse.deployers.SynapseArtifactDeploymentException: API deployment from the file : /home/akila/Work/tutorials/WSO2-ESB/ESB/wso2ei-6.6.0/wso2/tmp/carbonapps/-1234/1621409729756DS_AssignmentCompositeExporter_1.0.0.car/news_1.0.0/news-1.0.0.xml : Failed.
	at org.apache.synapse.deployers.AbstractSynapseArtifactDeployer.handleSynapseArtifactDeploymentError(AbstractSynapseArtifactDeployer.java:483)
	at org.apache.synapse.deployers.APIDeployer.deploySynapseArtifact(APIDeployer.java:71)
	at org.wso2.carbon.rest.api.ApiDeployer.deploySynapseArtifact(ApiDeployer.java:34)
	at org.apache.synapse.deployers.AbstractSynapseArtifactDeployer.deploy(AbstractSynapseArtifactDeployer.java:200)
	... 54 more
Caused by: org.apache.synapse.SynapseException: URL context: /news is already registered with the API: test2
	at org.apache.synapse.config.SynapseConfiguration.handleException(SynapseConfiguration.java:1667)
	at org.apache.synapse.config.SynapseConfiguration.addAPI(SynapseConfiguration.java:421)
	at org.apache.synapse.config.SynapseConfiguration.addAPI(SynapseConfiguration.java:414)
	at org.apache.synapse.deployers.APIDeployer.deploySynapseArtifact(APIDeployer.java:59)
	... 56 more

TID: [-1234] [] [2021-05-19 13:05:29,891]  INFO {org.wso2.carbon.application.deployer.internal.ApplicationManager} - Reverting successfully deployed artifcats in this CApp : DS_AssignmentCompositeExporter_1.0.0
TID: [-1234] [] [2021-05-19 13:05:29,896]  INFO {org.wso2.carbon.application.deployer.internal.ApplicationManager} - Deploying Carbon Application : testCompositeExporter_1.0.0.car...
TID: [-1234] [] [2021-05-19 13:05:29,905]  INFO {org.wso2.carbon.mediation.dependency.mgt.DependencyTracker} - Endpoint : test was added to the Synapse configuration successfully - [ Deployed From Artifact Container: testCompositeExporter ] 
TID: [-1234] [] [2021-05-19 13:05:29,906]  INFO {org.apache.synapse.deployers.EndpointDeployer} - Endpoint named 'test' has been deployed from file : /home/akila/Work/tutorials/WSO2-ESB/ESB/wso2ei-6.6.0/wso2/tmp/carbonapps/-1234/1621409729897testCompositeExporter_1.0.0.car/test_1.0.0/test-1.0.0.xml
TID: [-1234] [] [2021-05-19 13:05:29,908]  INFO {org.apache.synapse.rest.API} - Initializing API: HealthcareAPI
TID: [-1234] [] [2021-05-19 13:05:29,909]  INFO {org.wso2.carbon.mediation.dependency.mgt.DependencyTracker} - API : HealthcareAPI was added to the Synapse configuration successfully - [ Deployed From Artifact Container: testCompositeExporter ] 
TID: [-1234] [] [2021-05-19 13:05:29,909]  INFO {org.apache.synapse.deployers.APIDeployer} - API named 'HealthcareAPI' has been deployed from file : /home/akila/Work/tutorials/WSO2-ESB/ESB/wso2ei-6.6.0/wso2/tmp/carbonapps/-1234/1621409729897testCompositeExporter_1.0.0.car/HealthcareAPI_1.0.0/HealthcareAPI-1.0.0.xml
TID: [-1234] [] [2021-05-19 13:05:29,909]  INFO {org.wso2.carbon.application.deployer.internal.ApplicationManager} - Successfully Deployed Carbon Application : testCompositeExporter_1.0.0 {super-tenant}
TID: [-1234] [] [2021-05-19 13:05:29,912]  INFO {org.apache.synapse.transport.vfs.VFSTransportListener} - VFS listener started
TID: [-1234] [] [2021-05-19 13:05:29,914]  INFO {org.apache.synapse.transport.passthru.PassThroughHttpListener} - Starting Pass-through HTTP Listener...
TID: [-1234] [] [2021-05-19 13:05:29,929]  INFO {org.apache.synapse.transport.passthru.core.PassThroughListeningIOReactorManager} - Pass-through HTTP Listener started on 0.0.0.0:8280
TID: [-1234] [] [2021-05-19 13:05:29,930]  INFO {org.apache.synapse.transport.passthru.PassThroughHttpSSLListener} - Starting Pass-through HTTPS Listener...
TID: [-1234] [] [2021-05-19 13:05:29,933]  INFO {org.apache.synapse.transport.passthru.core.PassThroughListeningIOReactorManager} - Pass-through HTTPS Listener started on 0.0.0.0:8243
TID: [-1234] [] [2021-05-19 13:05:30,377]  INFO {org.wso2.carbon.ntask.core.service.impl.TaskServiceImpl} - Task service starting in STANDALONE mode...
TID: [-1234] [] [2021-05-19 13:05:30,399]  INFO {org.wso2.carbon.mediation.ntask.NTaskTaskManager} - Initialized task manager. Tenant [-1234]
TID: [-1234] [] [2021-05-19 13:05:30,593]  INFO {org.wso2.carbon.core.init.JMXServerManager} - JMX Service URL  : service:jmx:rmi://localhost:11111/jndi/rmi://localhost:9999/jmxrmi
TID: [-1234] [] [2021-05-19 13:05:30,595]  INFO {org.wso2.carbon.core.internal.StartupFinalizerServiceComponent} - Server           :  WSO2 Enterprise Integrator-6.6.0
TID: [-1234] [] [2021-05-19 13:05:30,596]  INFO {org.wso2.carbon.core.internal.StartupFinalizerServiceComponent} - WSO2 Carbon started in 46 sec
TID: [-1234] [] [2021-05-19 13:05:31,698]  INFO {org.wso2.carbon.ui.internal.CarbonUIServiceComponent} - Mgt Console URL  : https://192.168.31.15:9443/carbon/
TID: [-1234] [] [2021-05-19 13:05:43,803]  INFO {org.wso2.carbon.core.services.util.CarbonAuthenticationUtil} - 'admin@carbon.super [-1234]' logged in at [2021-05-19 13:05:43,802+0530]
TID: [-1234] [] [2021-05-19 21:17:21,453]  INFO {org.wso2.carbon.core.init.CarbonServerManager} - Shutdown hook triggered....
TID: [-1234] [] [2021-05-19 21:17:21,474]  INFO {org.wso2.carbon.core.init.CarbonServerManager} - Gracefully shutting down WSO2 Enterprise Integrator...
TID: [-1234] [] [2021-05-19 21:17:21,476]  INFO {org.wso2.carbon.core.ServerManagement} - Starting to switch to maintenance mode...
TID: [-1234] [] [2021-05-19 21:17:21,477]  INFO {org.apache.synapse.transport.vfs.VFSTransportListener} - VFS Listener Shutdown
TID: [-1234] [] [2021-05-19 21:17:21,478]  INFO {org.apache.synapse.transport.passthru.PassThroughHttpListener} - Stopping Pass-through HTTP Listener..
TID: [-1234] [] [2021-05-19 21:17:21,478]  INFO {org.apache.synapse.transport.passthru.core.PassThroughListeningIOReactorManager} - Shutting down IO Reactor bind for port 8280
TID: [-1] [] [2021-05-19 21:17:21,500]  INFO {org.apache.synapse.transport.passthru.core.PassThroughListeningIOReactorManager} - HTTP-Listener I/O dispatcher Listener shutdown.
TID: [-1234] [] [2021-05-19 21:17:21,502]  INFO {org.apache.synapse.transport.passthru.PassThroughHttpSSLListener} - Stopping Pass-through HTTPS Listener..
TID: [-1234] [] [2021-05-19 21:17:21,502]  INFO {org.apache.synapse.transport.passthru.core.PassThroughListeningIOReactorManager} - Shutting down IO Reactor bind for port 8243
TID: [-1] [] [2021-05-19 21:17:21,546]  INFO {org.apache.synapse.transport.passthru.core.PassThroughListeningIOReactorManager} - HTTPS-Listener I/O dispatcher Listener shutdown.
TID: [-1234] [] [2021-05-19 21:17:21,571]  INFO {org.wso2.carbon.core.ServerManagement} - Stopped all transport listeners
TID: [-1234] [] [2021-05-19 21:17:21,572]  INFO {org.wso2.carbon.core.ServerManagement} - Waiting for request service completion...
TID: [-1234] [] [2021-05-19 21:17:21,583]  INFO {org.wso2.carbon.core.ServerManagement} - All requests have been served.
TID: [-1234] [] [2021-05-19 21:17:21,584]  INFO {org.wso2.carbon.core.ServerManagement} - Waiting for deployment completion...
TID: [-1234] [odata] [2021-05-19 21:17:21,899]  INFO {org.wso2.carbon.webapp.mgt.WebApplication} - Unloaded webapp: StandardEngine[Catalina].StandardHost[localhost].StandardContext[/odata]
TID: [-1234] [odata] [2021-05-19 21:17:21,900]  INFO {org.wso2.carbon.core.ServerManagement} - All deployment tasks have been completed.
TID: [-1234] [odata] [2021-05-19 21:17:21,900]  INFO {org.wso2.carbon.core.ServerManagement} - Waiting for server task completion...
TID: [-1234] [odata] [2021-05-19 21:17:21,901]  INFO {org.wso2.carbon.core.ServerManagement} - All server tasks have been completed.
TID: [-1234] [odata] [2021-05-19 21:17:21,902]  INFO {org.wso2.carbon.core.init.CarbonServerManager} - Shutting down WSO2 Enterprise Integrator...
TID: [-1234] [odata] [2021-05-19 21:17:21,902]  INFO {org.wso2.carbon.core.init.CarbonServerManager} - Shutting down OSGi framework...
TID: [-1234] [] [2021-05-19 21:17:21,932]  INFO {org.wso2.carbon.core.init.CarbonServerManager} - Stopping CarbonServerManager...
TID: [-1234] [] [2021-05-19 21:17:21,933]  INFO {org.apache.synapse.transport.vfs.VFSTransportSender} - VFS Sender Shutdown
TID: [-1] [] [2021-05-19 21:17:21,937]  INFO {org.apache.synapse.transport.passthru.PassThroughHttpSender} - HTTP Sender shutdown
TID: [-1] [] [2021-05-19 21:17:21,938]  INFO {org.apache.synapse.transport.passthru.PassThroughHttpSSLSender} - HTTPS Sender shutdown
TID: [-1234] [] [2021-05-19 21:17:21,939]  INFO {org.apache.synapse.transport.passthru.PassThroughHttpListener} - Destroying PassThroughHttpListener
TID: [-1234] [] [2021-05-19 21:17:21,940]  INFO {org.apache.synapse.transport.passthru.PassThroughHttpSSLListener} - Destroying PassThroughHttpListener
TID: [-1234] [odata] [2021-05-19 21:17:21,978]  INFO {org.apache.synapse.Axis2SynapseController} - Undeploying the Synapse service...
TID: [-1234] [odata] [2021-05-19 21:17:21,979]  INFO {org.apache.synapse.Axis2SynapseController} - Undeploying Proxy services...
TID: [-1234] [odata] [2021-05-19 21:17:21,980]  INFO {org.apache.synapse.Axis2SynapseController} - Undeploying EventSources...
TID: [-1234] [odata] [2021-05-19 21:17:21,986]  INFO {org.apache.synapse.rest.API} - Destroying API: HealthcareAPI
TID: [-1234] [odata] [2021-05-19 21:17:21,987]  INFO {org.apache.synapse.rest.API} - Destroying API: location_API
TID: [-1234] [odata] [2021-05-19 21:17:21,988]  INFO {org.apache.synapse.rest.API} - Destroying API: delivery_API
TID: [-1234] [odata] [2021-05-19 21:17:21,989]  INFO {org.apache.synapse.rest.API} - Destroying API: user_API
TID: [-1234] [odata] [2021-05-19 21:17:21,989]  INFO {org.apache.synapse.rest.API} - Destroying API: test2
TID: [-1234] [odata] [2021-05-19 21:17:21,990]  INFO {org.apache.synapse.task.SynapseTaskManager} - Shutting down the task manager
TID: [-1234] [odata] [2021-05-19 21:17:22,119]  INFO {org.wso2.carbon.tomcat.ext.internal.CarbonTomcatServiceComponent} - Stopping the carbon web-app registered under : /
TID: [-1234] [odata] [2021-05-19 21:17:22,247]  INFO {org.wso2.carbon.event.publisher.core.EventPublisherDeployer} - Event Publisher undeployed successfully : MessageFlowStatisticsPublisher.xml
TID: [-1234] [odata] [2021-05-19 21:17:22,249]  INFO {org.wso2.carbon.event.publisher.core.EventPublisherDeployer} - Event Publisher deployment held back and in inactive state : MessageFlowStatisticsPublisher.xml, waiting for Output Event Adapter dependency : wso2event
TID: [-1234] [odata] [2021-05-19 21:17:22,250]  INFO {org.wso2.carbon.event.publisher.core.internal.CarbonEventPublisherService} - Event publisher : MessageFlowStatisticsPublisher  is in inactive state because dependency could not be found : wso2event
TID: [-1234] [odata] [2021-05-19 21:17:22,251]  INFO {org.wso2.carbon.event.publisher.core.EventPublisherDeployer} - Event Publisher undeployed successfully : MessageFlowConfigurationPublisher.xml
TID: [-1234] [odata] [2021-05-19 21:17:22,252]  INFO {org.wso2.carbon.event.publisher.core.EventPublisherDeployer} - Event Publisher deployment held back and in inactive state : MessageFlowConfigurationPublisher.xml, waiting for Output Event Adapter dependency : wso2event
TID: [-1234] [odata] [2021-05-19 21:17:22,253]  INFO {org.wso2.carbon.event.publisher.core.internal.CarbonEventPublisherService} - Event publisher : MessageFlowConfigurationPublisher  is in inactive state because dependency could not be found : wso2event
TID: [-1234] [odata] [2021-05-19 21:17:22,264]  INFO {org.wso2.carbon.dataservices.google.tokengen.servlet.internal.GoogleTokenGenDSComponent} - Deactivating Google Tokengen DS component
TID: [-1234] [] [2021-05-19 21:17:22,506]  INFO {org.wso2.carbon.core.init.CarbonServerManager} - Shutdown complete 
TID: [-1234] [] [2021-05-19 21:17:22,507]  INFO {org.wso2.carbon.core.init.CarbonServerManager} - Halting JVM 
