TID: [-1234] [] [2021-05-16 19:53:27,571]  INFO {org.wso2.carbon.core.internal.CarbonCoreActivator} - Starting WSO2 Carbon...
TID: [-1234] [] [2021-05-16 19:53:27,583]  INFO {org.wso2.carbon.core.internal.CarbonCoreActivator} - Operating System : Linux 5.11.0-17-generic, amd64
TID: [-1234] [] [2021-05-16 19:53:27,583]  INFO {org.wso2.carbon.core.internal.CarbonCoreActivator} - Java Home        : /usr/lib/jvm/java-11-openjdk-amd64
TID: [-1234] [] [2021-05-16 19:53:27,583]  INFO {org.wso2.carbon.core.internal.CarbonCoreActivator} - Java Version     : 11.0.11
TID: [-1234] [] [2021-05-16 19:53:27,584]  INFO {org.wso2.carbon.core.internal.CarbonCoreActivator} - Java VM          : OpenJDK 64-Bit Server VM 11.0.11+9-Ubuntu-0ubuntu2,Ubuntu
TID: [-1234] [] [2021-05-16 19:53:27,584]  INFO {org.wso2.carbon.core.internal.CarbonCoreActivator} - Carbon Home      : /home/akila/Work/tutorials/WSO2-ESB/ESB/wso2ei-6.6.0
TID: [-1234] [] [2021-05-16 19:53:27,584]  INFO {org.wso2.carbon.core.internal.CarbonCoreActivator} - Java Temp Dir    : /home/akila/Work/tutorials/WSO2-ESB/ESB/wso2ei-6.6.0/wso2/tmp
TID: [-1234] [] [2021-05-16 19:53:27,585]  INFO {org.wso2.carbon.core.internal.CarbonCoreActivator} - User             : akila, en-US, Asia/Colombo
TID: [-1] [] [2021-05-16 19:53:27,789]  INFO {org.wso2.carbon.crypto.provider.internal.DefaultCryptoProviderComponent} - 'CryptoService.Secret' property has not been set. 'org.wso2.carbon.crypto.provider.SymmetricKeyInternalCryptoProvider' won't be registered as an internal crypto provider. Please set the secret if the provider needs to be registered.
TID: [-1] [] [2021-05-16 19:53:27,809]  INFO {org.wso2.carbon.dataservices.google.tokengen.servlet.internal.GoogleTokenGenDSComponent} - Activating GoogleTokengen DS component
TID: [-1] [] [2021-05-16 19:53:28,094]  INFO {org.wso2.carbon.event.output.adapter.kafka.internal.ds.KafkaEventAdapterServiceDS} - Successfully deployed the Kafka output event adaptor service
TID: [-1234] [] [2021-05-16 19:53:31,728]  INFO {org.wso2.carbon.registry.core.jdbc.EmbeddedRegistryService} - Configured Registry in 56ms
TID: [-1234] [] [2021-05-16 19:53:31,810]  INFO {org.wso2.carbon.registry.core.internal.RegistryCoreServiceComponent} - Registry Mode    : READ-WRITE
TID: [-1234] [] [2021-05-16 19:53:33,574]  INFO {org.wso2.carbon.registry.indexing.solr.SolrClient} - Default Embedded Solr Server Initialized
TID: [-1234] [] [2021-05-16 19:53:33,945]  INFO {org.wso2.carbon.user.core.internal.UserStoreMgtDSComponent} - Carbon UserStoreMgtDSComponent activated successfully.
TID: [-1234] [] [2021-05-16 19:53:35,484]  INFO {org.wso2.carbon.identity.user.store.configuration.deployer.UserStoreConfigurationDeployer} - User Store Configuration Deployer initiated.
TID: [-1234] [] [2021-05-16 19:53:35,485]  INFO {org.wso2.carbon.identity.user.store.configuration.deployer.UserStoreConfigurationDeployer} - User Store Configuration Deployer initiated.
TID: [-1234] [] [2021-05-16 19:53:36,566]  INFO {org.apache.synapse.transport.vfs.VFSTransportSender} - VFS Sender started
TID: [-1234] [] [2021-05-16 19:53:36,606]  INFO {org.apache.synapse.transport.passthru.PassThroughHttpSender} - Initializing Pass-through HTTP/S Sender...
TID: [-1234] [] [2021-05-16 19:53:36,648]  INFO {org.apache.synapse.transport.passthru.PassThroughHttpSender} - Pass-through HTTP Sender started...
TID: [-1234] [] [2021-05-16 19:53:36,649]  INFO {org.apache.synapse.transport.passthru.PassThroughHttpSSLSender} - Initializing Pass-through HTTP/S Sender...
TID: [-1234] [] [2021-05-16 19:53:36,666]  INFO {org.apache.synapse.transport.passthru.PassThroughHttpSSLSender} - Pass-through HTTPS Sender started...
TID: [-1234] [] [2021-05-16 19:53:36,707]  INFO {org.apache.synapse.transport.passthru.PassThroughHttpListener} - Initializing Pass-through HTTP/S Listener...
TID: [-1234] [] [2021-05-16 19:53:36,738]  INFO {org.apache.synapse.transport.passthru.PassThroughHttpSSLListener} - Initializing Pass-through HTTP/S Listener...
TID: [-1234] [wso2carbon-sts] [2021-05-16 19:53:42,972]  INFO {org.wso2.carbon.core.deployment.DeploymentInterceptor} - Deploying Axis2 service: wso2carbon-sts {super-tenant}
TID: [-1234] [] [2021-05-16 19:53:43,937]  INFO {org.wso2.carbon.core.init.CarbonServerManager} - Repository       : /home/akila/Work/tutorials/WSO2-ESB/ESB/wso2ei-6.6.0/repository/deployment/server/
TID: [-1234] [] [2021-05-16 19:53:44,032]  INFO {org.wso2.carbon.core.multitenancy.eager.TenantLoadingConfig} - Using tenant lazy loading policy...
TID: [-1234] [] [2021-05-16 19:53:44,047]  INFO {org.wso2.carbon.core.internal.permission.update.PermissionUpdater} - Permission cache updated for tenant -1234
TID: [-1234] [] [2021-05-16 19:53:44,199]  INFO {org.wso2.carbon.rule.kernel.internal.ds.RuleEngineConfigDS} - Successfully registered the Rule Config service
TID: [-1234] [] [2021-05-16 19:53:44,883]  INFO {org.wso2.carbon.mediation.initializer.ServiceBusInitializer} - Starting ESB...
TID: [-1234] [] [2021-05-16 19:53:44,924]  INFO {org.wso2.carbon.mediation.initializer.ServiceBusInitializer} - Initializing Apache Synapse...
TID: [-1234] [] [2021-05-16 19:53:44,930]  INFO {org.apache.synapse.SynapseControllerFactory} - Using Synapse home : /home/akila/Work/tutorials/WSO2-ESB/ESB/wso2ei-6.6.0/.
TID: [-1234] [] [2021-05-16 19:53:44,931]  INFO {org.apache.synapse.SynapseControllerFactory} - Using synapse.xml location : /home/akila/Work/tutorials/WSO2-ESB/ESB/wso2ei-6.6.0/././repository/deployment/server/synapse-configs/default
TID: [-1234] [] [2021-05-16 19:53:44,931]  INFO {org.apache.synapse.SynapseControllerFactory} - Using server name : localhost
TID: [-1234] [] [2021-05-16 19:53:44,935]  INFO {org.apache.synapse.SynapseControllerFactory} - The timeout handler will run every : 15s
TID: [-1234] [] [2021-05-16 19:53:44,970]  INFO {org.apache.synapse.Axis2SynapseController} - Initializing Synapse at : Sun May 16 19:53:44 IST 2021
TID: [-1234] [] [2021-05-16 19:53:44,979]  INFO {org.wso2.carbon.mediation.initializer.CarbonSynapseController} - Loading the mediation configuration from the file system
TID: [-1234] [] [2021-05-16 19:53:44,983]  INFO {org.apache.synapse.config.xml.MultiXMLConfigurationBuilder} - Building synapse configuration from the synapse artifact repository at : ././repository/deployment/server/synapse-configs/default
TID: [-1234] [] [2021-05-16 19:53:44,989]  INFO {org.apache.synapse.config.xml.XMLConfigurationBuilder} - Generating the Synapse configuration model by parsing the XML configuration
TID: [-1234] [] [2021-05-16 19:53:45,186]  INFO {org.wso2.carbon.mediation.dependency.mgt.DependencyTracker} - Sequence : fault was added to the Synapse configuration successfully
TID: [-1234] [] [2021-05-16 19:53:45,192]  INFO {org.wso2.carbon.mediation.dependency.mgt.DependencyTracker} - Sequence : main was added to the Synapse configuration successfully
TID: [-1234] [] [2021-05-16 19:53:45,193]  INFO {org.apache.synapse.config.SynapseConfigurationBuilder} - Loaded Synapse configuration from the artifact repository at : ././repository/deployment/server/synapse-configs/default
TID: [-1234] [] [2021-05-16 19:53:45,194]  INFO {org.wso2.carbon.mediation.dependency.mgt.DependencyTracker} - Local entry : SERVER_HOST was added to the Synapse configuration successfully
TID: [-1234] [] [2021-05-16 19:53:45,195]  INFO {org.wso2.carbon.mediation.dependency.mgt.DependencyTracker} - Local entry : SERVER_IP was added to the Synapse configuration successfully
TID: [-1234] [] [2021-05-16 19:53:45,307]  INFO {org.apache.synapse.Axis2SynapseController} - Loading mediator extensions...
TID: [-1234] [echo] [2021-05-16 19:53:45,343]  INFO {org.wso2.carbon.core.deployment.DeploymentInterceptor} - Deploying Axis2 service: echo {super-tenant}
TID: [-1234] [Version] [2021-05-16 19:53:45,378]  INFO {org.wso2.carbon.core.deployment.DeploymentInterceptor} - Deploying Axis2 service: Version {super-tenant}
TID: [-1234] [] [2021-05-16 19:53:45,386]  INFO {org.wso2.carbon.event.publisher.core.EventPublisherDeployer} - Event Publisher deployment held back and in inactive state :MessageFlowConfigurationPublisher.xml, Stream validation exception : Stream org.wso2.esb.analytics.stream.ConfigEntry:1.0.0 does not exist
TID: [-1234] [] [2021-05-16 19:53:45,388]  INFO {org.wso2.carbon.event.publisher.core.EventPublisherDeployer} - Event Publisher deployment held back and in inactive state :MessageFlowStatisticsPublisher.xml, Stream validation exception : Stream org.wso2.esb.analytics.stream.FlowEntry:1.0.0 does not exist
TID: [-1234] [] [2021-05-16 19:53:45,439]  INFO {org.wso2.carbon.event.publisher.core.EventPublisherDeployer} - Event Publisher undeployed successfully : MessageFlowConfigurationPublisher.xml
TID: [-1234] [] [2021-05-16 19:53:45,512]  INFO {org.wso2.carbon.event.stream.core.internal.EventJunction} - WSO2EventConsumer added to the junction. Stream:org.wso2.esb.analytics.stream.ConfigEntry:1.0.0
TID: [-1234] [] [2021-05-16 19:53:45,515]  INFO {org.wso2.carbon.event.publisher.core.EventPublisherDeployer} - Event Publisher configuration successfully deployed and in active state : MessageFlowConfigurationPublisher
TID: [-1234] [] [2021-05-16 19:53:45,516]  INFO {org.wso2.carbon.event.stream.core.EventStreamDeployer} - Stream definition is deployed successfully  : org.wso2.esb.analytics.stream.ConfigEntry:1.0.0
TID: [-1234] [] [2021-05-16 19:53:45,518]  INFO {org.wso2.carbon.event.publisher.core.EventPublisherDeployer} - Event Publisher undeployed successfully : MessageFlowStatisticsPublisher.xml
TID: [-1234] [] [2021-05-16 19:53:45,549]  INFO {org.wso2.carbon.event.stream.core.internal.EventJunction} - WSO2EventConsumer added to the junction. Stream:org.wso2.esb.analytics.stream.FlowEntry:1.0.0
TID: [-1234] [] [2021-05-16 19:53:45,550]  INFO {org.wso2.carbon.event.publisher.core.EventPublisherDeployer} - Event Publisher configuration successfully deployed and in active state : MessageFlowStatisticsPublisher
TID: [-1234] [] [2021-05-16 19:53:45,551]  INFO {org.wso2.carbon.event.stream.core.EventStreamDeployer} - Stream definition is deployed successfully  : org.wso2.esb.analytics.stream.FlowEntry:1.0.0
TID: [-1234] [odata] [2021-05-16 19:53:45,768]  INFO {org.wso2.carbon.webapp.mgt.TomcatGenericWebappsDeployer} - Deployed webapp: StandardEngine[Catalina].StandardHost[localhost].StandardContext[/odata].File[/home/akila/Work/tutorials/WSO2-ESB/ESB/wso2ei-6.6.0/repository/deployment/server/webapps/odata.war]
TID: [-1234] [] [2021-05-16 19:53:45,772]  INFO {org.apache.synapse.Axis2SynapseController} - Deploying the Synapse service...
TID: [-1234] [] [2021-05-16 19:53:45,774]  INFO {org.apache.synapse.Axis2SynapseController} - Deploying Proxy services...
TID: [-1234] [] [2021-05-16 19:53:45,774]  INFO {org.apache.synapse.Axis2SynapseController} - Deploying EventSources...
TID: [-1234] [] [2021-05-16 19:53:45,881]  INFO {org.apache.synapse.ServerManager} - Server ready for processing...
TID: [-1234] [] [2021-05-16 19:53:45,919]  INFO {org.wso2.carbon.das.messageflow.data.publisher.internal.MediationStatisticsComponent} - Global Message-Flow Statistic Reporting is Disabled
TID: [-1234] [] [2021-05-16 19:53:47,932]  INFO {org.wso2.carbon.application.deployer.internal.ApplicationManager} - Deploying Carbon Application : DS-assignmentCompositeExporter_1.0.0.car...
TID: [-1234] [] [2021-05-16 19:53:49,050]  INFO {org.wso2.carbon.mediation.dependency.mgt.DependencyTracker} - Endpoint : buyer-login was added to the Synapse configuration successfully - [ Deployed From Artifact Container: DS-assignmentCompositeExporter ] 
TID: [-1234] [] [2021-05-16 19:53:49,052]  INFO {org.apache.synapse.deployers.EndpointDeployer} - Endpoint named 'buyer-login' has been deployed from file : /home/akila/Work/tutorials/WSO2-ESB/ESB/wso2ei-6.6.0/wso2/tmp/carbonapps/-1234/1621175027934DS-assignmentCompositeExporter_1.0.0.car/buyer-login_1.0.0/buyer-login-1.0.0.xml
TID: [-1234] [] [2021-05-16 19:53:49,054]  INFO {org.wso2.carbon.mediation.dependency.mgt.DependencyTracker} - Endpoint : cities-endpoint was added to the Synapse configuration successfully - [ Deployed From Artifact Container: DS-assignmentCompositeExporter ] 
TID: [-1234] [] [2021-05-16 19:53:49,055]  INFO {org.apache.synapse.deployers.EndpointDeployer} - Endpoint named 'cities-endpoint' has been deployed from file : /home/akila/Work/tutorials/WSO2-ESB/ESB/wso2ei-6.6.0/wso2/tmp/carbonapps/-1234/1621175027934DS-assignmentCompositeExporter_1.0.0.car/cities-endpoint_1.0.0/cities-endpoint-1.0.0.xml
TID: [-1234] [] [2021-05-16 19:53:49,057]  INFO {org.wso2.carbon.mediation.dependency.mgt.DependencyTracker} - Endpoint : create_delivery was added to the Synapse configuration successfully - [ Deployed From Artifact Container: DS-assignmentCompositeExporter ] 
TID: [-1234] [] [2021-05-16 19:53:49,058]  INFO {org.apache.synapse.deployers.EndpointDeployer} - Endpoint named 'create_delivery' has been deployed from file : /home/akila/Work/tutorials/WSO2-ESB/ESB/wso2ei-6.6.0/wso2/tmp/carbonapps/-1234/1621175027934DS-assignmentCompositeExporter_1.0.0.car/create_delivery_1.0.0/create_delivery-1.0.0.xml
TID: [-1234] [] [2021-05-16 19:53:49,060]  INFO {org.wso2.carbon.mediation.dependency.mgt.DependencyTracker} - Endpoint : delivery_endpoint was added to the Synapse configuration successfully - [ Deployed From Artifact Container: DS-assignmentCompositeExporter ] 
TID: [-1234] [] [2021-05-16 19:53:49,061]  INFO {org.apache.synapse.deployers.EndpointDeployer} - Endpoint named 'delivery_endpoint' has been deployed from file : /home/akila/Work/tutorials/WSO2-ESB/ESB/wso2ei-6.6.0/wso2/tmp/carbonapps/-1234/1621175027934DS-assignmentCompositeExporter_1.0.0.car/delivery_endpoint_1.0.0/delivery_endpoint-1.0.0.xml
TID: [-1234] [] [2021-05-16 19:53:49,063]  INFO {org.wso2.carbon.mediation.dependency.mgt.DependencyTracker} - Endpoint : get-pending-orders was added to the Synapse configuration successfully - [ Deployed From Artifact Container: DS-assignmentCompositeExporter ] 
TID: [-1234] [] [2021-05-16 19:53:49,064]  INFO {org.apache.synapse.deployers.EndpointDeployer} - Endpoint named 'get-pending-orders' has been deployed from file : /home/akila/Work/tutorials/WSO2-ESB/ESB/wso2ei-6.6.0/wso2/tmp/carbonapps/-1234/1621175027934DS-assignmentCompositeExporter_1.0.0.car/get-pending-orders_1.0.0/get-pending-orders-1.0.0.xml
TID: [-1234] [] [2021-05-16 19:53:49,070]  INFO {org.wso2.carbon.mediation.dependency.mgt.DependencyTracker} - Endpoint : get-single-seller was added to the Synapse configuration successfully - [ Deployed From Artifact Container: DS-assignmentCompositeExporter ] 
TID: [-1234] [] [2021-05-16 19:53:49,071]  INFO {org.apache.synapse.deployers.EndpointDeployer} - Endpoint named 'get-single-seller' has been deployed from file : /home/akila/Work/tutorials/WSO2-ESB/ESB/wso2ei-6.6.0/wso2/tmp/carbonapps/-1234/1621175027934DS-assignmentCompositeExporter_1.0.0.car/get-single-seller_1.0.0/get-single-seller-1.0.0.xml
TID: [-1234] [] [2021-05-16 19:53:49,073]  INFO {org.wso2.carbon.mediation.dependency.mgt.DependencyTracker} - Endpoint : location_endpoints was added to the Synapse configuration successfully - [ Deployed From Artifact Container: DS-assignmentCompositeExporter ] 
TID: [-1234] [] [2021-05-16 19:53:49,074]  INFO {org.apache.synapse.deployers.EndpointDeployer} - Endpoint named 'location_endpoints' has been deployed from file : /home/akila/Work/tutorials/WSO2-ESB/ESB/wso2ei-6.6.0/wso2/tmp/carbonapps/-1234/1621175027934DS-assignmentCompositeExporter_1.0.0.car/location_endpoints_1.0.0/location_endpoints-1.0.0.xml
TID: [-1234] [] [2021-05-16 19:53:49,076]  INFO {org.wso2.carbon.mediation.dependency.mgt.DependencyTracker} - Endpoint : seller-login was added to the Synapse configuration successfully - [ Deployed From Artifact Container: DS-assignmentCompositeExporter ] 
TID: [-1234] [] [2021-05-16 19:53:49,077]  INFO {org.apache.synapse.deployers.EndpointDeployer} - Endpoint named 'seller-login' has been deployed from file : /home/akila/Work/tutorials/WSO2-ESB/ESB/wso2ei-6.6.0/wso2/tmp/carbonapps/-1234/1621175027934DS-assignmentCompositeExporter_1.0.0.car/seller-login_1.0.0/seller-login-1.0.0.xml
TID: [-1234] [] [2021-05-16 19:53:49,080]  INFO {org.wso2.carbon.mediation.dependency.mgt.DependencyTracker} - Endpoint : states-endpoint was added to the Synapse configuration successfully - [ Deployed From Artifact Container: DS-assignmentCompositeExporter ] 
TID: [-1234] [] [2021-05-16 19:53:49,081]  INFO {org.apache.synapse.deployers.EndpointDeployer} - Endpoint named 'states-endpoint' has been deployed from file : /home/akila/Work/tutorials/WSO2-ESB/ESB/wso2ei-6.6.0/wso2/tmp/carbonapps/-1234/1621175027934DS-assignmentCompositeExporter_1.0.0.car/states-endpoint_1.0.0/states-endpoint-1.0.0.xml
TID: [-1234] [] [2021-05-16 19:53:49,084]  INFO {org.wso2.carbon.mediation.dependency.mgt.DependencyTracker} - Endpoint : update-delivery was added to the Synapse configuration successfully - [ Deployed From Artifact Container: DS-assignmentCompositeExporter ] 
TID: [-1234] [] [2021-05-16 19:53:49,085]  INFO {org.apache.synapse.deployers.EndpointDeployer} - Endpoint named 'update-delivery' has been deployed from file : /home/akila/Work/tutorials/WSO2-ESB/ESB/wso2ei-6.6.0/wso2/tmp/carbonapps/-1234/1621175027934DS-assignmentCompositeExporter_1.0.0.car/update-delivery_1.0.0/update-delivery-1.0.0.xml
TID: [-1234] [] [2021-05-16 19:53:49,087]  INFO {org.wso2.carbon.mediation.dependency.mgt.DependencyTracker} - Endpoint : user-signup was added to the Synapse configuration successfully - [ Deployed From Artifact Container: DS-assignmentCompositeExporter ] 
TID: [-1234] [] [2021-05-16 19:53:49,088]  INFO {org.apache.synapse.deployers.EndpointDeployer} - Endpoint named 'user-signup' has been deployed from file : /home/akila/Work/tutorials/WSO2-ESB/ESB/wso2ei-6.6.0/wso2/tmp/carbonapps/-1234/1621175027934DS-assignmentCompositeExporter_1.0.0.car/user-signup_1.0.0/user-signup-1.0.0.xml
TID: [-1234] [] [2021-05-16 19:53:49,122]  INFO {org.apache.synapse.rest.API} - Initializing API: delivery_API
TID: [-1234] [] [2021-05-16 19:53:49,125]  INFO {org.wso2.carbon.mediation.dependency.mgt.DependencyTracker} - API : delivery_API was added to the Synapse configuration successfully - [ Deployed From Artifact Container: DS-assignmentCompositeExporter ] 
TID: [-1234] [] [2021-05-16 19:53:49,126]  INFO {org.apache.synapse.deployers.APIDeployer} - API named 'delivery_API' has been deployed from file : /home/akila/Work/tutorials/WSO2-ESB/ESB/wso2ei-6.6.0/wso2/tmp/carbonapps/-1234/1621175027934DS-assignmentCompositeExporter_1.0.0.car/delivery_API_1.0.0/delivery_API-1.0.0.xml
TID: [-1234] [] [2021-05-16 19:53:49,129]  INFO {org.apache.synapse.rest.API} - Initializing API: location_API
TID: [-1234] [] [2021-05-16 19:53:49,130]  INFO {org.wso2.carbon.mediation.dependency.mgt.DependencyTracker} - API : location_API was added to the Synapse configuration successfully - [ Deployed From Artifact Container: DS-assignmentCompositeExporter ] 
TID: [-1234] [] [2021-05-16 19:53:49,131]  INFO {org.apache.synapse.deployers.APIDeployer} - API named 'location_API' has been deployed from file : /home/akila/Work/tutorials/WSO2-ESB/ESB/wso2ei-6.6.0/wso2/tmp/carbonapps/-1234/1621175027934DS-assignmentCompositeExporter_1.0.0.car/location_API_1.0.0/location_API-1.0.0.xml
TID: [-1234] [] [2021-05-16 19:53:49,140]  INFO {org.apache.synapse.rest.API} - Initializing API: user_API
TID: [-1234] [] [2021-05-16 19:53:49,141]  INFO {org.wso2.carbon.mediation.dependency.mgt.DependencyTracker} - API : user_API was added to the Synapse configuration successfully - [ Deployed From Artifact Container: DS-assignmentCompositeExporter ] 
TID: [-1234] [] [2021-05-16 19:53:49,141]  INFO {org.apache.synapse.deployers.APIDeployer} - API named 'user_API' has been deployed from file : /home/akila/Work/tutorials/WSO2-ESB/ESB/wso2ei-6.6.0/wso2/tmp/carbonapps/-1234/1621175027934DS-assignmentCompositeExporter_1.0.0.car/user_API_1.0.0/user_API-1.0.0.xml
TID: [-1234] [] [2021-05-16 19:53:49,142]  INFO {org.wso2.carbon.application.deployer.internal.ApplicationManager} - Successfully Deployed Carbon Application : DS-assignmentCompositeExporter_1.0.0 {super-tenant}
TID: [-1234] [] [2021-05-16 19:53:49,143]  INFO {org.wso2.carbon.application.deployer.internal.ApplicationManager} - Deploying Carbon Application : DS-assignmnetCompositeExporter_1.0.0.car...
TID: [-1234] [] [2021-05-16 19:53:49,158]  INFO {org.wso2.carbon.mediation.dependency.mgt.DependencyTracker} - Endpoint : test-endpoint was added to the Synapse configuration successfully - [ Deployed From Artifact Container: DS-assignmnetCompositeExporter ] 
TID: [-1234] [] [2021-05-16 19:53:49,158]  INFO {org.apache.synapse.deployers.EndpointDeployer} - Endpoint named 'test-endpoint' has been deployed from file : /home/akila/Work/tutorials/WSO2-ESB/ESB/wso2ei-6.6.0/wso2/tmp/carbonapps/-1234/1621175029143DS-assignmnetCompositeExporter_1.0.0.car/test-endpoint_1.0.0/test-endpoint-1.0.0.xml
TID: [-1234] [] [2021-05-16 19:53:49,160]  INFO {org.apache.synapse.rest.API} - Initializing API: test2
TID: [-1234] [] [2021-05-16 19:53:49,161]  INFO {org.wso2.carbon.mediation.dependency.mgt.DependencyTracker} - API : test2 was added to the Synapse configuration successfully - [ Deployed From Artifact Container: DS-assignmnetCompositeExporter ] 
TID: [-1234] [] [2021-05-16 19:53:49,162]  INFO {org.apache.synapse.deployers.APIDeployer} - API named 'test2' has been deployed from file : /home/akila/Work/tutorials/WSO2-ESB/ESB/wso2ei-6.6.0/wso2/tmp/carbonapps/-1234/1621175029143DS-assignmnetCompositeExporter_1.0.0.car/test2_1.0.0/test2-1.0.0.xml
TID: [-1234] [] [2021-05-16 19:53:49,162]  INFO {org.wso2.carbon.application.deployer.internal.ApplicationManager} - Successfully Deployed Carbon Application : DS-assignmnetCompositeExporter_1.0.0 {super-tenant}
TID: [-1234] [] [2021-05-16 19:53:49,163]  INFO {org.wso2.carbon.application.deployer.internal.ApplicationManager} - Deploying Carbon Application : DS_AssignmentCompositeExporter_1.0.0.car...
TID: [-1234] [] [2021-05-16 19:53:49,174]  INFO {org.apache.synapse.rest.API} - Initializing API: news
TID: [-1234] [] [2021-05-16 19:53:49,175] ERROR {org.apache.synapse.config.SynapseConfiguration} - URL context: /news is already registered with the API: test2
TID: [-1234] [] [2021-05-16 19:53:49,178] ERROR {org.wso2.carbon.rest.api.ApiDeployer} - API deployment from the file : /home/akila/Work/tutorials/WSO2-ESB/ESB/wso2ei-6.6.0/wso2/tmp/carbonapps/-1234/1621175029164DS_AssignmentCompositeExporter_1.0.0.car/news_1.0.0/news-1.0.0.xml : Failed. org.apache.synapse.SynapseException: URL context: /news is already registered with the API: test2
	at org.apache.synapse.config.SynapseConfiguration.handleException(SynapseConfiguration.java:1667)
	at org.apache.synapse.config.SynapseConfiguration.addAPI(SynapseConfiguration.java:421)
	at org.apache.synapse.config.SynapseConfiguration.addAPI(SynapseConfiguration.java:414)
	at org.apache.synapse.deployers.APIDeployer.deploySynapseArtifact(APIDeployer.java:59)
	at org.wso2.carbon.rest.api.ApiDeployer.deploySynapseArtifact(ApiDeployer.java:34)
	at org.apache.synapse.deployers.AbstractSynapseArtifactDeployer.deploy(AbstractSynapseArtifactDeployer.java:200)
	at org.wso2.carbon.application.deployer.synapse.SynapseAppDeployer.deployArtifactType(SynapseAppDeployer.java:1099)
	at org.wso2.carbon.application.deployer.synapse.SynapseAppDeployer.deployArtifacts(SynapseAppDeployer.java:114)
	at org.wso2.carbon.application.deployer.internal.ApplicationManager.deployCarbonApp(ApplicationManager.java:272)
	at org.wso2.carbon.application.deployer.CappAxis2Deployer.deploy(CappAxis2Deployer.java:72)
	at org.apache.axis2.deployment.repository.util.DeploymentFileData.deploy(DeploymentFileData.java:136)
	at org.apache.axis2.deployment.DeploymentEngine.doDeploy(DeploymentEngine.java:807)
	at org.apache.axis2.deployment.repository.util.WSInfoList.update(WSInfoList.java:144)
	at org.apache.axis2.deployment.RepositoryListener.update(RepositoryListener.java:377)
	at org.apache.axis2.deployment.RepositoryListener.checkServices(RepositoryListener.java:254)
	at org.apache.axis2.deployment.DeploymentEngine.loadServices(DeploymentEngine.java:135)
	at org.wso2.carbon.core.CarbonAxisConfigurator.deployServices(CarbonAxisConfigurator.java:568)
	at org.wso2.carbon.core.internal.DeploymentServerStartupObserver.completingServerStartup(DeploymentServerStartupObserver.java:51)
	at org.wso2.carbon.core.internal.CarbonCoreServiceComponent.notifyBefore(CarbonCoreServiceComponent.java:258)
	at org.wso2.carbon.core.internal.StartupFinalizerServiceComponent.completeInitialization(StartupFinalizerServiceComponent.java:166)
	at org.wso2.carbon.core.internal.StartupFinalizerServiceComponent.serviceChanged(StartupFinalizerServiceComponent.java:323)
	at org.eclipse.osgi.internal.serviceregistry.FilteredServiceListener.serviceChanged(FilteredServiceListener.java:113)
	at org.eclipse.osgi.internal.framework.BundleContextImpl.dispatchEvent(BundleContextImpl.java:985)
	at org.eclipse.osgi.framework.eventmgr.EventManager.dispatchEvent(EventManager.java:234)
	at org.eclipse.osgi.framework.eventmgr.ListenerQueue.dispatchEventSynchronous(ListenerQueue.java:151)
	at org.eclipse.osgi.internal.serviceregistry.ServiceRegistry.publishServiceEventPrivileged(ServiceRegistry.java:866)
	at org.eclipse.osgi.internal.serviceregistry.ServiceRegistry.publishServiceEvent(ServiceRegistry.java:804)
	at org.eclipse.osgi.internal.serviceregistry.ServiceRegistrationImpl.register(ServiceRegistrationImpl.java:130)
	at org.eclipse.osgi.internal.serviceregistry.ServiceRegistry.registerService(ServiceRegistry.java:228)
	at org.eclipse.osgi.internal.framework.BundleContextImpl.registerService(BundleContextImpl.java:525)
	at org.eclipse.osgi.internal.framework.BundleContextImpl.registerService(BundleContextImpl.java:544)
	at org.wso2.carbon.throttling.agent.internal.ThrottlingAgentServiceComponent.registerThrottlingAgent(ThrottlingAgentServiceComponent.java:118)
	at org.wso2.carbon.throttling.agent.internal.ThrottlingAgentServiceComponent.activate(ThrottlingAgentServiceComponent.java:96)
	at java.base/jdk.internal.reflect.NativeMethodAccessorImpl.invoke0(Native Method)
	at java.base/jdk.internal.reflect.NativeMethodAccessorImpl.invoke(NativeMethodAccessorImpl.java:62)
	at java.base/jdk.internal.reflect.DelegatingMethodAccessorImpl.invoke(DelegatingMethodAccessorImpl.java:43)
	at java.base/java.lang.reflect.Method.invoke(Method.java:566)
	at org.eclipse.equinox.internal.ds.model.ServiceComponent.activate(ServiceComponent.java:260)
	at org.eclipse.equinox.internal.ds.model.ServiceComponentProp.activate(ServiceComponentProp.java:146)
	at org.eclipse.equinox.internal.ds.model.ServiceComponentProp.build(ServiceComponentProp.java:345)
	at org.eclipse.equinox.internal.ds.InstanceProcess.buildComponent(InstanceProcess.java:620)
	at org.eclipse.equinox.internal.ds.InstanceProcess.buildComponents(InstanceProcess.java:197)
	at org.eclipse.equinox.internal.ds.Resolver.getEligible(Resolver.java:343)
	at org.eclipse.equinox.internal.ds.SCRManager.serviceChanged(SCRManager.java:222)
	at org.eclipse.osgi.internal.serviceregistry.FilteredServiceListener.serviceChanged(FilteredServiceListener.java:113)
	at org.eclipse.osgi.internal.framework.BundleContextImpl.dispatchEvent(BundleContextImpl.java:985)
	at org.eclipse.osgi.framework.eventmgr.EventManager.dispatchEvent(EventManager.java:234)
	at org.eclipse.osgi.framework.eventmgr.ListenerQueue.dispatchEventSynchronous(ListenerQueue.java:151)
	at org.eclipse.osgi.internal.serviceregistry.ServiceRegistry.publishServiceEventPrivileged(ServiceRegistry.java:866)
	at org.eclipse.osgi.internal.serviceregistry.ServiceRegistry.publishServiceEvent(ServiceRegistry.java:804)
	at org.eclipse.osgi.internal.serviceregistry.ServiceRegistrationImpl.register(ServiceRegistrationImpl.java:130)
	at org.eclipse.osgi.internal.serviceregistry.ServiceRegistry.registerService(ServiceRegistry.java:228)
	at org.eclipse.osgi.internal.framework.BundleContextImpl.registerService(BundleContextImpl.java:525)
	at org.eclipse.osgi.internal.framework.BundleContextImpl.registerService(BundleContextImpl.java:544)
	at org.wso2.carbon.core.init.CarbonServerManager.initializeCarbon(CarbonServerManager.java:529)
	at org.wso2.carbon.core.init.CarbonServerManager.removePendingItem(CarbonServerManager.java:305)
	at org.wso2.carbon.core.init.PreAxis2ConfigItemListener.bundleChanged(PreAxis2ConfigItemListener.java:118)
	at org.eclipse.osgi.internal.framework.BundleContextImpl.dispatchEvent(BundleContextImpl.java:973)
	at org.eclipse.osgi.framework.eventmgr.EventManager.dispatchEvent(EventManager.java:234)
	at org.eclipse.osgi.framework.eventmgr.EventManager$EventThread.run(EventManager.java:345)

TID: [-1234] [] [2021-05-16 19:53:49,193] ERROR {org.apache.synapse.deployers.AbstractSynapseArtifactDeployer} - Deployment of the Synapse Artifact from file : /home/akila/Work/tutorials/WSO2-ESB/ESB/wso2ei-6.6.0/wso2/tmp/carbonapps/-1234/1621175029164DS_AssignmentCompositeExporter_1.0.0.car/news_1.0.0/news-1.0.0.xml : Failed! org.apache.synapse.deployers.SynapseArtifactDeploymentException: API deployment from the file : /home/akila/Work/tutorials/WSO2-ESB/ESB/wso2ei-6.6.0/wso2/tmp/carbonapps/-1234/1621175029164DS_AssignmentCompositeExporter_1.0.0.car/news_1.0.0/news-1.0.0.xml : Failed.
	at org.apache.synapse.deployers.AbstractSynapseArtifactDeployer.handleSynapseArtifactDeploymentError(AbstractSynapseArtifactDeployer.java:483)
	at org.apache.synapse.deployers.APIDeployer.deploySynapseArtifact(APIDeployer.java:71)
	at org.wso2.carbon.rest.api.ApiDeployer.deploySynapseArtifact(ApiDeployer.java:34)
	at org.apache.synapse.deployers.AbstractSynapseArtifactDeployer.deploy(AbstractSynapseArtifactDeployer.java:200)
	at org.wso2.carbon.application.deployer.synapse.SynapseAppDeployer.deployArtifactType(SynapseAppDeployer.java:1099)
	at org.wso2.carbon.application.deployer.synapse.SynapseAppDeployer.deployArtifacts(SynapseAppDeployer.java:114)
	at org.wso2.carbon.application.deployer.internal.ApplicationManager.deployCarbonApp(ApplicationManager.java:272)
	at org.wso2.carbon.application.deployer.CappAxis2Deployer.deploy(CappAxis2Deployer.java:72)
	at org.apache.axis2.deployment.repository.util.DeploymentFileData.deploy(DeploymentFileData.java:136)
	at org.apache.axis2.deployment.DeploymentEngine.doDeploy(DeploymentEngine.java:807)
	at org.apache.axis2.deployment.repository.util.WSInfoList.update(WSInfoList.java:144)
	at org.apache.axis2.deployment.RepositoryListener.update(RepositoryListener.java:377)
	at org.apache.axis2.deployment.RepositoryListener.checkServices(RepositoryListener.java:254)
	at org.apache.axis2.deployment.DeploymentEngine.loadServices(DeploymentEngine.java:135)
	at org.wso2.carbon.core.CarbonAxisConfigurator.deployServices(CarbonAxisConfigurator.java:568)
	at org.wso2.carbon.core.internal.DeploymentServerStartupObserver.completingServerStartup(DeploymentServerStartupObserver.java:51)
	at org.wso2.carbon.core.internal.CarbonCoreServiceComponent.notifyBefore(CarbonCoreServiceComponent.java:258)
	at org.wso2.carbon.core.internal.StartupFinalizerServiceComponent.completeInitialization(StartupFinalizerServiceComponent.java:166)
	at org.wso2.carbon.core.internal.StartupFinalizerServiceComponent.serviceChanged(StartupFinalizerServiceComponent.java:323)
	at org.eclipse.osgi.internal.serviceregistry.FilteredServiceListener.serviceChanged(FilteredServiceListener.java:113)
	at org.eclipse.osgi.internal.framework.BundleContextImpl.dispatchEvent(BundleContextImpl.java:985)
	at org.eclipse.osgi.framework.eventmgr.EventManager.dispatchEvent(EventManager.java:234)
	at org.eclipse.osgi.framework.eventmgr.ListenerQueue.dispatchEventSynchronous(ListenerQueue.java:151)
	at org.eclipse.osgi.internal.serviceregistry.ServiceRegistry.publishServiceEventPrivileged(ServiceRegistry.java:866)
	at org.eclipse.osgi.internal.serviceregistry.ServiceRegistry.publishServiceEvent(ServiceRegistry.java:804)
	at org.eclipse.osgi.internal.serviceregistry.ServiceRegistrationImpl.register(ServiceRegistrationImpl.java:130)
	at org.eclipse.osgi.internal.serviceregistry.ServiceRegistry.registerService(ServiceRegistry.java:228)
	at org.eclipse.osgi.internal.framework.BundleContextImpl.registerService(BundleContextImpl.java:525)
	at org.eclipse.osgi.internal.framework.BundleContextImpl.registerService(BundleContextImpl.java:544)
	at org.wso2.carbon.throttling.agent.internal.ThrottlingAgentServiceComponent.registerThrottlingAgent(ThrottlingAgentServiceComponent.java:118)
	at org.wso2.carbon.throttling.agent.internal.ThrottlingAgentServiceComponent.activate(ThrottlingAgentServiceComponent.java:96)
	at java.base/jdk.internal.reflect.NativeMethodAccessorImpl.invoke0(Native Method)
	at java.base/jdk.internal.reflect.NativeMethodAccessorImpl.invoke(NativeMethodAccessorImpl.java:62)
	at java.base/jdk.internal.reflect.DelegatingMethodAccessorImpl.invoke(DelegatingMethodAccessorImpl.java:43)
	at java.base/java.lang.reflect.Method.invoke(Method.java:566)
	at org.eclipse.equinox.internal.ds.model.ServiceComponent.activate(ServiceComponent.java:260)
	at org.eclipse.equinox.internal.ds.model.ServiceComponentProp.activate(ServiceComponentProp.java:146)
	at org.eclipse.equinox.internal.ds.model.ServiceComponentProp.build(ServiceComponentProp.java:345)
	at org.eclipse.equinox.internal.ds.InstanceProcess.buildComponent(InstanceProcess.java:620)
	at org.eclipse.equinox.internal.ds.InstanceProcess.buildComponents(InstanceProcess.java:197)
	at org.eclipse.equinox.internal.ds.Resolver.getEligible(Resolver.java:343)
	at org.eclipse.equinox.internal.ds.SCRManager.serviceChanged(SCRManager.java:222)
	at org.eclipse.osgi.internal.serviceregistry.FilteredServiceListener.serviceChanged(FilteredServiceListener.java:113)
	at org.eclipse.osgi.internal.framework.BundleContextImpl.dispatchEvent(BundleContextImpl.java:985)
	at org.eclipse.osgi.framework.eventmgr.EventManager.dispatchEvent(EventManager.java:234)
	at org.eclipse.osgi.framework.eventmgr.ListenerQueue.dispatchEventSynchronous(ListenerQueue.java:151)
	at org.eclipse.osgi.internal.serviceregistry.ServiceRegistry.publishServiceEventPrivileged(ServiceRegistry.java:866)
	at org.eclipse.osgi.internal.serviceregistry.ServiceRegistry.publishServiceEvent(ServiceRegistry.java:804)
	at org.eclipse.osgi.internal.serviceregistry.ServiceRegistrationImpl.register(ServiceRegistrationImpl.java:130)
	at org.eclipse.osgi.internal.serviceregistry.ServiceRegistry.registerService(ServiceRegistry.java:228)
	at org.eclipse.osgi.internal.framework.BundleContextImpl.registerService(BundleContextImpl.java:525)
	at org.eclipse.osgi.internal.framework.BundleContextImpl.registerService(BundleContextImpl.java:544)
	at org.wso2.carbon.core.init.CarbonServerManager.initializeCarbon(CarbonServerManager.java:529)
	at org.wso2.carbon.core.init.CarbonServerManager.removePendingItem(CarbonServerManager.java:305)
	at org.wso2.carbon.core.init.PreAxis2ConfigItemListener.bundleChanged(PreAxis2ConfigItemListener.java:118)
	at org.eclipse.osgi.internal.framework.BundleContextImpl.dispatchEvent(BundleContextImpl.java:973)
	at org.eclipse.osgi.framework.eventmgr.EventManager.dispatchEvent(EventManager.java:234)
	at org.eclipse.osgi.framework.eventmgr.EventManager$EventThread.run(EventManager.java:345)
Caused by: org.apache.synapse.SynapseException: URL context: /news is already registered with the API: test2
	at org.apache.synapse.config.SynapseConfiguration.handleException(SynapseConfiguration.java:1667)
	at org.apache.synapse.config.SynapseConfiguration.addAPI(SynapseConfiguration.java:421)
	at org.apache.synapse.config.SynapseConfiguration.addAPI(SynapseConfiguration.java:414)
	at org.apache.synapse.deployers.APIDeployer.deploySynapseArtifact(APIDeployer.java:59)
	... 56 more

TID: [-1234] [] [2021-05-16 19:53:49,233]  INFO {org.apache.synapse.deployers.AbstractSynapseArtifactDeployer} - The file has been backed up into : NO_BACKUP_ON_WORKER.INFO
TID: [-1234] [] [2021-05-16 19:53:49,235] ERROR {org.apache.synapse.deployers.AbstractSynapseArtifactDeployer} - Deployment of synapse artifact failed. Error reading /home/akila/Work/tutorials/WSO2-ESB/ESB/wso2ei-6.6.0/wso2/tmp/carbonapps/-1234/1621175029164DS_AssignmentCompositeExporter_1.0.0.car/news_1.0.0/news-1.0.0.xml : API deployment from the file : /home/akila/Work/tutorials/WSO2-ESB/ESB/wso2ei-6.6.0/wso2/tmp/carbonapps/-1234/1621175029164DS_AssignmentCompositeExporter_1.0.0.car/news_1.0.0/news-1.0.0.xml : Failed. org.apache.axis2.deployment.DeploymentException: API deployment from the file : /home/akila/Work/tutorials/WSO2-ESB/ESB/wso2ei-6.6.0/wso2/tmp/carbonapps/-1234/1621175029164DS_AssignmentCompositeExporter_1.0.0.car/news_1.0.0/news-1.0.0.xml : Failed.
	at org.apache.synapse.deployers.AbstractSynapseArtifactDeployer.deploy(AbstractSynapseArtifactDeployer.java:210)
	at org.wso2.carbon.application.deployer.synapse.SynapseAppDeployer.deployArtifactType(SynapseAppDeployer.java:1099)
	at org.wso2.carbon.application.deployer.synapse.SynapseAppDeployer.deployArtifacts(SynapseAppDeployer.java:114)
	at org.wso2.carbon.application.deployer.internal.ApplicationManager.deployCarbonApp(ApplicationManager.java:272)
	at org.wso2.carbon.application.deployer.CappAxis2Deployer.deploy(CappAxis2Deployer.java:72)
	at org.apache.axis2.deployment.repository.util.DeploymentFileData.deploy(DeploymentFileData.java:136)
	at org.apache.axis2.deployment.DeploymentEngine.doDeploy(DeploymentEngine.java:807)
	at org.apache.axis2.deployment.repository.util.WSInfoList.update(WSInfoList.java:144)
	at org.apache.axis2.deployment.RepositoryListener.update(RepositoryListener.java:377)
	at org.apache.axis2.deployment.RepositoryListener.checkServices(RepositoryListener.java:254)
	at org.apache.axis2.deployment.DeploymentEngine.loadServices(DeploymentEngine.java:135)
	at org.wso2.carbon.core.CarbonAxisConfigurator.deployServices(CarbonAxisConfigurator.java:568)
	at org.wso2.carbon.core.internal.DeploymentServerStartupObserver.completingServerStartup(DeploymentServerStartupObserver.java:51)
	at org.wso2.carbon.core.internal.CarbonCoreServiceComponent.notifyBefore(CarbonCoreServiceComponent.java:258)
	at org.wso2.carbon.core.internal.StartupFinalizerServiceComponent.completeInitialization(StartupFinalizerServiceComponent.java:166)
	at org.wso2.carbon.core.internal.StartupFinalizerServiceComponent.serviceChanged(StartupFinalizerServiceComponent.java:323)
	at org.eclipse.osgi.internal.serviceregistry.FilteredServiceListener.serviceChanged(FilteredServiceListener.java:113)
	at org.eclipse.osgi.internal.framework.BundleContextImpl.dispatchEvent(BundleContextImpl.java:985)
	at org.eclipse.osgi.framework.eventmgr.EventManager.dispatchEvent(EventManager.java:234)
	at org.eclipse.osgi.framework.eventmgr.ListenerQueue.dispatchEventSynchronous(ListenerQueue.java:151)
	at org.eclipse.osgi.internal.serviceregistry.ServiceRegistry.publishServiceEventPrivileged(ServiceRegistry.java:866)
	at org.eclipse.osgi.internal.serviceregistry.ServiceRegistry.publishServiceEvent(ServiceRegistry.java:804)
	at org.eclipse.osgi.internal.serviceregistry.ServiceRegistrationImpl.register(ServiceRegistrationImpl.java:130)
	at org.eclipse.osgi.internal.serviceregistry.ServiceRegistry.registerService(ServiceRegistry.java:228)
	at org.eclipse.osgi.internal.framework.BundleContextImpl.registerService(BundleContextImpl.java:525)
	at org.eclipse.osgi.internal.framework.BundleContextImpl.registerService(BundleContextImpl.java:544)
	at org.wso2.carbon.throttling.agent.internal.ThrottlingAgentServiceComponent.registerThrottlingAgent(ThrottlingAgentServiceComponent.java:118)
	at org.wso2.carbon.throttling.agent.internal.ThrottlingAgentServiceComponent.activate(ThrottlingAgentServiceComponent.java:96)
	at java.base/jdk.internal.reflect.NativeMethodAccessorImpl.invoke0(Native Method)
	at java.base/jdk.internal.reflect.NativeMethodAccessorImpl.invoke(NativeMethodAccessorImpl.java:62)
	at java.base/jdk.internal.reflect.DelegatingMethodAccessorImpl.invoke(DelegatingMethodAccessorImpl.java:43)
	at java.base/java.lang.reflect.Method.invoke(Method.java:566)
	at org.eclipse.equinox.internal.ds.model.ServiceComponent.activate(ServiceComponent.java:260)
	at org.eclipse.equinox.internal.ds.model.ServiceComponentProp.activate(ServiceComponentProp.java:146)
	at org.eclipse.equinox.internal.ds.model.ServiceComponentProp.build(ServiceComponentProp.java:345)
	at org.eclipse.equinox.internal.ds.InstanceProcess.buildComponent(InstanceProcess.java:620)
	at org.eclipse.equinox.internal.ds.InstanceProcess.buildComponents(InstanceProcess.java:197)
	at org.eclipse.equinox.internal.ds.Resolver.getEligible(Resolver.java:343)
	at org.eclipse.equinox.internal.ds.SCRManager.serviceChanged(SCRManager.java:222)
	at org.eclipse.osgi.internal.serviceregistry.FilteredServiceListener.serviceChanged(FilteredServiceListener.java:113)
	at org.eclipse.osgi.internal.framework.BundleContextImpl.dispatchEvent(BundleContextImpl.java:985)
	at org.eclipse.osgi.framework.eventmgr.EventManager.dispatchEvent(EventManager.java:234)
	at org.eclipse.osgi.framework.eventmgr.ListenerQueue.dispatchEventSynchronous(ListenerQueue.java:151)
	at org.eclipse.osgi.internal.serviceregistry.ServiceRegistry.publishServiceEventPrivileged(ServiceRegistry.java:866)
	at org.eclipse.osgi.internal.serviceregistry.ServiceRegistry.publishServiceEvent(ServiceRegistry.java:804)
	at org.eclipse.osgi.internal.serviceregistry.ServiceRegistrationImpl.register(ServiceRegistrationImpl.java:130)
	at org.eclipse.osgi.internal.serviceregistry.ServiceRegistry.registerService(ServiceRegistry.java:228)
	at org.eclipse.osgi.internal.framework.BundleContextImpl.registerService(BundleContextImpl.java:525)
	at org.eclipse.osgi.internal.framework.BundleContextImpl.registerService(BundleContextImpl.java:544)
	at org.wso2.carbon.core.init.CarbonServerManager.initializeCarbon(CarbonServerManager.java:529)
	at org.wso2.carbon.core.init.CarbonServerManager.removePendingItem(CarbonServerManager.java:305)
	at org.wso2.carbon.core.init.PreAxis2ConfigItemListener.bundleChanged(PreAxis2ConfigItemListener.java:118)
	at org.eclipse.osgi.internal.framework.BundleContextImpl.dispatchEvent(BundleContextImpl.java:973)
	at org.eclipse.osgi.framework.eventmgr.EventManager.dispatchEvent(EventManager.java:234)
	at org.eclipse.osgi.framework.eventmgr.EventManager$EventThread.run(EventManager.java:345)
Caused by: org.apache.synapse.deployers.SynapseArtifactDeploymentException: API deployment from the file : /home/akila/Work/tutorials/WSO2-ESB/ESB/wso2ei-6.6.0/wso2/tmp/carbonapps/-1234/1621175029164DS_AssignmentCompositeExporter_1.0.0.car/news_1.0.0/news-1.0.0.xml : Failed.
	at org.apache.synapse.deployers.AbstractSynapseArtifactDeployer.handleSynapseArtifactDeploymentError(AbstractSynapseArtifactDeployer.java:483)
	at org.apache.synapse.deployers.APIDeployer.deploySynapseArtifact(APIDeployer.java:71)
	at org.wso2.carbon.rest.api.ApiDeployer.deploySynapseArtifact(ApiDeployer.java:34)
	at org.apache.synapse.deployers.AbstractSynapseArtifactDeployer.deploy(AbstractSynapseArtifactDeployer.java:200)
	... 54 more
Caused by: org.apache.synapse.SynapseException: URL context: /news is already registered with the API: test2
	at org.apache.synapse.config.SynapseConfiguration.handleException(SynapseConfiguration.java:1667)
	at org.apache.synapse.config.SynapseConfiguration.addAPI(SynapseConfiguration.java:421)
	at org.apache.synapse.config.SynapseConfiguration.addAPI(SynapseConfiguration.java:414)
	at org.apache.synapse.deployers.APIDeployer.deploySynapseArtifact(APIDeployer.java:59)
	... 56 more

TID: [-1234] [] [2021-05-16 19:53:49,241] ERROR {org.wso2.carbon.application.deployer.internal.ApplicationManager} - Error occurred while deploying Carbon Application org.apache.axis2.deployment.DeploymentException: API deployment from the file : /home/akila/Work/tutorials/WSO2-ESB/ESB/wso2ei-6.6.0/wso2/tmp/carbonapps/-1234/1621175029164DS_AssignmentCompositeExporter_1.0.0.car/news_1.0.0/news-1.0.0.xml : Failed.
	at org.apache.synapse.deployers.AbstractSynapseArtifactDeployer.deploy(AbstractSynapseArtifactDeployer.java:222)
	at org.wso2.carbon.application.deployer.synapse.SynapseAppDeployer.deployArtifactType(SynapseAppDeployer.java:1099)
	at org.wso2.carbon.application.deployer.synapse.SynapseAppDeployer.deployArtifacts(SynapseAppDeployer.java:114)
	at org.wso2.carbon.application.deployer.internal.ApplicationManager.deployCarbonApp(ApplicationManager.java:272)
	at org.wso2.carbon.application.deployer.CappAxis2Deployer.deploy(CappAxis2Deployer.java:72)
	at org.apache.axis2.deployment.repository.util.DeploymentFileData.deploy(DeploymentFileData.java:136)
	at org.apache.axis2.deployment.DeploymentEngine.doDeploy(DeploymentEngine.java:807)
	at org.apache.axis2.deployment.repository.util.WSInfoList.update(WSInfoList.java:144)
	at org.apache.axis2.deployment.RepositoryListener.update(RepositoryListener.java:377)
	at org.apache.axis2.deployment.RepositoryListener.checkServices(RepositoryListener.java:254)
	at org.apache.axis2.deployment.DeploymentEngine.loadServices(DeploymentEngine.java:135)
	at org.wso2.carbon.core.CarbonAxisConfigurator.deployServices(CarbonAxisConfigurator.java:568)
	at org.wso2.carbon.core.internal.DeploymentServerStartupObserver.completingServerStartup(DeploymentServerStartupObserver.java:51)
	at org.wso2.carbon.core.internal.CarbonCoreServiceComponent.notifyBefore(CarbonCoreServiceComponent.java:258)
	at org.wso2.carbon.core.internal.StartupFinalizerServiceComponent.completeInitialization(StartupFinalizerServiceComponent.java:166)
	at org.wso2.carbon.core.internal.StartupFinalizerServiceComponent.serviceChanged(StartupFinalizerServiceComponent.java:323)
	at org.eclipse.osgi.internal.serviceregistry.FilteredServiceListener.serviceChanged(FilteredServiceListener.java:113)
	at org.eclipse.osgi.internal.framework.BundleContextImpl.dispatchEvent(BundleContextImpl.java:985)
	at org.eclipse.osgi.framework.eventmgr.EventManager.dispatchEvent(EventManager.java:234)
	at org.eclipse.osgi.framework.eventmgr.ListenerQueue.dispatchEventSynchronous(ListenerQueue.java:151)
	at org.eclipse.osgi.internal.serviceregistry.ServiceRegistry.publishServiceEventPrivileged(ServiceRegistry.java:866)
	at org.eclipse.osgi.internal.serviceregistry.ServiceRegistry.publishServiceEvent(ServiceRegistry.java:804)
	at org.eclipse.osgi.internal.serviceregistry.ServiceRegistrationImpl.register(ServiceRegistrationImpl.java:130)
	at org.eclipse.osgi.internal.serviceregistry.ServiceRegistry.registerService(ServiceRegistry.java:228)
	at org.eclipse.osgi.internal.framework.BundleContextImpl.registerService(BundleContextImpl.java:525)
	at org.eclipse.osgi.internal.framework.BundleContextImpl.registerService(BundleContextImpl.java:544)
	at org.wso2.carbon.throttling.agent.internal.ThrottlingAgentServiceComponent.registerThrottlingAgent(ThrottlingAgentServiceComponent.java:118)
	at org.wso2.carbon.throttling.agent.internal.ThrottlingAgentServiceComponent.activate(ThrottlingAgentServiceComponent.java:96)
	at java.base/jdk.internal.reflect.NativeMethodAccessorImpl.invoke0(Native Method)
	at java.base/jdk.internal.reflect.NativeMethodAccessorImpl.invoke(NativeMethodAccessorImpl.java:62)
	at java.base/jdk.internal.reflect.DelegatingMethodAccessorImpl.invoke(DelegatingMethodAccessorImpl.java:43)
	at java.base/java.lang.reflect.Method.invoke(Method.java:566)
	at org.eclipse.equinox.internal.ds.model.ServiceComponent.activate(ServiceComponent.java:260)
	at org.eclipse.equinox.internal.ds.model.ServiceComponentProp.activate(ServiceComponentProp.java:146)
	at org.eclipse.equinox.internal.ds.model.ServiceComponentProp.build(ServiceComponentProp.java:345)
	at org.eclipse.equinox.internal.ds.InstanceProcess.buildComponent(InstanceProcess.java:620)
	at org.eclipse.equinox.internal.ds.InstanceProcess.buildComponents(InstanceProcess.java:197)
	at org.eclipse.equinox.internal.ds.Resolver.getEligible(Resolver.java:343)
	at org.eclipse.equinox.internal.ds.SCRManager.serviceChanged(SCRManager.java:222)
	at org.eclipse.osgi.internal.serviceregistry.FilteredServiceListener.serviceChanged(FilteredServiceListener.java:113)
	at org.eclipse.osgi.internal.framework.BundleContextImpl.dispatchEvent(BundleContextImpl.java:985)
	at org.eclipse.osgi.framework.eventmgr.EventManager.dispatchEvent(EventManager.java:234)
	at org.eclipse.osgi.framework.eventmgr.ListenerQueue.dispatchEventSynchronous(ListenerQueue.java:151)
	at org.eclipse.osgi.internal.serviceregistry.ServiceRegistry.publishServiceEventPrivileged(ServiceRegistry.java:866)
	at org.eclipse.osgi.internal.serviceregistry.ServiceRegistry.publishServiceEvent(ServiceRegistry.java:804)
	at org.eclipse.osgi.internal.serviceregistry.ServiceRegistrationImpl.register(ServiceRegistrationImpl.java:130)
	at org.eclipse.osgi.internal.serviceregistry.ServiceRegistry.registerService(ServiceRegistry.java:228)
	at org.eclipse.osgi.internal.framework.BundleContextImpl.registerService(BundleContextImpl.java:525)
	at org.eclipse.osgi.internal.framework.BundleContextImpl.registerService(BundleContextImpl.java:544)
	at org.wso2.carbon.core.init.CarbonServerManager.initializeCarbon(CarbonServerManager.java:529)
	at org.wso2.carbon.core.init.CarbonServerManager.removePendingItem(CarbonServerManager.java:305)
	at org.wso2.carbon.core.init.PreAxis2ConfigItemListener.bundleChanged(PreAxis2ConfigItemListener.java:118)
	at org.eclipse.osgi.internal.framework.BundleContextImpl.dispatchEvent(BundleContextImpl.java:973)
	at org.eclipse.osgi.framework.eventmgr.EventManager.dispatchEvent(EventManager.java:234)
	at org.eclipse.osgi.framework.eventmgr.EventManager$EventThread.run(EventManager.java:345)
Caused by: org.apache.axis2.deployment.DeploymentException: API deployment from the file : /home/akila/Work/tutorials/WSO2-ESB/ESB/wso2ei-6.6.0/wso2/tmp/carbonapps/-1234/1621175029164DS_AssignmentCompositeExporter_1.0.0.car/news_1.0.0/news-1.0.0.xml : Failed.
	at org.apache.synapse.deployers.AbstractSynapseArtifactDeployer.deploy(AbstractSynapseArtifactDeployer.java:210)
	... 54 more
Caused by: org.apache.synapse.deployers.SynapseArtifactDeploymentException: API deployment from the file : /home/akila/Work/tutorials/WSO2-ESB/ESB/wso2ei-6.6.0/wso2/tmp/carbonapps/-1234/1621175029164DS_AssignmentCompositeExporter_1.0.0.car/news_1.0.0/news-1.0.0.xml : Failed.
	at org.apache.synapse.deployers.AbstractSynapseArtifactDeployer.handleSynapseArtifactDeploymentError(AbstractSynapseArtifactDeployer.java:483)
	at org.apache.synapse.deployers.APIDeployer.deploySynapseArtifact(APIDeployer.java:71)
	at org.wso2.carbon.rest.api.ApiDeployer.deploySynapseArtifact(ApiDeployer.java:34)
	at org.apache.synapse.deployers.AbstractSynapseArtifactDeployer.deploy(AbstractSynapseArtifactDeployer.java:200)
	... 54 more
Caused by: org.apache.synapse.SynapseException: URL context: /news is already registered with the API: test2
	at org.apache.synapse.config.SynapseConfiguration.handleException(SynapseConfiguration.java:1667)
	at org.apache.synapse.config.SynapseConfiguration.addAPI(SynapseConfiguration.java:421)
	at org.apache.synapse.config.SynapseConfiguration.addAPI(SynapseConfiguration.java:414)
	at org.apache.synapse.deployers.APIDeployer.deploySynapseArtifact(APIDeployer.java:59)
	... 56 more

TID: [-1234] [] [2021-05-16 19:53:49,283]  INFO {org.wso2.carbon.application.deployer.internal.ApplicationManager} - Reverting successfully deployed artifcats in this CApp : DS_AssignmentCompositeExporter_1.0.0
TID: [-1234] [] [2021-05-16 19:53:49,291]  INFO {org.wso2.carbon.application.deployer.internal.ApplicationManager} - Deploying Carbon Application : testCompositeExporter_1.0.0.car...
TID: [-1234] [] [2021-05-16 19:53:49,306]  INFO {org.wso2.carbon.mediation.dependency.mgt.DependencyTracker} - Endpoint : test was added to the Synapse configuration successfully - [ Deployed From Artifact Container: testCompositeExporter ] 
TID: [-1234] [] [2021-05-16 19:53:49,307]  INFO {org.apache.synapse.deployers.EndpointDeployer} - Endpoint named 'test' has been deployed from file : /home/akila/Work/tutorials/WSO2-ESB/ESB/wso2ei-6.6.0/wso2/tmp/carbonapps/-1234/1621175029292testCompositeExporter_1.0.0.car/test_1.0.0/test-1.0.0.xml
TID: [-1234] [] [2021-05-16 19:53:49,309]  INFO {org.apache.synapse.rest.API} - Initializing API: HealthcareAPI
TID: [-1234] [] [2021-05-16 19:53:49,310]  INFO {org.wso2.carbon.mediation.dependency.mgt.DependencyTracker} - API : HealthcareAPI was added to the Synapse configuration successfully - [ Deployed From Artifact Container: testCompositeExporter ] 
TID: [-1234] [] [2021-05-16 19:53:49,311]  INFO {org.apache.synapse.deployers.APIDeployer} - API named 'HealthcareAPI' has been deployed from file : /home/akila/Work/tutorials/WSO2-ESB/ESB/wso2ei-6.6.0/wso2/tmp/carbonapps/-1234/1621175029292testCompositeExporter_1.0.0.car/HealthcareAPI_1.0.0/HealthcareAPI-1.0.0.xml
TID: [-1234] [] [2021-05-16 19:53:49,312]  INFO {org.wso2.carbon.application.deployer.internal.ApplicationManager} - Successfully Deployed Carbon Application : testCompositeExporter_1.0.0 {super-tenant}
TID: [-1234] [] [2021-05-16 19:53:49,315]  INFO {org.apache.synapse.transport.vfs.VFSTransportListener} - VFS listener started
TID: [-1234] [] [2021-05-16 19:53:49,317]  INFO {org.apache.synapse.transport.passthru.PassThroughHttpListener} - Starting Pass-through HTTP Listener...
TID: [-1234] [] [2021-05-16 19:53:49,331]  INFO {org.apache.synapse.transport.passthru.core.PassThroughListeningIOReactorManager} - Pass-through HTTP Listener started on 0.0.0.0:8280
TID: [-1234] [] [2021-05-16 19:53:49,332]  INFO {org.apache.synapse.transport.passthru.PassThroughHttpSSLListener} - Starting Pass-through HTTPS Listener...
TID: [-1234] [] [2021-05-16 19:53:49,335]  INFO {org.apache.synapse.transport.passthru.core.PassThroughListeningIOReactorManager} - Pass-through HTTPS Listener started on 0.0.0.0:8243
TID: [-1234] [] [2021-05-16 19:53:49,722]  INFO {org.wso2.carbon.ntask.core.service.impl.TaskServiceImpl} - Task service starting in STANDALONE mode...
TID: [-1234] [] [2021-05-16 19:53:49,744]  INFO {org.wso2.carbon.mediation.ntask.NTaskTaskManager} - Initialized task manager. Tenant [-1234]
TID: [-1234] [] [2021-05-16 19:53:49,888]  INFO {org.wso2.carbon.core.init.JMXServerManager} - JMX Service URL  : service:jmx:rmi://localhost:11111/jndi/rmi://localhost:9999/jmxrmi
TID: [-1234] [] [2021-05-16 19:53:49,891]  INFO {org.wso2.carbon.core.internal.StartupFinalizerServiceComponent} - Server           :  WSO2 Enterprise Integrator-6.6.0
TID: [-1234] [] [2021-05-16 19:53:49,892]  INFO {org.wso2.carbon.core.internal.StartupFinalizerServiceComponent} - WSO2 Carbon started in 39 sec
TID: [-1234] [] [2021-05-16 19:53:50,812]  INFO {org.wso2.carbon.ui.internal.CarbonUIServiceComponent} - Mgt Console URL  : https://172.20.0.1:9443/carbon/
TID: [-1234] [] [2021-05-16 19:59:05,220]  INFO {org.wso2.carbon.core.services.util.CarbonAuthenticationUtil} - 'admin@carbon.super [-1234]' logged in at [2021-05-16 19:59:05,220+0530]
TID: [-1234] [] [2021-05-16 20:08:33,184]  INFO {org.apache.synapse.mediators.builtin.LogMediator} - message = logged into the locations api
TID: [-1234] [] [2021-05-16 20:08:33,195]  INFO {org.apache.synapse.core.axis2.TimeoutHandler} - This engine will expire all callbacks after GLOBAL_TIMEOUT: 120 seconds, irrespective of the timeout action, after the specified or optional timeout
TID: [-1234] [] [2021-05-16 20:08:43,150]  INFO {org.apache.synapse.mediators.builtin.LogMediator} - message = case api logged
TID: [-1234] [] [2021-05-16 20:08:43,150]  INFO {org.apache.synapse.mediators.builtin.LogMediator} - message = case api logged
TID: [-1234] [] [2021-05-16 20:08:43,185]  INFO {org.apache.synapse.mediators.builtin.LogMediator} - message = logging into the cities api end point
TID: [-1234] [] [2021-05-16 20:08:43,185]  INFO {org.apache.synapse.mediators.builtin.LogMediator} - message = logging into the states endpoint
TID: [-1234] [] [2021-05-16 20:08:53,871]  INFO {org.apache.synapse.mediators.builtin.LogMediator} - message = logged into the locations api
TID: [-1234] [] [2021-05-16 20:48:22,705]  INFO {org.wso2.carbon.core.init.CarbonServerManager} - Shutdown hook triggered....
TID: [-1234] [] [2021-05-16 20:48:22,708]  INFO {org.wso2.carbon.core.init.CarbonServerManager} - Gracefully shutting down WSO2 Enterprise Integrator...
TID: [-1234] [] [2021-05-16 20:48:22,711]  INFO {org.wso2.carbon.core.ServerManagement} - Starting to switch to maintenance mode...
TID: [-1234] [] [2021-05-16 20:48:22,711]  INFO {org.apache.synapse.transport.vfs.VFSTransportListener} - VFS Listener Shutdown
TID: [-1234] [] [2021-05-16 20:48:22,712]  INFO {org.apache.synapse.transport.passthru.PassThroughHttpListener} - Stopping Pass-through HTTP Listener..
TID: [-1234] [] [2021-05-16 20:48:22,714]  INFO {org.apache.synapse.transport.passthru.core.PassThroughListeningIOReactorManager} - Shutting down IO Reactor bind for port 8280
TID: [-1] [] [2021-05-16 20:48:22,719]  INFO {org.apache.synapse.transport.passthru.core.PassThroughListeningIOReactorManager} - HTTP-Listener I/O dispatcher Listener shutdown.
TID: [-1234] [] [2021-05-16 20:48:22,726]  INFO {org.apache.synapse.transport.passthru.PassThroughHttpSSLListener} - Stopping Pass-through HTTPS Listener..
TID: [-1234] [] [2021-05-16 20:48:22,727]  INFO {org.apache.synapse.transport.passthru.core.PassThroughListeningIOReactorManager} - Shutting down IO Reactor bind for port 8243
TID: [-1234] [] [2021-05-16 20:48:22,741]  INFO {org.wso2.carbon.core.ServerManagement} - Stopped all transport listeners
TID: [-1234] [] [2021-05-16 20:48:22,742]  INFO {org.wso2.carbon.core.ServerManagement} - Waiting for request service completion...
TID: [-1] [] [2021-05-16 20:48:22,741]  INFO {org.apache.synapse.transport.passthru.core.PassThroughListeningIOReactorManager} - HTTPS-Listener I/O dispatcher Listener shutdown.
TID: [-1234] [] [2021-05-16 20:48:22,750]  INFO {org.wso2.carbon.core.ServerManagement} - All requests have been served.
TID: [-1234] [] [2021-05-16 20:48:22,751]  INFO {org.wso2.carbon.core.ServerManagement} - Waiting for deployment completion...
TID: [-1234] [odata] [2021-05-16 20:48:23,522]  INFO {org.wso2.carbon.webapp.mgt.WebApplication} - Unloaded webapp: StandardEngine[Catalina].StandardHost[localhost].StandardContext[/odata]
TID: [-1234] [odata] [2021-05-16 20:48:23,523]  INFO {org.wso2.carbon.core.ServerManagement} - All deployment tasks have been completed.
TID: [-1234] [odata] [2021-05-16 20:48:23,524]  INFO {org.wso2.carbon.core.ServerManagement} - Waiting for server task completion...
TID: [-1234] [odata] [2021-05-16 20:48:23,530]  INFO {org.wso2.carbon.core.ServerManagement} - All server tasks have been completed.
TID: [-1234] [odata] [2021-05-16 20:48:23,531]  INFO {org.wso2.carbon.core.init.CarbonServerManager} - Shutting down WSO2 Enterprise Integrator...
TID: [-1234] [odata] [2021-05-16 20:48:23,532]  INFO {org.wso2.carbon.core.init.CarbonServerManager} - Shutting down OSGi framework...
TID: [-1234] [] [2021-05-16 20:48:23,580]  INFO {org.wso2.carbon.core.init.CarbonServerManager} - Stopping CarbonServerManager...
TID: [-1234] [] [2021-05-16 20:48:23,583]  INFO {org.apache.synapse.transport.vfs.VFSTransportSender} - VFS Sender Shutdown
TID: [-1] [] [2021-05-16 20:48:23,585]  INFO {org.apache.synapse.transport.passthru.PassThroughHttpSender} - HTTP Sender shutdown
TID: [-1] [] [2021-05-16 20:48:23,586]  INFO {org.apache.synapse.transport.passthru.PassThroughHttpSSLSender} - HTTPS Sender shutdown
TID: [-1234] [] [2021-05-16 20:48:23,591]  INFO {org.apache.synapse.transport.passthru.PassThroughHttpListener} - Destroying PassThroughHttpListener
TID: [-1234] [] [2021-05-16 20:48:23,592]  INFO {org.apache.synapse.transport.passthru.PassThroughHttpSSLListener} - Destroying PassThroughHttpListener
TID: [-1234] [odata] [2021-05-16 20:48:23,639]  INFO {org.apache.synapse.Axis2SynapseController} - Undeploying the Synapse service...
TID: [-1234] [odata] [2021-05-16 20:48:23,640]  INFO {org.apache.synapse.Axis2SynapseController} - Undeploying Proxy services...
TID: [-1234] [odata] [2021-05-16 20:48:23,641]  INFO {org.apache.synapse.Axis2SynapseController} - Undeploying EventSources...
TID: [-1234] [odata] [2021-05-16 20:48:23,643]  INFO {org.apache.synapse.rest.API} - Destroying API: HealthcareAPI
TID: [-1234] [odata] [2021-05-16 20:48:23,645]  INFO {org.apache.synapse.rest.API} - Destroying API: location_API
TID: [-1234] [odata] [2021-05-16 20:48:23,646]  INFO {org.apache.synapse.rest.API} - Destroying API: delivery_API
TID: [-1234] [odata] [2021-05-16 20:48:23,652]  INFO {org.apache.synapse.rest.API} - Destroying API: user_API
TID: [-1234] [odata] [2021-05-16 20:48:23,653]  INFO {org.apache.synapse.rest.API} - Destroying API: test2
TID: [-1234] [odata] [2021-05-16 20:48:23,654]  INFO {org.apache.synapse.task.SynapseTaskManager} - Shutting down the task manager
TID: [-1234] [odata] [2021-05-16 20:48:23,828]  INFO {org.wso2.carbon.tomcat.ext.internal.CarbonTomcatServiceComponent} - Stopping the carbon web-app registered under : /
TID: [-1234] [odata] [2021-05-16 20:48:23,944]  INFO {org.wso2.carbon.event.publisher.core.EventPublisherDeployer} - Event Publisher undeployed successfully : MessageFlowStatisticsPublisher.xml
TID: [-1234] [odata] [2021-05-16 20:48:23,946]  INFO {org.wso2.carbon.event.publisher.core.EventPublisherDeployer} - Event Publisher deployment held back and in inactive state : MessageFlowStatisticsPublisher.xml, waiting for Output Event Adapter dependency : wso2event
TID: [-1234] [odata] [2021-05-16 20:48:23,947]  INFO {org.wso2.carbon.event.publisher.core.internal.CarbonEventPublisherService} - Event publisher : MessageFlowStatisticsPublisher  is in inactive state because dependency could not be found : wso2event
TID: [-1234] [odata] [2021-05-16 20:48:23,947]  INFO {org.wso2.carbon.event.publisher.core.EventPublisherDeployer} - Event Publisher undeployed successfully : MessageFlowConfigurationPublisher.xml
TID: [-1234] [odata] [2021-05-16 20:48:23,948]  INFO {org.wso2.carbon.event.publisher.core.EventPublisherDeployer} - Event Publisher deployment held back and in inactive state : MessageFlowConfigurationPublisher.xml, waiting for Output Event Adapter dependency : wso2event
TID: [-1234] [odata] [2021-05-16 20:48:23,949]  INFO {org.wso2.carbon.event.publisher.core.internal.CarbonEventPublisherService} - Event publisher : MessageFlowConfigurationPublisher  is in inactive state because dependency could not be found : wso2event
TID: [-1234] [odata] [2021-05-16 20:48:23,959]  INFO {org.wso2.carbon.dataservices.google.tokengen.servlet.internal.GoogleTokenGenDSComponent} - Deactivating Google Tokengen DS component
TID: [-1234] [] [2021-05-16 20:48:24,187]  INFO {org.wso2.carbon.core.init.CarbonServerManager} - Shutdown complete 
TID: [-1234] [] [2021-05-16 20:48:24,189]  INFO {org.wso2.carbon.core.init.CarbonServerManager} - Halting JVM 
