TID: [-1234] [2021-05-19 13:05:29,765] ERROR {org.apache.synapse.config.SynapseConfiguration} - URL context: /news is already registered with the API: test2
TID: [-1234] [2021-05-19 13:05:29,767] ERROR {org.wso2.carbon.rest.api.ApiDeployer} - API deployment from the file : /home/akila/Work/tutorials/WSO2-ESB/ESB/wso2ei-6.6.0/wso2/tmp/carbonapps/-1234/1621409729756DS_AssignmentCompositeExporter_1.0.0.car/news_1.0.0/news-1.0.0.xml : Failed. org.apache.synapse.SynapseException: URL context: /news is already registered with the API: test2
	at org.apache.synapse.config.SynapseConfiguration.handleException(SynapseConfiguration.java:1667)
	at org.apache.synapse.config.SynapseConfiguration.addAPI(SynapseConfiguration.java:421)
	at org.apache.synapse.config.SynapseConfiguration.addAPI(SynapseConfiguration.java:414)
	at org.apache.synapse.deployers.APIDeployer.deploySynapseArtifact(APIDeployer.java:59)
	at org.wso2.carbon.rest.api.ApiDeployer.deploySynapseArtifact(ApiDeployer.java:34)
	at org.apache.synapse.deployers.AbstractSynapseArtifactDeployer.deploy(AbstractSynapseArtifactDeployer.java:200)
	at org.wso2.carbon.application.deployer.synapse.SynapseAppDeployer.deployArtifactType(SynapseAppDeployer.java:1099)
	at org.wso2.carbon.application.deployer.synapse.SynapseAppDeployer.deployArtifacts(SynapseAppDeployer.java:114)
	at org.wso2.carbon.application.deployer.internal.ApplicationManager.deployCarbonApp(ApplicationManager.java:272)
	at org.wso2.carbon.application.deployer.CappAxis2Deployer.deploy(CappAxis2Deployer.java:72)
	at org.apache.axis2.deployment.repository.util.DeploymentFileData.deploy(DeploymentFileData.java:136)
	at org.apache.axis2.deployment.DeploymentEngine.doDeploy(DeploymentEngine.java:807)
	at org.apache.axis2.deployment.repository.util.WSInfoList.update(WSInfoList.java:144)
	at org.apache.axis2.deployment.RepositoryListener.update(RepositoryListener.java:377)
	at org.apache.axis2.deployment.RepositoryListener.checkServices(RepositoryListener.java:254)
	at org.apache.axis2.deployment.DeploymentEngine.loadServices(DeploymentEngine.java:135)
	at org.wso2.carbon.core.CarbonAxisConfigurator.deployServices(CarbonAxisConfigurator.java:568)
	at org.wso2.carbon.core.internal.DeploymentServerStartupObserver.completingServerStartup(DeploymentServerStartupObserver.java:51)
	at org.wso2.carbon.core.internal.CarbonCoreServiceComponent.notifyBefore(CarbonCoreServiceComponent.java:258)
	at org.wso2.carbon.core.internal.StartupFinalizerServiceComponent.completeInitialization(StartupFinalizerServiceComponent.java:166)
	at org.wso2.carbon.core.internal.StartupFinalizerServiceComponent.serviceChanged(StartupFinalizerServiceComponent.java:323)
	at org.eclipse.osgi.internal.serviceregistry.FilteredServiceListener.serviceChanged(FilteredServiceListener.java:113)
	at org.eclipse.osgi.internal.framework.BundleContextImpl.dispatchEvent(BundleContextImpl.java:985)
	at org.eclipse.osgi.framework.eventmgr.EventManager.dispatchEvent(EventManager.java:234)
	at org.eclipse.osgi.framework.eventmgr.ListenerQueue.dispatchEventSynchronous(ListenerQueue.java:151)
	at org.eclipse.osgi.internal.serviceregistry.ServiceRegistry.publishServiceEventPrivileged(ServiceRegistry.java:866)
	at org.eclipse.osgi.internal.serviceregistry.ServiceRegistry.publishServiceEvent(ServiceRegistry.java:804)
	at org.eclipse.osgi.internal.serviceregistry.ServiceRegistrationImpl.register(ServiceRegistrationImpl.java:130)
	at org.eclipse.osgi.internal.serviceregistry.ServiceRegistry.registerService(ServiceRegistry.java:228)
	at org.eclipse.osgi.internal.framework.BundleContextImpl.registerService(BundleContextImpl.java:525)
	at org.eclipse.osgi.internal.framework.BundleContextImpl.registerService(BundleContextImpl.java:544)
	at org.wso2.carbon.throttling.agent.internal.ThrottlingAgentServiceComponent.registerThrottlingAgent(ThrottlingAgentServiceComponent.java:118)
	at org.wso2.carbon.throttling.agent.internal.ThrottlingAgentServiceComponent.activate(ThrottlingAgentServiceComponent.java:96)
	at java.base/jdk.internal.reflect.NativeMethodAccessorImpl.invoke0(Native Method)
	at java.base/jdk.internal.reflect.NativeMethodAccessorImpl.invoke(NativeMethodAccessorImpl.java:62)
	at java.base/jdk.internal.reflect.DelegatingMethodAccessorImpl.invoke(DelegatingMethodAccessorImpl.java:43)
	at java.base/java.lang.reflect.Method.invoke(Method.java:566)
	at org.eclipse.equinox.internal.ds.model.ServiceComponent.activate(ServiceComponent.java:260)
	at org.eclipse.equinox.internal.ds.model.ServiceComponentProp.activate(ServiceComponentProp.java:146)
	at org.eclipse.equinox.internal.ds.model.ServiceComponentProp.build(ServiceComponentProp.java:345)
	at org.eclipse.equinox.internal.ds.InstanceProcess.buildComponent(InstanceProcess.java:620)
	at org.eclipse.equinox.internal.ds.InstanceProcess.buildComponents(InstanceProcess.java:197)
	at org.eclipse.equinox.internal.ds.Resolver.getEligible(Resolver.java:343)
	at org.eclipse.equinox.internal.ds.SCRManager.serviceChanged(SCRManager.java:222)
	at org.eclipse.osgi.internal.serviceregistry.FilteredServiceListener.serviceChanged(FilteredServiceListener.java:113)
	at org.eclipse.osgi.internal.framework.BundleContextImpl.dispatchEvent(BundleContextImpl.java:985)
	at org.eclipse.osgi.framework.eventmgr.EventManager.dispatchEvent(EventManager.java:234)
	at org.eclipse.osgi.framework.eventmgr.ListenerQueue.dispatchEventSynchronous(ListenerQueue.java:151)
	at org.eclipse.osgi.internal.serviceregistry.ServiceRegistry.publishServiceEventPrivileged(ServiceRegistry.java:866)
	at org.eclipse.osgi.internal.serviceregistry.ServiceRegistry.publishServiceEvent(ServiceRegistry.java:804)
	at org.eclipse.osgi.internal.serviceregistry.ServiceRegistrationImpl.register(ServiceRegistrationImpl.java:130)
	at org.eclipse.osgi.internal.serviceregistry.ServiceRegistry.registerService(ServiceRegistry.java:228)
	at org.eclipse.osgi.internal.framework.BundleContextImpl.registerService(BundleContextImpl.java:525)
	at org.eclipse.osgi.internal.framework.BundleContextImpl.registerService(BundleContextImpl.java:544)
	at org.wso2.carbon.core.init.CarbonServerManager.initializeCarbon(CarbonServerManager.java:529)
	at org.wso2.carbon.core.init.CarbonServerManager.removePendingItem(CarbonServerManager.java:305)
	at org.wso2.carbon.core.init.PreAxis2ConfigItemListener.bundleChanged(PreAxis2ConfigItemListener.java:118)
	at org.eclipse.osgi.internal.framework.BundleContextImpl.dispatchEvent(BundleContextImpl.java:973)
	at org.eclipse.osgi.framework.eventmgr.EventManager.dispatchEvent(EventManager.java:234)
	at org.eclipse.osgi.framework.eventmgr.EventManager$EventThread.run(EventManager.java:345)

TID: [-1234] [2021-05-19 13:05:29,779] ERROR {org.apache.synapse.deployers.AbstractSynapseArtifactDeployer} - Deployment of the Synapse Artifact from file : /home/akila/Work/tutorials/WSO2-ESB/ESB/wso2ei-6.6.0/wso2/tmp/carbonapps/-1234/1621409729756DS_AssignmentCompositeExporter_1.0.0.car/news_1.0.0/news-1.0.0.xml : Failed! org.apache.synapse.deployers.SynapseArtifactDeploymentException: API deployment from the file : /home/akila/Work/tutorials/WSO2-ESB/ESB/wso2ei-6.6.0/wso2/tmp/carbonapps/-1234/1621409729756DS_AssignmentCompositeExporter_1.0.0.car/news_1.0.0/news-1.0.0.xml : Failed.
	at org.apache.synapse.deployers.AbstractSynapseArtifactDeployer.handleSynapseArtifactDeploymentError(AbstractSynapseArtifactDeployer.java:483)
	at org.apache.synapse.deployers.APIDeployer.deploySynapseArtifact(APIDeployer.java:71)
	at org.wso2.carbon.rest.api.ApiDeployer.deploySynapseArtifact(ApiDeployer.java:34)
	at org.apache.synapse.deployers.AbstractSynapseArtifactDeployer.deploy(AbstractSynapseArtifactDeployer.java:200)
	at org.wso2.carbon.application.deployer.synapse.SynapseAppDeployer.deployArtifactType(SynapseAppDeployer.java:1099)
	at org.wso2.carbon.application.deployer.synapse.SynapseAppDeployer.deployArtifacts(SynapseAppDeployer.java:114)
	at org.wso2.carbon.application.deployer.internal.ApplicationManager.deployCarbonApp(ApplicationManager.java:272)
	at org.wso2.carbon.application.deployer.CappAxis2Deployer.deploy(CappAxis2Deployer.java:72)
	at org.apache.axis2.deployment.repository.util.DeploymentFileData.deploy(DeploymentFileData.java:136)
	at org.apache.axis2.deployment.DeploymentEngine.doDeploy(DeploymentEngine.java:807)
	at org.apache.axis2.deployment.repository.util.WSInfoList.update(WSInfoList.java:144)
	at org.apache.axis2.deployment.RepositoryListener.update(RepositoryListener.java:377)
	at org.apache.axis2.deployment.RepositoryListener.checkServices(RepositoryListener.java:254)
	at org.apache.axis2.deployment.DeploymentEngine.loadServices(DeploymentEngine.java:135)
	at org.wso2.carbon.core.CarbonAxisConfigurator.deployServices(CarbonAxisConfigurator.java:568)
	at org.wso2.carbon.core.internal.DeploymentServerStartupObserver.completingServerStartup(DeploymentServerStartupObserver.java:51)
	at org.wso2.carbon.core.internal.CarbonCoreServiceComponent.notifyBefore(CarbonCoreServiceComponent.java:258)
	at org.wso2.carbon.core.internal.StartupFinalizerServiceComponent.completeInitialization(StartupFinalizerServiceComponent.java:166)
	at org.wso2.carbon.core.internal.StartupFinalizerServiceComponent.serviceChanged(StartupFinalizerServiceComponent.java:323)
	at org.eclipse.osgi.internal.serviceregistry.FilteredServiceListener.serviceChanged(FilteredServiceListener.java:113)
	at org.eclipse.osgi.internal.framework.BundleContextImpl.dispatchEvent(BundleContextImpl.java:985)
	at org.eclipse.osgi.framework.eventmgr.EventManager.dispatchEvent(EventManager.java:234)
	at org.eclipse.osgi.framework.eventmgr.ListenerQueue.dispatchEventSynchronous(ListenerQueue.java:151)
	at org.eclipse.osgi.internal.serviceregistry.ServiceRegistry.publishServiceEventPrivileged(ServiceRegistry.java:866)
	at org.eclipse.osgi.internal.serviceregistry.ServiceRegistry.publishServiceEvent(ServiceRegistry.java:804)
	at org.eclipse.osgi.internal.serviceregistry.ServiceRegistrationImpl.register(ServiceRegistrationImpl.java:130)
	at org.eclipse.osgi.internal.serviceregistry.ServiceRegistry.registerService(ServiceRegistry.java:228)
	at org.eclipse.osgi.internal.framework.BundleContextImpl.registerService(BundleContextImpl.java:525)
	at org.eclipse.osgi.internal.framework.BundleContextImpl.registerService(BundleContextImpl.java:544)
	at org.wso2.carbon.throttling.agent.internal.ThrottlingAgentServiceComponent.registerThrottlingAgent(ThrottlingAgentServiceComponent.java:118)
	at org.wso2.carbon.throttling.agent.internal.ThrottlingAgentServiceComponent.activate(ThrottlingAgentServiceComponent.java:96)
	at java.base/jdk.internal.reflect.NativeMethodAccessorImpl.invoke0(Native Method)
	at java.base/jdk.internal.reflect.NativeMethodAccessorImpl.invoke(NativeMethodAccessorImpl.java:62)
	at java.base/jdk.internal.reflect.DelegatingMethodAccessorImpl.invoke(DelegatingMethodAccessorImpl.java:43)
	at java.base/java.lang.reflect.Method.invoke(Method.java:566)
	at org.eclipse.equinox.internal.ds.model.ServiceComponent.activate(ServiceComponent.java:260)
	at org.eclipse.equinox.internal.ds.model.ServiceComponentProp.activate(ServiceComponentProp.java:146)
	at org.eclipse.equinox.internal.ds.model.ServiceComponentProp.build(ServiceComponentProp.java:345)
	at org.eclipse.equinox.internal.ds.InstanceProcess.buildComponent(InstanceProcess.java:620)
	at org.eclipse.equinox.internal.ds.InstanceProcess.buildComponents(InstanceProcess.java:197)
	at org.eclipse.equinox.internal.ds.Resolver.getEligible(Resolver.java:343)
	at org.eclipse.equinox.internal.ds.SCRManager.serviceChanged(SCRManager.java:222)
	at org.eclipse.osgi.internal.serviceregistry.FilteredServiceListener.serviceChanged(FilteredServiceListener.java:113)
	at org.eclipse.osgi.internal.framework.BundleContextImpl.dispatchEvent(BundleContextImpl.java:985)
	at org.eclipse.osgi.framework.eventmgr.EventManager.dispatchEvent(EventManager.java:234)
	at org.eclipse.osgi.framework.eventmgr.ListenerQueue.dispatchEventSynchronous(ListenerQueue.java:151)
	at org.eclipse.osgi.internal.serviceregistry.ServiceRegistry.publishServiceEventPrivileged(ServiceRegistry.java:866)
	at org.eclipse.osgi.internal.serviceregistry.ServiceRegistry.publishServiceEvent(ServiceRegistry.java:804)
	at org.eclipse.osgi.internal.serviceregistry.ServiceRegistrationImpl.register(ServiceRegistrationImpl.java:130)
	at org.eclipse.osgi.internal.serviceregistry.ServiceRegistry.registerService(ServiceRegistry.java:228)
	at org.eclipse.osgi.internal.framework.BundleContextImpl.registerService(BundleContextImpl.java:525)
	at org.eclipse.osgi.internal.framework.BundleContextImpl.registerService(BundleContextImpl.java:544)
	at org.wso2.carbon.core.init.CarbonServerManager.initializeCarbon(CarbonServerManager.java:529)
	at org.wso2.carbon.core.init.CarbonServerManager.removePendingItem(CarbonServerManager.java:305)
	at org.wso2.carbon.core.init.PreAxis2ConfigItemListener.bundleChanged(PreAxis2ConfigItemListener.java:118)
	at org.eclipse.osgi.internal.framework.BundleContextImpl.dispatchEvent(BundleContextImpl.java:973)
	at org.eclipse.osgi.framework.eventmgr.EventManager.dispatchEvent(EventManager.java:234)
	at org.eclipse.osgi.framework.eventmgr.EventManager$EventThread.run(EventManager.java:345)
Caused by: org.apache.synapse.SynapseException: URL context: /news is already registered with the API: test2
	at org.apache.synapse.config.SynapseConfiguration.handleException(SynapseConfiguration.java:1667)
	at org.apache.synapse.config.SynapseConfiguration.addAPI(SynapseConfiguration.java:421)
	at org.apache.synapse.config.SynapseConfiguration.addAPI(SynapseConfiguration.java:414)
	at org.apache.synapse.deployers.APIDeployer.deploySynapseArtifact(APIDeployer.java:59)
	... 56 more

TID: [-1234] [2021-05-19 13:05:29,837] ERROR {org.apache.synapse.deployers.AbstractSynapseArtifactDeployer} - Deployment of synapse artifact failed. Error reading /home/akila/Work/tutorials/WSO2-ESB/ESB/wso2ei-6.6.0/wso2/tmp/carbonapps/-1234/1621409729756DS_AssignmentCompositeExporter_1.0.0.car/news_1.0.0/news-1.0.0.xml : API deployment from the file : /home/akila/Work/tutorials/WSO2-ESB/ESB/wso2ei-6.6.0/wso2/tmp/carbonapps/-1234/1621409729756DS_AssignmentCompositeExporter_1.0.0.car/news_1.0.0/news-1.0.0.xml : Failed. org.apache.axis2.deployment.DeploymentException: API deployment from the file : /home/akila/Work/tutorials/WSO2-ESB/ESB/wso2ei-6.6.0/wso2/tmp/carbonapps/-1234/1621409729756DS_AssignmentCompositeExporter_1.0.0.car/news_1.0.0/news-1.0.0.xml : Failed.
	at org.apache.synapse.deployers.AbstractSynapseArtifactDeployer.deploy(AbstractSynapseArtifactDeployer.java:210)
	at org.wso2.carbon.application.deployer.synapse.SynapseAppDeployer.deployArtifactType(SynapseAppDeployer.java:1099)
	at org.wso2.carbon.application.deployer.synapse.SynapseAppDeployer.deployArtifacts(SynapseAppDeployer.java:114)
	at org.wso2.carbon.application.deployer.internal.ApplicationManager.deployCarbonApp(ApplicationManager.java:272)
	at org.wso2.carbon.application.deployer.CappAxis2Deployer.deploy(CappAxis2Deployer.java:72)
	at org.apache.axis2.deployment.repository.util.DeploymentFileData.deploy(DeploymentFileData.java:136)
	at org.apache.axis2.deployment.DeploymentEngine.doDeploy(DeploymentEngine.java:807)
	at org.apache.axis2.deployment.repository.util.WSInfoList.update(WSInfoList.java:144)
	at org.apache.axis2.deployment.RepositoryListener.update(RepositoryListener.java:377)
	at org.apache.axis2.deployment.RepositoryListener.checkServices(RepositoryListener.java:254)
	at org.apache.axis2.deployment.DeploymentEngine.loadServices(DeploymentEngine.java:135)
	at org.wso2.carbon.core.CarbonAxisConfigurator.deployServices(CarbonAxisConfigurator.java:568)
	at org.wso2.carbon.core.internal.DeploymentServerStartupObserver.completingServerStartup(DeploymentServerStartupObserver.java:51)
	at org.wso2.carbon.core.internal.CarbonCoreServiceComponent.notifyBefore(CarbonCoreServiceComponent.java:258)
	at org.wso2.carbon.core.internal.StartupFinalizerServiceComponent.completeInitialization(StartupFinalizerServiceComponent.java:166)
	at org.wso2.carbon.core.internal.StartupFinalizerServiceComponent.serviceChanged(StartupFinalizerServiceComponent.java:323)
	at org.eclipse.osgi.internal.serviceregistry.FilteredServiceListener.serviceChanged(FilteredServiceListener.java:113)
	at org.eclipse.osgi.internal.framework.BundleContextImpl.dispatchEvent(BundleContextImpl.java:985)
	at org.eclipse.osgi.framework.eventmgr.EventManager.dispatchEvent(EventManager.java:234)
	at org.eclipse.osgi.framework.eventmgr.ListenerQueue.dispatchEventSynchronous(ListenerQueue.java:151)
	at org.eclipse.osgi.internal.serviceregistry.ServiceRegistry.publishServiceEventPrivileged(ServiceRegistry.java:866)
	at org.eclipse.osgi.internal.serviceregistry.ServiceRegistry.publishServiceEvent(ServiceRegistry.java:804)
	at org.eclipse.osgi.internal.serviceregistry.ServiceRegistrationImpl.register(ServiceRegistrationImpl.java:130)
	at org.eclipse.osgi.internal.serviceregistry.ServiceRegistry.registerService(ServiceRegistry.java:228)
	at org.eclipse.osgi.internal.framework.BundleContextImpl.registerService(BundleContextImpl.java:525)
	at org.eclipse.osgi.internal.framework.BundleContextImpl.registerService(BundleContextImpl.java:544)
	at org.wso2.carbon.throttling.agent.internal.ThrottlingAgentServiceComponent.registerThrottlingAgent(ThrottlingAgentServiceComponent.java:118)
	at org.wso2.carbon.throttling.agent.internal.ThrottlingAgentServiceComponent.activate(ThrottlingAgentServiceComponent.java:96)
	at java.base/jdk.internal.reflect.NativeMethodAccessorImpl.invoke0(Native Method)
	at java.base/jdk.internal.reflect.NativeMethodAccessorImpl.invoke(NativeMethodAccessorImpl.java:62)
	at java.base/jdk.internal.reflect.DelegatingMethodAccessorImpl.invoke(DelegatingMethodAccessorImpl.java:43)
	at java.base/java.lang.reflect.Method.invoke(Method.java:566)
	at org.eclipse.equinox.internal.ds.model.ServiceComponent.activate(ServiceComponent.java:260)
	at org.eclipse.equinox.internal.ds.model.ServiceComponentProp.activate(ServiceComponentProp.java:146)
	at org.eclipse.equinox.internal.ds.model.ServiceComponentProp.build(ServiceComponentProp.java:345)
	at org.eclipse.equinox.internal.ds.InstanceProcess.buildComponent(InstanceProcess.java:620)
	at org.eclipse.equinox.internal.ds.InstanceProcess.buildComponents(InstanceProcess.java:197)
	at org.eclipse.equinox.internal.ds.Resolver.getEligible(Resolver.java:343)
	at org.eclipse.equinox.internal.ds.SCRManager.serviceChanged(SCRManager.java:222)
	at org.eclipse.osgi.internal.serviceregistry.FilteredServiceListener.serviceChanged(FilteredServiceListener.java:113)
	at org.eclipse.osgi.internal.framework.BundleContextImpl.dispatchEvent(BundleContextImpl.java:985)
	at org.eclipse.osgi.framework.eventmgr.EventManager.dispatchEvent(EventManager.java:234)
	at org.eclipse.osgi.framework.eventmgr.ListenerQueue.dispatchEventSynchronous(ListenerQueue.java:151)
	at org.eclipse.osgi.internal.serviceregistry.ServiceRegistry.publishServiceEventPrivileged(ServiceRegistry.java:866)
	at org.eclipse.osgi.internal.serviceregistry.ServiceRegistry.publishServiceEvent(ServiceRegistry.java:804)
	at org.eclipse.osgi.internal.serviceregistry.ServiceRegistrationImpl.register(ServiceRegistrationImpl.java:130)
	at org.eclipse.osgi.internal.serviceregistry.ServiceRegistry.registerService(ServiceRegistry.java:228)
	at org.eclipse.osgi.internal.framework.BundleContextImpl.registerService(BundleContextImpl.java:525)
	at org.eclipse.osgi.internal.framework.BundleContextImpl.registerService(BundleContextImpl.java:544)
	at org.wso2.carbon.core.init.CarbonServerManager.initializeCarbon(CarbonServerManager.java:529)
	at org.wso2.carbon.core.init.CarbonServerManager.removePendingItem(CarbonServerManager.java:305)
	at org.wso2.carbon.core.init.PreAxis2ConfigItemListener.bundleChanged(PreAxis2ConfigItemListener.java:118)
	at org.eclipse.osgi.internal.framework.BundleContextImpl.dispatchEvent(BundleContextImpl.java:973)
	at org.eclipse.osgi.framework.eventmgr.EventManager.dispatchEvent(EventManager.java:234)
	at org.eclipse.osgi.framework.eventmgr.EventManager$EventThread.run(EventManager.java:345)
Caused by: org.apache.synapse.deployers.SynapseArtifactDeploymentException: API deployment from the file : /home/akila/Work/tutorials/WSO2-ESB/ESB/wso2ei-6.6.0/wso2/tmp/carbonapps/-1234/1621409729756DS_AssignmentCompositeExporter_1.0.0.car/news_1.0.0/news-1.0.0.xml : Failed.
	at org.apache.synapse.deployers.AbstractSynapseArtifactDeployer.handleSynapseArtifactDeploymentError(AbstractSynapseArtifactDeployer.java:483)
	at org.apache.synapse.deployers.APIDeployer.deploySynapseArtifact(APIDeployer.java:71)
	at org.wso2.carbon.rest.api.ApiDeployer.deploySynapseArtifact(ApiDeployer.java:34)
	at org.apache.synapse.deployers.AbstractSynapseArtifactDeployer.deploy(AbstractSynapseArtifactDeployer.java:200)
	... 54 more
Caused by: org.apache.synapse.SynapseException: URL context: /news is already registered with the API: test2
	at org.apache.synapse.config.SynapseConfiguration.handleException(SynapseConfiguration.java:1667)
	at org.apache.synapse.config.SynapseConfiguration.addAPI(SynapseConfiguration.java:421)
	at org.apache.synapse.config.SynapseConfiguration.addAPI(SynapseConfiguration.java:414)
	at org.apache.synapse.deployers.APIDeployer.deploySynapseArtifact(APIDeployer.java:59)
	... 56 more

TID: [-1234] [2021-05-19 13:05:29,843] ERROR {org.wso2.carbon.application.deployer.internal.ApplicationManager} - Error occurred while deploying Carbon Application org.apache.axis2.deployment.DeploymentException: API deployment from the file : /home/akila/Work/tutorials/WSO2-ESB/ESB/wso2ei-6.6.0/wso2/tmp/carbonapps/-1234/1621409729756DS_AssignmentCompositeExporter_1.0.0.car/news_1.0.0/news-1.0.0.xml : Failed.
	at org.apache.synapse.deployers.AbstractSynapseArtifactDeployer.deploy(AbstractSynapseArtifactDeployer.java:222)
	at org.wso2.carbon.application.deployer.synapse.SynapseAppDeployer.deployArtifactType(SynapseAppDeployer.java:1099)
	at org.wso2.carbon.application.deployer.synapse.SynapseAppDeployer.deployArtifacts(SynapseAppDeployer.java:114)
	at org.wso2.carbon.application.deployer.internal.ApplicationManager.deployCarbonApp(ApplicationManager.java:272)
	at org.wso2.carbon.application.deployer.CappAxis2Deployer.deploy(CappAxis2Deployer.java:72)
	at org.apache.axis2.deployment.repository.util.DeploymentFileData.deploy(DeploymentFileData.java:136)
	at org.apache.axis2.deployment.DeploymentEngine.doDeploy(DeploymentEngine.java:807)
	at org.apache.axis2.deployment.repository.util.WSInfoList.update(WSInfoList.java:144)
	at org.apache.axis2.deployment.RepositoryListener.update(RepositoryListener.java:377)
	at org.apache.axis2.deployment.RepositoryListener.checkServices(RepositoryListener.java:254)
	at org.apache.axis2.deployment.DeploymentEngine.loadServices(DeploymentEngine.java:135)
	at org.wso2.carbon.core.CarbonAxisConfigurator.deployServices(CarbonAxisConfigurator.java:568)
	at org.wso2.carbon.core.internal.DeploymentServerStartupObserver.completingServerStartup(DeploymentServerStartupObserver.java:51)
	at org.wso2.carbon.core.internal.CarbonCoreServiceComponent.notifyBefore(CarbonCoreServiceComponent.java:258)
	at org.wso2.carbon.core.internal.StartupFinalizerServiceComponent.completeInitialization(StartupFinalizerServiceComponent.java:166)
	at org.wso2.carbon.core.internal.StartupFinalizerServiceComponent.serviceChanged(StartupFinalizerServiceComponent.java:323)
	at org.eclipse.osgi.internal.serviceregistry.FilteredServiceListener.serviceChanged(FilteredServiceListener.java:113)
	at org.eclipse.osgi.internal.framework.BundleContextImpl.dispatchEvent(BundleContextImpl.java:985)
	at org.eclipse.osgi.framework.eventmgr.EventManager.dispatchEvent(EventManager.java:234)
	at org.eclipse.osgi.framework.eventmgr.ListenerQueue.dispatchEventSynchronous(ListenerQueue.java:151)
	at org.eclipse.osgi.internal.serviceregistry.ServiceRegistry.publishServiceEventPrivileged(ServiceRegistry.java:866)
	at org.eclipse.osgi.internal.serviceregistry.ServiceRegistry.publishServiceEvent(ServiceRegistry.java:804)
	at org.eclipse.osgi.internal.serviceregistry.ServiceRegistrationImpl.register(ServiceRegistrationImpl.java:130)
	at org.eclipse.osgi.internal.serviceregistry.ServiceRegistry.registerService(ServiceRegistry.java:228)
	at org.eclipse.osgi.internal.framework.BundleContextImpl.registerService(BundleContextImpl.java:525)
	at org.eclipse.osgi.internal.framework.BundleContextImpl.registerService(BundleContextImpl.java:544)
	at org.wso2.carbon.throttling.agent.internal.ThrottlingAgentServiceComponent.registerThrottlingAgent(ThrottlingAgentServiceComponent.java:118)
	at org.wso2.carbon.throttling.agent.internal.ThrottlingAgentServiceComponent.activate(ThrottlingAgentServiceComponent.java:96)
	at java.base/jdk.internal.reflect.NativeMethodAccessorImpl.invoke0(Native Method)
	at java.base/jdk.internal.reflect.NativeMethodAccessorImpl.invoke(NativeMethodAccessorImpl.java:62)
	at java.base/jdk.internal.reflect.DelegatingMethodAccessorImpl.invoke(DelegatingMethodAccessorImpl.java:43)
	at java.base/java.lang.reflect.Method.invoke(Method.java:566)
	at org.eclipse.equinox.internal.ds.model.ServiceComponent.activate(ServiceComponent.java:260)
	at org.eclipse.equinox.internal.ds.model.ServiceComponentProp.activate(ServiceComponentProp.java:146)
	at org.eclipse.equinox.internal.ds.model.ServiceComponentProp.build(ServiceComponentProp.java:345)
	at org.eclipse.equinox.internal.ds.InstanceProcess.buildComponent(InstanceProcess.java:620)
	at org.eclipse.equinox.internal.ds.InstanceProcess.buildComponents(InstanceProcess.java:197)
	at org.eclipse.equinox.internal.ds.Resolver.getEligible(Resolver.java:343)
	at org.eclipse.equinox.internal.ds.SCRManager.serviceChanged(SCRManager.java:222)
	at org.eclipse.osgi.internal.serviceregistry.FilteredServiceListener.serviceChanged(FilteredServiceListener.java:113)
	at org.eclipse.osgi.internal.framework.BundleContextImpl.dispatchEvent(BundleContextImpl.java:985)
	at org.eclipse.osgi.framework.eventmgr.EventManager.dispatchEvent(EventManager.java:234)
	at org.eclipse.osgi.framework.eventmgr.ListenerQueue.dispatchEventSynchronous(ListenerQueue.java:151)
	at org.eclipse.osgi.internal.serviceregistry.ServiceRegistry.publishServiceEventPrivileged(ServiceRegistry.java:866)
	at org.eclipse.osgi.internal.serviceregistry.ServiceRegistry.publishServiceEvent(ServiceRegistry.java:804)
	at org.eclipse.osgi.internal.serviceregistry.ServiceRegistrationImpl.register(ServiceRegistrationImpl.java:130)
	at org.eclipse.osgi.internal.serviceregistry.ServiceRegistry.registerService(ServiceRegistry.java:228)
	at org.eclipse.osgi.internal.framework.BundleContextImpl.registerService(BundleContextImpl.java:525)
	at org.eclipse.osgi.internal.framework.BundleContextImpl.registerService(BundleContextImpl.java:544)
	at org.wso2.carbon.core.init.CarbonServerManager.initializeCarbon(CarbonServerManager.java:529)
	at org.wso2.carbon.core.init.CarbonServerManager.removePendingItem(CarbonServerManager.java:305)
	at org.wso2.carbon.core.init.PreAxis2ConfigItemListener.bundleChanged(PreAxis2ConfigItemListener.java:118)
	at org.eclipse.osgi.internal.framework.BundleContextImpl.dispatchEvent(BundleContextImpl.java:973)
	at org.eclipse.osgi.framework.eventmgr.EventManager.dispatchEvent(EventManager.java:234)
	at org.eclipse.osgi.framework.eventmgr.EventManager$EventThread.run(EventManager.java:345)
Caused by: org.apache.axis2.deployment.DeploymentException: API deployment from the file : /home/akila/Work/tutorials/WSO2-ESB/ESB/wso2ei-6.6.0/wso2/tmp/carbonapps/-1234/1621409729756DS_AssignmentCompositeExporter_1.0.0.car/news_1.0.0/news-1.0.0.xml : Failed.
	at org.apache.synapse.deployers.AbstractSynapseArtifactDeployer.deploy(AbstractSynapseArtifactDeployer.java:210)
	... 54 more
Caused by: org.apache.synapse.deployers.SynapseArtifactDeploymentException: API deployment from the file : /home/akila/Work/tutorials/WSO2-ESB/ESB/wso2ei-6.6.0/wso2/tmp/carbonapps/-1234/1621409729756DS_AssignmentCompositeExporter_1.0.0.car/news_1.0.0/news-1.0.0.xml : Failed.
	at org.apache.synapse.deployers.AbstractSynapseArtifactDeployer.handleSynapseArtifactDeploymentError(AbstractSynapseArtifactDeployer.java:483)
	at org.apache.synapse.deployers.APIDeployer.deploySynapseArtifact(APIDeployer.java:71)
	at org.wso2.carbon.rest.api.ApiDeployer.deploySynapseArtifact(ApiDeployer.java:34)
	at org.apache.synapse.deployers.AbstractSynapseArtifactDeployer.deploy(AbstractSynapseArtifactDeployer.java:200)
	... 54 more
Caused by: org.apache.synapse.SynapseException: URL context: /news is already registered with the API: test2
	at org.apache.synapse.config.SynapseConfiguration.handleException(SynapseConfiguration.java:1667)
	at org.apache.synapse.config.SynapseConfiguration.addAPI(SynapseConfiguration.java:421)
	at org.apache.synapse.config.SynapseConfiguration.addAPI(SynapseConfiguration.java:414)
	at org.apache.synapse.deployers.APIDeployer.deploySynapseArtifact(APIDeployer.java:59)
	... 56 more

TID: [-1234] [2021-05-19 13:05:30,059]  WARN {org.apache.tomcat.util.net.SSLUtilBase} - jsseUtil.trustedCertNotValid
TID: [-1234] [2021-05-19 13:05:30,060]  WARN {org.apache.tomcat.util.net.SSLUtilBase} - jsseUtil.trustedCertNotValid
TID: [-1234] [2021-05-19 13:05:30,061]  WARN {org.apache.tomcat.util.net.SSLUtilBase} - jsseUtil.trustedCertNotValid
TID: [-1234] [2021-05-19 13:05:30,062]  WARN {org.apache.tomcat.util.net.SSLUtilBase} - jsseUtil.trustedCertNotValid
TID: [-1234] [2021-05-19 13:05:30,062]  WARN {org.apache.tomcat.util.net.SSLUtilBase} - jsseUtil.trustedCertNotValid
TID: [-1234] [2021-05-19 13:05:30,063]  WARN {org.apache.tomcat.util.net.SSLUtilBase} - jsseUtil.trustedCertNotValid
TID: [-1234] [2021-05-19 13:05:30,064]  WARN {org.apache.tomcat.util.net.SSLUtilBase} - jsseUtil.trustedCertNotValid
TID: [-1234] [2021-05-19 13:05:30,064]  WARN {org.apache.tomcat.util.net.SSLUtilBase} - jsseUtil.trustedCertNotValid
TID: [-1234] [2021-05-19 13:05:30,065]  WARN {org.apache.tomcat.util.net.SSLUtilBase} - jsseUtil.trustedCertNotValid
